This is XeTeX, Version 3.14159265-2.6-0.99999 (MiKTeX 2.9.6730) (preloaded format=xelatex 2019.1.15)  27 APR 2019 22:58
entering extended mode
**./OperationalFrameworks.tex
(OperationalFrameworks.tex
LaTeX2e <2018-04-01> patch level 5
(DissertateUSU.cls
Document Class: DissertateUSU 2017/07/01 v1.0 DissertateUSU Class
("C:\Users\User\AppData\Local\Programs\MiKTeX 2.9\tex\latex\base\book.cls"
Document Class: book 2014/09/29 v1.4h Standard LaTeX document class
("C:\Users\User\AppData\Local\Programs\MiKTeX 2.9\tex\latex\base\bk12.clo"
File: bk12.clo 2014/09/29 v1.4h Standard LaTeX file (size option)
)
\c@part=\count80
\c@chapter=\count81
\c@section=\count82
\c@subsection=\count83
\c@subsubsection=\count84
\c@paragraph=\count85
\c@subparagraph=\count86
\c@figure=\count87
\c@table=\count88
\abovecaptionskip=\skip41
\belowcaptionskip=\skip42
\bibindent=\dimen102
) ("C:\Users\User\AppData\Local\Programs\MiKTeX 2.9\tex\latex\caption\caption.s
ty"
Package: caption 2018/10/06 v3.3-154 Customizing captions (AR)

("C:\Users\User\AppData\Local\Programs\MiKTeX 2.9\tex\latex\caption\caption3.st
y"
Package: caption3 2018/09/12 v1.8c caption3 kernel (AR)
Package caption3 Info: TeX engine: e-TeX on input line 64.
("C:\Users\User\AppData\Local\Programs\MiKTeX 2.9\tex\latex\graphics\keyval.sty
"
Package: keyval 2014/10/28 v1.15 key=value parser (DPC)
\KV@toks@=\toks14
)
\captionmargin=\dimen103
\captionmargin@=\dimen104
\captionwidth=\dimen105
\caption@tempdima=\dimen106
\caption@indent=\dimen107
\caption@parindent=\dimen108
\caption@hangindent=\dimen109
)
\c@caption@flags=\count89
\c@ContinuedFloat=\count90
)
("C:\Users\User\AppData\Local\Programs\MiKTeX 2.9\tex\latex\caption\subcaption.
sty"
Package: subcaption 2018/05/01 v1.1-162 Sub-captions (AR)
\c@subfigure=\count91
\c@subtable=\count92
)
("C:\Users\User\AppData\Local\Programs\MiKTeX 2.9\tex\latex\etoolbox\etoolbox.s
ty"
Package: etoolbox 2018/02/11 v2.5e e-TeX tools for LaTeX (JAW)
\etb@tempcnta=\count93
)
("C:\Users\User\AppData\Local\Programs\MiKTeX 2.9\tex\latex\setspace\setspace.s
ty"
Package: setspace 2011/12/19 v6.7a set line spacing
)
\c@definition=\count94
\c@theorem=\count95
("C:\Users\User\AppData\Local\Programs\MiKTeX 2.9\tex\latex\ms\ragged2e.sty"
Package: ragged2e 2009/05/21 v2.1 ragged2e Package (MS)
("C:\Users\User\AppData\Local\Programs\MiKTeX 2.9\tex\latex\ms\everysel.sty"
Package: everysel 2011/10/28 v1.2 EverySelectfont Package (MS)
)
\CenteringLeftskip=\skip43
\RaggedLeftLeftskip=\skip44
\RaggedRightLeftskip=\skip45
\CenteringRightskip=\skip46
\RaggedLeftRightskip=\skip47
\RaggedRightRightskip=\skip48
\CenteringParfillskip=\skip49
\RaggedLeftParfillskip=\skip50
\RaggedRightParfillskip=\skip51
\JustifyingParfillskip=\skip52
\CenteringParindent=\skip53
\RaggedLeftParindent=\skip54
\RaggedRightParindent=\skip55
\JustifyingParindent=\skip56
)
("C:\Users\User\AppData\Local\Programs\MiKTeX 2.9\tex\latex\graphics\graphicx.s
ty"
Package: graphicx 2017/06/01 v1.1a Enhanced LaTeX Graphics (DPC,SPQR)

("C:\Users\User\AppData\Local\Programs\MiKTeX 2.9\tex\latex\graphics\graphics.s
ty"
Package: graphics 2017/06/25 v1.2c Standard LaTeX Graphics (DPC,SPQR)
("C:\Users\User\AppData\Local\Programs\MiKTeX 2.9\tex\latex\graphics\trig.sty"
Package: trig 2016/01/03 v1.10 sin cos tan (DPC)
)
("C:\Users\User\AppData\Local\Programs\MiKTeX 2.9\tex\latex\graphics-cfg\graphi
cs.cfg"
File: graphics.cfg 2016/06/04 v1.11 sample graphics configuration
)
Package graphics Info: Driver file: xetex.def on input line 99.

("C:\Users\User\AppData\Local\Programs\MiKTeX 2.9\tex\latex\graphics-def\xetex.
def"
File: xetex.def 2017/06/24 v5.0h Graphics/color driver for xetex
))
\Gin@req@height=\dimen110
\Gin@req@width=\dimen111
) ("C:\Users\User\AppData\Local\Programs\MiKTeX 2.9\tex\latex\base\fixltx2e.sty
"
Package: fixltx2e 2016/12/29 v2.1a fixes to LaTeX (obsolete)
Applying: [2015/01/01] Old fixltx2e package on input line 46.

Package fixltx2e Warning: fixltx2e is not required with releases after 2015
(fixltx2e)                All fixes are now in the LaTeX kernel.
(fixltx2e)                See the latexrelease package for details.

Already applied: [0000/00/00] Old fixltx2e package on input line 53.
) ("C:\Users\User\AppData\Local\Programs\MiKTeX 2.9\tex\latex\parskip\parskip.s
ty"
Package: parskip 2018-08-24 v2.0a non-zero parskip adjustments

("C:\Users\User\AppData\Local\Programs\MiKTeX 2.9\tex\latex\oberdiek\kvoptions.
sty"
Package: kvoptions 2016/05/16 v3.12 Key value format for package options (HO)

("C:\Users\User\AppData\Local\Programs\MiKTeX 2.9\tex\generic\oberdiek\ltxcmds.
sty"
Package: ltxcmds 2016/05/16 v1.23 LaTeX kernel commands for general use (HO)
)
("C:\Users\User\AppData\Local\Programs\MiKTeX 2.9\tex\generic\oberdiek\kvsetkey
s.sty"
Package: kvsetkeys 2016/05/16 v1.17 Key value parser (HO)

("C:\Users\User\AppData\Local\Programs\MiKTeX 2.9\tex\generic\oberdiek\infwarer
r.sty"
Package: infwarerr 2016/05/16 v1.4 Providing info/warning/error messages (HO)
)
("C:\Users\User\AppData\Local\Programs\MiKTeX 2.9\tex\generic\oberdiek\etexcmds
.sty"
Package: etexcmds 2016/05/16 v1.6 Avoid name clashes with e-TeX commands (HO)

("C:\Users\User\AppData\Local\Programs\MiKTeX 2.9\tex\generic\oberdiek\ifluatex
.sty"
Package: ifluatex 2016/05/16 v1.4 Provides the ifluatex switch (HO)
Package ifluatex Info: LuaTeX not detected.
)
Package etexcmds Info: Could not find \expanded.
(etexcmds)             That can mean that you are not using pdfTeX 1.50 or
(etexcmds)             that some package has redefined \expanded.
(etexcmds)             In the latter case, load this package earlier.
))))
("C:\Users\User\AppData\Local\Programs\MiKTeX 2.9\tex\latex\lettrine\lettrine.s
ty"
File: lettrine.sty 2018-08-28 v2.21 (Daniel Flipo)
("C:\Users\User\AppData\Local\Programs\MiKTeX 2.9\tex\generic\minifp\minifp.sty
"
Package: minifp 2013/12/30 v0.96. Macros for real number operations and a stack
-based programing language.
\MFP@loopctr=\count96
)
\c@DefaultLines=\count97
\c@DefaultDepth=\count98
\DefaultFindent=\dimen112
\DefaultNindent=\dimen113
\DefaultSlope=\dimen114
\DiscardVskip=\dimen115
\L@lbox=\box26
\L@tbox=\box27
\c@L@lines=\count99
\c@L@depth=\count100
\L@Pindent=\dimen116
\L@Findent=\dimen117
\L@Nindent=\dimen118
\L@lraise=\dimen119
\L@first=\dimen120
\L@next=\dimen121
\L@slope=\dimen122
\L@height=\dimen123
\L@novskip=\dimen124
\L@target@ht=\dimen125
\L@target@dp=\dimen126
\L@target@tht=\dimen127
\LettrineWidth=\dimen128
\LettrineHeight=\dimen129
\LettrineDepth=\dimen130
Loading lettrine.cfg

("C:\Users\User\AppData\Local\Programs\MiKTeX 2.9\tex\latex\lettrine\lettrine.c
fg")) ("C:\Users\User\AppData\Local\Programs\MiKTeX 2.9\tex\latex\tools\verbati
m.sty"
Package: verbatim 2014/10/28 v1.5q LaTeX2e package for verbatim enhancements
\every@verbatim=\toks15
\verbatim@line=\toks16
\verbatim@in@stream=\read1
)
("C:\Users\User\AppData\Local\Programs\MiKTeX 2.9\tex\latex\tools\indentfirst.s
ty"
Package: indentfirst 1995/11/23 v1.03 Indent first paragraph (DPC)
) ("C:\Users\User\AppData\Local\Programs\MiKTeX 2.9\tex\latex\graphics\color.st
y"
Package: color 2016/07/10 v1.1e Standard LaTeX Color (DPC)

("C:\Users\User\AppData\Local\Programs\MiKTeX 2.9\tex\latex\graphics-cfg\color.
cfg"
File: color.cfg 2016/01/02 v1.6 sample color configuration
)
Package color Info: Driver file: xetex.def on input line 147.
) ("C:\Users\User\AppData\Local\Programs\MiKTeX 2.9\tex\latex\xcolor\xcolor.sty
"
Package: xcolor 2016/05/11 v2.12 LaTeX color extensions (UK)

("C:\Users\User\AppData\Local\Programs\MiKTeX 2.9\tex\latex\graphics-cfg\color.
cfg"
File: color.cfg 2016/01/02 v1.6 sample color configuration
)
Package xcolor Info: Driver file: xetex.def on input line 225.
LaTeX Info: Redefining \color on input line 709.
Package xcolor Info: Model `cmy' substituted by `cmy0' on input line 1348.
Package xcolor Info: Model `RGB' extended on input line 1364.
Package xcolor Info: Model `HTML' substituted by `rgb' on input line 1366.
Package xcolor Info: Model `Hsb' substituted by `hsb' on input line 1367.
Package xcolor Info: Model `tHsb' substituted by `hsb' on input line 1368.
Package xcolor Info: Model `HSB' substituted by `hsb' on input line 1369.
Package xcolor Info: Model `Gray' substituted by `gray' on input line 1370.
Package xcolor Info: Model `wave' substituted by `hsb' on input line 1371.
)
("C:\Users\User\AppData\Local\Programs\MiKTeX 2.9\tex\latex\hyperref\hyperref.s
ty"
Package: hyperref 2018/02/06 v6.86b Hypertext links for LaTeX

("C:\Users\User\AppData\Local\Programs\MiKTeX 2.9\tex\generic\oberdiek\hobsub-h
yperref.sty"
Package: hobsub-hyperref 2016/05/16 v1.14 Bundle oberdiek, subset hyperref (HO)


("C:\Users\User\AppData\Local\Programs\MiKTeX 2.9\tex\generic\oberdiek\hobsub-g
eneric.sty"
Package: hobsub-generic 2016/05/16 v1.14 Bundle oberdiek, subset generic (HO)
Package: hobsub 2016/05/16 v1.14 Construct package bundles (HO)
Package hobsub Info: Skipping package `infwarerr' (already loaded).
Package hobsub Info: Skipping package `ltxcmds' (already loaded).
Package hobsub Info: Skipping package `ifluatex' (already loaded).
Package: ifvtex 2016/05/16 v1.6 Detect VTeX and its facilities (HO)
Package ifvtex Info: VTeX not detected.
Package: intcalc 2016/05/16 v1.2 Expandable calculations with integers (HO)
Package: ifpdf 2017/03/15 v3.2 Provides the ifpdf switch
Package hobsub Info: Skipping package `etexcmds' (already loaded).
Package hobsub Info: Skipping package `kvsetkeys' (already loaded).
Package: kvdefinekeys 2016/05/16 v1.4 Define keys (HO)
Package: pdftexcmds 2018/01/30 v0.27 Utility functions of pdfTeX for LuaTeX (HO
)
Package pdftexcmds Info: LuaTeX not detected.
Package pdftexcmds Info: pdfTeX >= 1.30 not detected.
Package pdftexcmds Info: \pdf@primitive is available.
Package pdftexcmds Info: \pdf@ifprimitive is available.
Package pdftexcmds Info: \pdfdraftmode not found.
Package: pdfescape 2016/05/16 v1.14 Implements pdfTeX's escape features (HO)
Package: bigintcalc 2016/05/16 v1.4 Expandable calculations on big integers (HO
)
Package: bitset 2016/05/16 v1.2 Handle bit-vector datatype (HO)
Package: uniquecounter 2016/05/16 v1.3 Provide unlimited unique counter (HO)
)
Package hobsub Info: Skipping package `hobsub' (already loaded).
Package: letltxmacro 2016/05/16 v1.5 Let assignment for LaTeX macros (HO)
Package: hopatch 2016/05/16 v1.3 Wrapper for package hooks (HO)
Package: xcolor-patch 2016/05/16 xcolor patch
Package: atveryend 2016/05/16 v1.9 Hooks at the very end of document (HO)
Package: atbegshi 2016/06/09 v1.18 At begin shipout hook (HO)
Package: refcount 2016/05/16 v3.5 Data extraction from label references (HO)
Package: hycolor 2016/05/16 v1.8 Color options for hyperref/bookmark (HO)
)
("C:\Users\User\AppData\Local\Programs\MiKTeX 2.9\tex\generic\ifxetex\ifxetex.s
ty"
Package: ifxetex 2010/09/12 v0.6 Provides ifxetex conditional
)
("C:\Users\User\AppData\Local\Programs\MiKTeX 2.9\tex\latex\oberdiek\auxhook.st
y"
Package: auxhook 2016/05/16 v1.4 Hooks for auxiliary files (HO)
)
\@linkdim=\dimen131
\Hy@linkcounter=\count101
\Hy@pagecounter=\count102
("C:\Users\User\AppData\Local\Programs\MiKTeX 2.9\tex\latex\hyperref\pd1enc.def
"
File: pd1enc.def 2018/02/06 v6.86b Hyperref: PDFDocEncoding definition (HO)
)
\Hy@SavedSpaceFactor=\count103

("C:\Users\User\AppData\Local\Programs\MiKTeX 2.9\tex\latex\00miktex\hyperref.c
fg"
File: hyperref.cfg 2002/06/06 v1.2 hyperref configuration of TeXLive
)
Package hyperref Info: Hyper figures OFF on input line 4509.
Package hyperref Info: Link nesting OFF on input line 4514.
Package hyperref Info: Hyper index ON on input line 4517.
Package hyperref Info: Plain pages OFF on input line 4524.
Package hyperref Info: Backreferencing OFF on input line 4529.
Package hyperref Info: Implicit mode ON; LaTeX internals redefined.
Package hyperref Info: Bookmarks ON on input line 4762.
\c@Hy@tempcnt=\count104
("C:\Users\User\AppData\Local\Programs\MiKTeX 2.9\tex\latex\url\url.sty"
\Urlmuskip=\muskip10
Package: url 2013/09/16  ver 3.4  Verb mode for urls, etc.
)
LaTeX Info: Redefining \url on input line 5115.
\XeTeXLinkMargin=\dimen132
\Fld@menulength=\count105
\Field@Width=\dimen133
\Fld@charsize=\dimen134
Package hyperref Info: Hyper figures OFF on input line 6369.
Package hyperref Info: Link nesting OFF on input line 6374.
Package hyperref Info: Hyper index ON on input line 6377.
Package hyperref Info: backreferencing OFF on input line 6384.
Package hyperref Info: Link coloring OFF on input line 6389.
Package hyperref Info: Link coloring with OCG OFF on input line 6394.
Package hyperref Info: PDF/A mode OFF on input line 6399.
LaTeX Info: Redefining \ref on input line 6439.
LaTeX Info: Redefining \pageref on input line 6443.
\Hy@abspage=\count106
\c@Item=\count107
\c@Hfootnote=\count108
)
Package hyperref Info: Driver (autodetected): hxetex.
("C:\Users\User\AppData\Local\Programs\MiKTeX 2.9\tex\latex\hyperref\hxetex.def
"
File: hxetex.def 2018/02/06 v6.86b Hyperref driver for XeTeX
("C:\Users\User\AppData\Local\Programs\MiKTeX 2.9\tex\latex\hyperref\puenc.def"
File: puenc.def 2018/02/06 v6.86b Hyperref: PDF Unicode definition (HO)
)
("C:\Users\User\AppData\Local\Programs\MiKTeX 2.9\tex\generic\oberdiek\stringen
c.sty"
Package: stringenc 2016/05/16 v1.11 Convert strings between diff. encodings (HO
)
)
\pdfm@box=\box28
\c@Hy@AnnotLevel=\count109
\HyField@AnnotCount=\count110
\Fld@listcount=\count111
\c@bookmark@seq@number=\count112

("C:\Users\User\AppData\Local\Programs\MiKTeX 2.9\tex\latex\oberdiek\rerunfilec
heck.sty"
Package: rerunfilecheck 2016/05/16 v1.8 Rerun checks for auxiliary files (HO)
Package uniquecounter Info: New unique counter `rerunfilecheck' on input line 2
82.
)
\Hy@SectionHShift=\skip57
)
("C:\Users\User\AppData\Local\Programs\MiKTeX 2.9\tex\latex\amsfonts\amssymb.st
y"
Package: amssymb 2013/01/14 v3.01 AMS font symbols

("C:\Users\User\AppData\Local\Programs\MiKTeX 2.9\tex\latex\amsfonts\amsfonts.s
ty"
Package: amsfonts 2013/01/14 v3.01 Basic AMSFonts support
\@emptytoks=\toks17
\symAMSa=\mathgroup4
\symAMSb=\mathgroup5
LaTeX Font Info:    Overwriting math alphabet `\mathfrak' in version `bold'
(Font)                  U/euf/m/n --> U/euf/b/n on input line 106.
))
("C:\Users\User\AppData\Local\Programs\MiKTeX 2.9\tex\xelatex\mathspec\mathspec
.sty"
Package: mathspec 2016/12/22 v0.2b LaTeX Package (Mathematics font selection fo
r XeLaTeX)
("C:\Users\User\AppData\Local\Programs\MiKTeX 2.9\tex\latex\amsmath\amstext.sty
"
Package: amstext 2000/06/29 v2.01 AMS text
("C:\Users\User\AppData\Local\Programs\MiKTeX 2.9\tex\latex\amsmath\amsgen.sty"
File: amsgen.sty 1999/11/30 v2.0 generic functions
\@emptytoks=\toks18
\ex@=\dimen135
))
("C:\Users\User\AppData\Local\Programs\MiKTeX 2.9\tex\latex\fontspec\fontspec.s
ty"
("C:\Users\User\AppData\Local\Programs\MiKTeX 2.9\tex\latex\l3packages\xparse\x
parse.sty" ("C:\Users\User\AppData\Local\Programs\MiKTeX 2.9\tex\latex\l3kernel
\expl3.sty"
Package: expl3 2019-01-01 L3 programming layer (loader) 

("C:\Users\User\AppData\Local\Programs\MiKTeX 2.9\tex\latex\l3kernel\expl3-code
.tex"
Package: expl3 2019-01-01 L3 programming layer (code)
\c_max_int=\count113
\l_tmpa_int=\count114
\l_tmpb_int=\count115
\g_tmpa_int=\count116
\g_tmpb_int=\count117
\g__kernel_prg_map_int=\count118
\c_log_iow=\count119
\l_iow_line_count_int=\count120
\l__iow_line_target_int=\count121
\l__iow_one_indent_int=\count122
\l__iow_indent_int=\count123
\c_zero_dim=\dimen136
\c_max_dim=\dimen137
\l_tmpa_dim=\dimen138
\l_tmpb_dim=\dimen139
\g_tmpa_dim=\dimen140
\g_tmpb_dim=\dimen141
\c_zero_skip=\skip58
\c_max_skip=\skip59
\l_tmpa_skip=\skip60
\l_tmpb_skip=\skip61
\g_tmpa_skip=\skip62
\g_tmpb_skip=\skip63
\c_zero_muskip=\muskip11
\c_max_muskip=\muskip12
\l_tmpa_muskip=\muskip13
\l_tmpb_muskip=\muskip14
\g_tmpa_muskip=\muskip15
\g_tmpb_muskip=\muskip16
\l_keys_choice_int=\count124
\l__intarray_loop_int=\count125
\c__intarray_sp_dim=\dimen142
\g__intarray_font_int=\count126
\c__fp_leading_shift_int=\count127
\c__fp_middle_shift_int=\count128
\c__fp_trailing_shift_int=\count129
\c__fp_big_leading_shift_int=\count130
\c__fp_big_middle_shift_int=\count131
\c__fp_big_trailing_shift_int=\count132
\c__fp_Bigg_leading_shift_int=\count133
\c__fp_Bigg_middle_shift_int=\count134
\c__fp_Bigg_trailing_shift_int=\count135
\g__fp_array_int=\count136
\l__fp_array_loop_int=\count137
\l__sort_length_int=\count138
\l__sort_min_int=\count139
\l__sort_top_int=\count140
\l__sort_max_int=\count141
\l__sort_true_max_int=\count142
\l__sort_block_int=\count143
\l__sort_begin_int=\count144
\l__sort_end_int=\count145
\l__sort_A_int=\count146
\l__sort_B_int=\count147
\l__sort_C_int=\count148
\l__tl_analysis_normal_int=\count149
\l__tl_analysis_index_int=\count150
\l__tl_analysis_nesting_int=\count151
\l__tl_analysis_type_int=\count152
\l__regex_internal_a_int=\count153
\l__regex_internal_b_int=\count154
\l__regex_internal_c_int=\count155
\l__regex_balance_int=\count156
\l__regex_group_level_int=\count157
\l__regex_mode_int=\count158
\c__regex_cs_in_class_mode_int=\count159
\c__regex_cs_mode_int=\count160
\l__regex_catcodes_int=\count161
\l__regex_default_catcodes_int=\count162
\c__regex_catcode_L_int=\count163
\c__regex_catcode_O_int=\count164
\c__regex_catcode_A_int=\count165
\c__regex_all_catcodes_int=\count166
\l__regex_show_lines_int=\count167
\l__regex_min_state_int=\count168
\l__regex_max_state_int=\count169
\l__regex_left_state_int=\count170
\l__regex_right_state_int=\count171
\l__regex_capturing_group_int=\count172
\l__regex_min_pos_int=\count173
\l__regex_max_pos_int=\count174
\l__regex_curr_pos_int=\count175
\l__regex_start_pos_int=\count176
\l__regex_success_pos_int=\count177
\l__regex_curr_char_int=\count178
\l__regex_curr_catcode_int=\count179
\l__regex_last_char_int=\count180
\l__regex_case_changed_char_int=\count181
\l__regex_curr_state_int=\count182
\l__regex_step_int=\count183
\l__regex_min_active_int=\count184
\l__regex_max_active_int=\count185
\l__regex_replacement_csnames_int=\count186
\l__regex_match_count_int=\count187
\l__regex_min_submatch_int=\count188
\l__regex_submatch_int=\count189
\l__regex_zeroth_submatch_int=\count190
\g__regex_trace_regex_int=\count191
\c_empty_box=\box29
\l_tmpa_box=\box30
\l_tmpb_box=\box31
\g_tmpa_box=\box32
\g_tmpb_box=\box33
\l__box_top_dim=\dimen143
\l__box_bottom_dim=\dimen144
\l__box_left_dim=\dimen145
\l__box_right_dim=\dimen146
\l__box_top_new_dim=\dimen147
\l__box_bottom_new_dim=\dimen148
\l__box_left_new_dim=\dimen149
\l__box_right_new_dim=\dimen150
\l__box_internal_box=\box34
\l__coffin_internal_box=\box35
\l__coffin_internal_dim=\dimen151
\l__coffin_offset_x_dim=\dimen152
\l__coffin_offset_y_dim=\dimen153
\l__coffin_x_dim=\dimen154
\l__coffin_y_dim=\dimen155
\l__coffin_x_prime_dim=\dimen156
\l__coffin_y_prime_dim=\dimen157
\c_empty_coffin=\box36
\l__coffin_aligned_coffin=\box37
\l__coffin_aligned_internal_coffin=\box38
\l_tmpa_coffin=\box39
\l_tmpb_coffin=\box40
\l__coffin_display_coffin=\box41
\l__coffin_display_coord_coffin=\box42
\l__coffin_display_pole_coffin=\box43
\l__coffin_display_offset_dim=\dimen158
\l__coffin_display_x_dim=\dimen159
\l__coffin_display_y_dim=\dimen160
\g__file_internal_ior=\read2
\l__coffin_bounding_shift_dim=\dimen161
\l__coffin_left_corner_dim=\dimen162
\l__coffin_right_corner_dim=\dimen163
\l__coffin_bottom_corner_dim=\dimen164
\l__coffin_top_corner_dim=\dimen165
\l__coffin_scaled_total_height_dim=\dimen166
\l__coffin_scaled_width_dim=\dimen167
)
("C:\Users\User\AppData\Local\Programs\MiKTeX 2.9\tex\latex\l3kernel\l3xdvipdfm
x.def"
File: l3xdvidpfmx.def 2019-01-01 v L3 Experimental driver: xdvipdfmx
\g__driver_image_int=\count192
\g__driver_pdf_object_int=\count193
))
Package: xparse 2018-10-17 L3 Experimental document command parser
\l__xparse_current_arg_int=\count194
\g__xparse_grabber_int=\count195
\l__xparse_m_args_int=\count196
\l__xparse_mandatory_args_int=\count197
\l__xparse_v_nesting_int=\count198
)
Package: fontspec 2017/11/09 v2.6g Font selection for XeLaTeX and LuaLaTeX

("C:\Users\User\AppData\Local\Programs\MiKTeX 2.9\tex\latex\fontspec\fontspec-x
etex.sty"
Package: fontspec-xetex 2017/11/09 v2.6g Font selection for XeLaTeX and LuaLaTe
X
\l__fontspec_script_int=\count199
\l__fontspec_language_int=\count266
\l__fontspec_strnum_int=\count267
\l__fontspec_tmp_int=\count268
\l__fontspec_em_int=\count269
\l__fontspec_emdef_int=\count270
\l__fontspec_strong_int=\count271
\l__fontspec_strongdef_int=\count272
\l__fontspec_tmpa_dim=\dimen168
\l__fontspec_tmpb_dim=\dimen169
\l__fontspec_tmpc_dim=\dimen170
("C:\Users\User\AppData\Local\Programs\MiKTeX 2.9\tex\latex\base\fontenc.sty"
Package: fontenc 2017/04/05 v2.0i Standard LaTeX package
("C:\Users\User\AppData\Local\Programs\MiKTeX 2.9\tex\latex\base\tuenc.def"
File: tuenc.def 2017/04/05 v2.0i Standard LaTeX file
LaTeX Font Info:    Redeclaring font encoding TU on input line 82.
))
("C:\Users\User\AppData\Local\Programs\MiKTeX 2.9\tex\latex\fontspec\fontspec.c
fg")
LaTeX Info: Redefining \itshape on input line 3891.
LaTeX Info: Redefining \slshape on input line 3896.
LaTeX Info: Redefining \scshape on input line 3901.
LaTeX Info: Redefining \upshape on input line 3906.
LaTeX Info: Redefining \em on input line 3936.
LaTeX Info: Redefining \emph on input line 3961.
LaTeX Info: Redefining \- on input line 4015.
)) ("C:\Users\User\AppData\Local\Programs\MiKTeX 2.9\tex\latex\xkeyval\xkeyval.
sty"
Package: xkeyval 2014/12/03 v2.7a package option processing (HA)

("C:\Users\User\AppData\Local\Programs\MiKTeX 2.9\tex\generic\xkeyval\xkeyval.t
ex"
("C:\Users\User\AppData\Local\Programs\MiKTeX 2.9\tex\generic\xkeyval\xkvutils.
tex"
\XKV@toks=\toks19
\XKV@tempa@toks=\toks20
)
\XKV@depth=\count273
File: xkeyval.tex 2014/12/03 v2.7a key=value parser (HA)
))
\c@eu@=\count274
\c@eu@i=\count275
\c@mkern=\count276
)
Package caption Info: We need package `newfloat' on input line 67.

("C:\Users\User\AppData\Local\Programs\MiKTeX 2.9\tex\latex\caption\newfloat.st
y"
Package: newfloat 2018/03/04 v1.1a Defining new floating environments (AR)
)
("C:\Users\User\AppData\Local\Programs\MiKTeX 2.9\tex\latex\microtype\microtype
.sty"
Package: microtype 2018/01/14 v2.7a Micro-typographical refinements (RS)
\MT@toks=\toks21
\MT@count=\count277
LaTeX Info: Redefining \textls on input line 793.
\MT@outer@kern=\dimen171
LaTeX Info: Redefining \textmicrotypecontext on input line 1339.
\MT@listname@count=\count278

("C:\Users\User\AppData\Local\Programs\MiKTeX 2.9\tex\latex\microtype\microtype
-xetex.def"
File: microtype-xetex.def 2018/01/14 v2.7a Definitions specific to xetex (RS)
LaTeX Info: Redefining \lsstyle on input line 256.
)
Package microtype Info: Loading configuration file microtype.cfg.

("C:\Users\User\AppData\Local\Programs\MiKTeX 2.9\tex\latex\microtype\microtype
.cfg"
File: microtype.cfg 2018/01/14 v2.7a microtype main configuration file (RS)
))
("C:\Users\User\AppData\Local\Programs\MiKTeX 2.9\tex\latex\placeins\placeins.s
ty"
Package: placeins 2005/04/18  v 2.2
)
("C:\Users\User\AppData\Local\Programs\MiKTeX 2.9\tex\latex\chngcntr\chngcntr.s
ty"
Package: chngcntr 2018/04/09 v1.1a change counter resetting
Package chngcntr Info: \counterwithout already defined.
(chngcntr)             Quitting chngcntr on input line 21.
)
("C:\Users\User\AppData\Local\Programs\MiKTeX 2.9\tex\latex\titlesec\titlesec.s
ty"
Package: titlesec 2016/03/21 v2.10.2 Sectioning titles
\ttl@box=\box44
\beforetitleunit=\skip64
\aftertitleunit=\skip65
\ttl@plus=\dimen172
\ttl@minus=\dimen173
\ttl@toksa=\toks22
\titlewidth=\dimen174
\titlewidthlast=\dimen175
\titlewidthfirst=\dimen176
) ("C:\Users\User\AppData\Local\Programs\MiKTeX 2.9\tex\latex\titling\titling.s
ty"
Package: titling 2009/09/04 v2.1d maketitle typesetting
\thanksmarkwidth=\skip66
\thanksmargin=\skip67
\droptitle=\skip68
)
("C:\Users\User\AppData\Local\Programs\MiKTeX 2.9\tex\latex\lastpage\lastpage.s
ty"
Package: lastpage 2015/03/29 v1.2m Refers to last page's name (HMM; JPG)
)
("C:\Users\User\AppData\Local\Programs\MiKTeX 2.9\tex\latex\fancyhdr\fancyhdr.s
ty"
Package: fancyhdr 2017/06/30 v3.9a Extensive control of page headers and footer
s
\f@nch@headwidth=\skip69
\f@nch@O@elh=\skip70
\f@nch@O@erh=\skip71
\f@nch@O@olh=\skip72
\f@nch@O@orh=\skip73
\f@nch@O@elf=\skip74
\f@nch@O@erf=\skip75
\f@nch@O@olf=\skip76
\f@nch@O@orf=\skip77
) ("C:\Users\User\AppData\Local\Programs\MiKTeX 2.9\tex\latex\tocloft\tocloft.s
ty"
Package: tocloft 2017/08/31 v2.3i parameterised ToC, etc., typesetting
Package tocloft Info: The document has chapter divisions on input line 51.
\cftparskip=\skip78
\cftbeforetoctitleskip=\skip79
\cftaftertoctitleskip=\skip80
\cftbeforepartskip=\skip81
\cftpartnumwidth=\skip82
\cftpartindent=\skip83
\cftbeforechapskip=\skip84
\cftchapindent=\skip85
\cftchapnumwidth=\skip86
\cftbeforesecskip=\skip87
\cftsecindent=\skip88
\cftsecnumwidth=\skip89
\cftbeforesubsecskip=\skip90
\cftsubsecindent=\skip91
\cftsubsecnumwidth=\skip92
\cftbeforesubsubsecskip=\skip93
\cftsubsubsecindent=\skip94
\cftsubsubsecnumwidth=\skip95
\cftbeforeparaskip=\skip96
\cftparaindent=\skip97
\cftparanumwidth=\skip98
\cftbeforesubparaskip=\skip99
\cftsubparaindent=\skip100
\cftsubparanumwidth=\skip101
\cftbeforeloftitleskip=\skip102
\cftafterloftitleskip=\skip103
\cftbeforefigskip=\skip104
\cftfigindent=\skip105
\cftfignumwidth=\skip106
\c@lofdepth=\count279
\c@lotdepth=\count280
\cftbeforelottitleskip=\skip107
\cftafterlottitleskip=\skip108
\cftbeforetabskip=\skip109
\cfttabindent=\skip110
\cfttabnumwidth=\skip111

Package tocloft Warning: \@starttoc has already been redefined; tocloft bailing
 out. on input line 1147.

)
("C:\Users\User\AppData\Local\Programs\MiKTeX 2.9\tex\latex\appendix\appendix.s
ty"
Package: appendix 2009/09/02 v1.2b extra appendix facilities
\c@@pps=\count281
\c@@ppsavesec=\count282
\c@@ppsaveapp=\count283
)
("C:\Users\User\AppData\Local\Programs\MiKTeX 2.9\tex\latex\pgf\frontendlayer\t
ikz.sty"
("C:\Users\User\AppData\Local\Programs\MiKTeX 2.9\tex\latex\pgf\basiclayer\pgf.
sty"
("C:\Users\User\AppData\Local\Programs\MiKTeX 2.9\tex\latex\pgf\utilities\pgfrc
s.sty"
("C:\Users\User\AppData\Local\Programs\MiKTeX 2.9\tex\generic\pgf\utilities\pgf
util-common.tex"
\pgfutil@everybye=\toks23
\pgfutil@tempdima=\dimen177
\pgfutil@tempdimb=\dimen178

("C:\Users\User\AppData\Local\Programs\MiKTeX 2.9\tex\generic\pgf\utilities\pgf
util-common-lists.tex"))
("C:\Users\User\AppData\Local\Programs\MiKTeX 2.9\tex\generic\pgf\utilities\pgf
util-latex.def"
\pgfutil@abb=\box45
("C:\Users\User\AppData\Local\Programs\MiKTeX 2.9\tex\latex\ms\everyshi.sty"
Package: everyshi 2001/05/15 v3.00 EveryShipout Package (MS)
))
("C:\Users\User\AppData\Local\Programs\MiKTeX 2.9\tex\generic\pgf\utilities\pgf
rcs.code.tex"
Package: pgfrcs 2015/08/07 v3.0.1a (rcs-revision 1.31)
))
Package: pgf 2015/08/07 v3.0.1a (rcs-revision 1.15)

("C:\Users\User\AppData\Local\Programs\MiKTeX 2.9\tex\latex\pgf\basiclayer\pgfc
ore.sty"
("C:\Users\User\AppData\Local\Programs\MiKTeX 2.9\tex\latex\pgf\systemlayer\pgf
sys.sty"
("C:\Users\User\AppData\Local\Programs\MiKTeX 2.9\tex\generic\pgf\systemlayer\p
gfsys.code.tex"
Package: pgfsys 2014/07/09 v3.0.1a (rcs-revision 1.48)

("C:\Users\User\AppData\Local\Programs\MiKTeX 2.9\tex\generic\pgf\utilities\pgf
keys.code.tex"
\pgfkeys@pathtoks=\toks24
\pgfkeys@temptoks=\toks25

("C:\Users\User\AppData\Local\Programs\MiKTeX 2.9\tex\generic\pgf\utilities\pgf
keysfiltered.code.tex"
\pgfkeys@tmptoks=\toks26
))
\pgf@x=\dimen179
\pgf@y=\dimen180
\pgf@xa=\dimen181
\pgf@ya=\dimen182
\pgf@xb=\dimen183
\pgf@yb=\dimen184
\pgf@xc=\dimen185
\pgf@yc=\dimen186
\w@pgf@writea=\write3
\r@pgf@reada=\read3
\c@pgf@counta=\count284
\c@pgf@countb=\count285
\c@pgf@countc=\count286
\c@pgf@countd=\count287
\t@pgf@toka=\toks27
\t@pgf@tokb=\toks28
\t@pgf@tokc=\toks29

("C:\Users\User\AppData\Local\Programs\MiKTeX 2.9\tex\generic\pgf\systemlayer\p
gf.cfg"
File: pgf.cfg 2008/05/14  (rcs-revision 1.7)
)
Driver file for pgf: pgfsys-xetex.def

("C:\Users\User\AppData\Local\Programs\MiKTeX 2.9\tex\generic\pgf\systemlayer\p
gfsys-xetex.def"
File: pgfsys-xetex.def 2014/07/09  (rcs-revision 1.11)

("C:\Users\User\AppData\Local\Programs\MiKTeX 2.9\tex\generic\pgf\systemlayer\p
gfsys-dvipdfmx.def"
File: pgfsys-dvipdfmx.def 2014/07/09  (rcs-revision 1.14)

("C:\Users\User\AppData\Local\Programs\MiKTeX 2.9\tex\generic\pgf\systemlayer\p
gfsys-common-pdf.def"
File: pgfsys-common-pdf.def 2013/10/10  (rcs-revision 1.13)
)
\pgfsys@objnum=\count288
)))
("C:\Users\User\AppData\Local\Programs\MiKTeX 2.9\tex\generic\pgf\systemlayer\p
gfsyssoftpath.code.tex"
File: pgfsyssoftpath.code.tex 2013/09/09  (rcs-revision 1.9)
\pgfsyssoftpath@smallbuffer@items=\count289
\pgfsyssoftpath@bigbuffer@items=\count290
)
("C:\Users\User\AppData\Local\Programs\MiKTeX 2.9\tex\generic\pgf\systemlayer\p
gfsysprotocol.code.tex"
File: pgfsysprotocol.code.tex 2006/10/16  (rcs-revision 1.4)
))
("C:\Users\User\AppData\Local\Programs\MiKTeX 2.9\tex\generic\pgf\basiclayer\pg
fcore.code.tex"
Package: pgfcore 2010/04/11 v3.0.1a (rcs-revision 1.7)

("C:\Users\User\AppData\Local\Programs\MiKTeX 2.9\tex\generic\pgf\math\pgfmath.
code.tex"
("C:\Users\User\AppData\Local\Programs\MiKTeX 2.9\tex\generic\pgf\math\pgfmathc
alc.code.tex"
("C:\Users\User\AppData\Local\Programs\MiKTeX 2.9\tex\generic\pgf\math\pgfmathu
til.code.tex")
("C:\Users\User\AppData\Local\Programs\MiKTeX 2.9\tex\generic\pgf\math\pgfmathp
arser.code.tex"
\pgfmath@dimen=\dimen187
\pgfmath@count=\count291
\pgfmath@box=\box46
\pgfmath@toks=\toks30
\pgfmath@stack@operand=\toks31
\pgfmath@stack@operation=\toks32
)
("C:\Users\User\AppData\Local\Programs\MiKTeX 2.9\tex\generic\pgf\math\pgfmathf
unctions.code.tex"
("C:\Users\User\AppData\Local\Programs\MiKTeX 2.9\tex\generic\pgf\math\pgfmathf
unctions.basic.code.tex")
("C:\Users\User\AppData\Local\Programs\MiKTeX 2.9\tex\generic\pgf\math\pgfmathf
unctions.trigonometric.code.tex")
("C:\Users\User\AppData\Local\Programs\MiKTeX 2.9\tex\generic\pgf\math\pgfmathf
unctions.random.code.tex")
("C:\Users\User\AppData\Local\Programs\MiKTeX 2.9\tex\generic\pgf\math\pgfmathf
unctions.comparison.code.tex")
("C:\Users\User\AppData\Local\Programs\MiKTeX 2.9\tex\generic\pgf\math\pgfmathf
unctions.base.code.tex")
("C:\Users\User\AppData\Local\Programs\MiKTeX 2.9\tex\generic\pgf\math\pgfmathf
unctions.round.code.tex")
("C:\Users\User\AppData\Local\Programs\MiKTeX 2.9\tex\generic\pgf\math\pgfmathf
unctions.misc.code.tex")
("C:\Users\User\AppData\Local\Programs\MiKTeX 2.9\tex\generic\pgf\math\pgfmathf
unctions.integerarithmetics.code.tex")))
("C:\Users\User\AppData\Local\Programs\MiKTeX 2.9\tex\generic\pgf\math\pgfmathf
loat.code.tex"
\c@pgfmathroundto@lastzeros=\count292
))
("C:\Users\User\AppData\Local\Programs\MiKTeX 2.9\tex\generic\pgf\basiclayer\pg
fcorepoints.code.tex"
File: pgfcorepoints.code.tex 2013/10/07  (rcs-revision 1.27)
\pgf@picminx=\dimen188
\pgf@picmaxx=\dimen189
\pgf@picminy=\dimen190
\pgf@picmaxy=\dimen191
\pgf@pathminx=\dimen192
\pgf@pathmaxx=\dimen193
\pgf@pathminy=\dimen194
\pgf@pathmaxy=\dimen195
\pgf@xx=\dimen196
\pgf@xy=\dimen197
\pgf@yx=\dimen198
\pgf@yy=\dimen199
\pgf@zx=\dimen256
\pgf@zy=\dimen257
)
("C:\Users\User\AppData\Local\Programs\MiKTeX 2.9\tex\generic\pgf\basiclayer\pg
fcorepathconstruct.code.tex"
File: pgfcorepathconstruct.code.tex 2013/10/07  (rcs-revision 1.29)
\pgf@path@lastx=\dimen258
\pgf@path@lasty=\dimen259
)
("C:\Users\User\AppData\Local\Programs\MiKTeX 2.9\tex\generic\pgf\basiclayer\pg
fcorepathusage.code.tex"
File: pgfcorepathusage.code.tex 2014/11/02  (rcs-revision 1.24)
\pgf@shorten@end@additional=\dimen260
\pgf@shorten@start@additional=\dimen261
)
("C:\Users\User\AppData\Local\Programs\MiKTeX 2.9\tex\generic\pgf\basiclayer\pg
fcorescopes.code.tex"
File: pgfcorescopes.code.tex 2015/05/08  (rcs-revision 1.46)
\pgfpic=\box47
\pgf@hbox=\box48
\pgf@layerbox@main=\box49
\pgf@picture@serial@count=\count293
)
("C:\Users\User\AppData\Local\Programs\MiKTeX 2.9\tex\generic\pgf\basiclayer\pg
fcoregraphicstate.code.tex"
File: pgfcoregraphicstate.code.tex 2014/11/02  (rcs-revision 1.12)
\pgflinewidth=\dimen262
)
("C:\Users\User\AppData\Local\Programs\MiKTeX 2.9\tex\generic\pgf\basiclayer\pg
fcoretransformations.code.tex"
File: pgfcoretransformations.code.tex 2015/08/07  (rcs-revision 1.20)
\pgf@pt@x=\dimen263
\pgf@pt@y=\dimen264
\pgf@pt@temp=\dimen265
)
("C:\Users\User\AppData\Local\Programs\MiKTeX 2.9\tex\generic\pgf\basiclayer\pg
fcorequick.code.tex"
File: pgfcorequick.code.tex 2008/10/09  (rcs-revision 1.3)
)
("C:\Users\User\AppData\Local\Programs\MiKTeX 2.9\tex\generic\pgf\basiclayer\pg
fcoreobjects.code.tex"
File: pgfcoreobjects.code.tex 2006/10/11  (rcs-revision 1.2)
)
("C:\Users\User\AppData\Local\Programs\MiKTeX 2.9\tex\generic\pgf\basiclayer\pg
fcorepathprocessing.code.tex"
File: pgfcorepathprocessing.code.tex 2013/09/09  (rcs-revision 1.9)
)
("C:\Users\User\AppData\Local\Programs\MiKTeX 2.9\tex\generic\pgf\basiclayer\pg
fcorearrows.code.tex"
File: pgfcorearrows.code.tex 2015/05/14  (rcs-revision 1.43)
\pgfarrowsep=\dimen266
)
("C:\Users\User\AppData\Local\Programs\MiKTeX 2.9\tex\generic\pgf\basiclayer\pg
fcoreshade.code.tex"
File: pgfcoreshade.code.tex 2013/07/15  (rcs-revision 1.15)
\pgf@max=\dimen267
\pgf@sys@shading@range@num=\count294
)
("C:\Users\User\AppData\Local\Programs\MiKTeX 2.9\tex\generic\pgf\basiclayer\pg
fcoreimage.code.tex"
File: pgfcoreimage.code.tex 2013/07/15  (rcs-revision 1.18)

("C:\Users\User\AppData\Local\Programs\MiKTeX 2.9\tex\generic\pgf\basiclayer\pg
fcoreexternal.code.tex"
File: pgfcoreexternal.code.tex 2014/07/09  (rcs-revision 1.21)
\pgfexternal@startupbox=\box50
))
("C:\Users\User\AppData\Local\Programs\MiKTeX 2.9\tex\generic\pgf\basiclayer\pg
fcorelayers.code.tex"
File: pgfcorelayers.code.tex 2013/07/18  (rcs-revision 1.7)
)
("C:\Users\User\AppData\Local\Programs\MiKTeX 2.9\tex\generic\pgf\basiclayer\pg
fcoretransparency.code.tex"
File: pgfcoretransparency.code.tex 2013/09/30  (rcs-revision 1.5)
)
("C:\Users\User\AppData\Local\Programs\MiKTeX 2.9\tex\generic\pgf\basiclayer\pg
fcorepatterns.code.tex"
File: pgfcorepatterns.code.tex 2013/11/07  (rcs-revision 1.5)
)))
("C:\Users\User\AppData\Local\Programs\MiKTeX 2.9\tex\generic\pgf\modules\pgfmo
duleshapes.code.tex"
File: pgfmoduleshapes.code.tex 2014/03/21  (rcs-revision 1.35)
\pgfnodeparttextbox=\box51
)
("C:\Users\User\AppData\Local\Programs\MiKTeX 2.9\tex\generic\pgf\modules\pgfmo
duleplot.code.tex"
File: pgfmoduleplot.code.tex 2015/08/03  (rcs-revision 1.13)
)
("C:\Users\User\AppData\Local\Programs\MiKTeX 2.9\tex\latex\pgf\compatibility\p
gfcomp-version-0-65.sty"
Package: pgfcomp-version-0-65 2007/07/03 v3.0.1a (rcs-revision 1.7)
\pgf@nodesepstart=\dimen268
\pgf@nodesepend=\dimen269
)
("C:\Users\User\AppData\Local\Programs\MiKTeX 2.9\tex\latex\pgf\compatibility\p
gfcomp-version-1-18.sty"
Package: pgfcomp-version-1-18 2007/07/23 v3.0.1a (rcs-revision 1.1)
))
("C:\Users\User\AppData\Local\Programs\MiKTeX 2.9\tex\latex\pgf\utilities\pgffo
r.sty"
("C:\Users\User\AppData\Local\Programs\MiKTeX 2.9\tex\latex\pgf\utilities\pgfke
ys.sty"
("C:\Users\User\AppData\Local\Programs\MiKTeX 2.9\tex\generic\pgf\utilities\pgf
keys.code.tex"))
("C:\Users\User\AppData\Local\Programs\MiKTeX 2.9\tex\latex\pgf\math\pgfmath.st
y"
("C:\Users\User\AppData\Local\Programs\MiKTeX 2.9\tex\generic\pgf\math\pgfmath.
code.tex"))
("C:\Users\User\AppData\Local\Programs\MiKTeX 2.9\tex\generic\pgf\utilities\pgf
for.code.tex"
Package: pgffor 2013/12/13 v3.0.1a (rcs-revision 1.25)

("C:\Users\User\AppData\Local\Programs\MiKTeX 2.9\tex\generic\pgf\math\pgfmath.
code.tex")
\pgffor@iter=\dimen270
\pgffor@skip=\dimen271
\pgffor@stack=\toks33
\pgffor@toks=\toks34
))
("C:\Users\User\AppData\Local\Programs\MiKTeX 2.9\tex\generic\pgf\frontendlayer
\tikz\tikz.code.tex"
Package: tikz 2015/08/07 v3.0.1a (rcs-revision 1.151)

("C:\Users\User\AppData\Local\Programs\MiKTeX 2.9\tex\generic\pgf\libraries\pgf
libraryplothandlers.code.tex"
File: pgflibraryplothandlers.code.tex 2013/08/31 v3.0.1a (rcs-revision 1.20)
\pgf@plot@mark@count=\count295
\pgfplotmarksize=\dimen272
)
\tikz@lastx=\dimen273
\tikz@lasty=\dimen274
\tikz@lastxsaved=\dimen275
\tikz@lastysaved=\dimen276
\tikzleveldistance=\dimen277
\tikzsiblingdistance=\dimen278
\tikz@figbox=\box52
\tikz@figbox@bg=\box53
\tikz@tempbox=\box54
\tikz@tempbox@bg=\box55
\tikztreelevel=\count296
\tikznumberofchildren=\count297
\tikznumberofcurrentchild=\count298
\tikz@fig@count=\count299

("C:\Users\User\AppData\Local\Programs\MiKTeX 2.9\tex\generic\pgf\modules\pgfmo
dulematrix.code.tex"
File: pgfmodulematrix.code.tex 2013/09/17  (rcs-revision 1.8)
\pgfmatrixcurrentrow=\count300
\pgfmatrixcurrentcolumn=\count301
\pgf@matrix@numberofcolumns=\count302
)
\tikz@expandcount=\count303

("C:\Users\User\AppData\Local\Programs\MiKTeX 2.9\tex\generic\pgf\frontendlayer
\tikz\libraries\tikzlibrarytopaths.code.tex"
File: tikzlibrarytopaths.code.tex 2008/06/17 v3.0.1a (rcs-revision 1.2)
)))
("C:\Users\User\AppData\Local\Programs\MiKTeX 2.9\tex\generic\pgf\frontendlayer
\tikz\libraries\tikzlibraryarrows.code.tex"
File: tikzlibraryarrows.code.tex 2008/01/09 v3.0.1a (rcs-revision 1.1)

("C:\Users\User\AppData\Local\Programs\MiKTeX 2.9\tex\generic\pgf\libraries\pgf
libraryarrows.code.tex"
File: pgflibraryarrows.code.tex 2013/09/23 v3.0.1a (rcs-revision 1.16)
\arrowsize=\dimen279
))
("C:\Users\User\AppData\Local\Programs\MiKTeX 2.9\tex\generic\pgf\frontendlayer
\tikz\libraries\tikzlibrarypositioning.code.tex"
File: tikzlibrarypositioning.code.tex 2008/10/06 v3.0.1a (rcs-revision 1.7)
)
("C:\Users\User\AppData\Local\Programs\MiKTeX 2.9\tex\latex\pgfplots\pgfplots.s
ty"
("C:\Users\User\AppData\Local\Programs\MiKTeX 2.9\tex\generic\pgfplots\pgfplots
.revision.tex")
Package: pgfplots 2018/03/28 v1.16 Data Visualization (1.16)

("C:\Users\User\AppData\Local\Programs\MiKTeX 2.9\tex\generic\pgfplots\pgfplots
.code.tex"
("C:\Users\User\AppData\Local\Programs\MiKTeX 2.9\tex\generic\pgfplots\pgfplots
core.code.tex"
\t@pgfplots@toka=\toks35
\t@pgfplots@tokb=\toks36
\t@pgfplots@tokc=\toks37
\pgfplots@tmpa=\dimen280
\c@pgfplots@coordindex=\count304
\c@pgfplots@scanlineindex=\count305

("C:\Users\User\AppData\Local\Programs\MiKTeX 2.9\tex\generic\pgfplots\sys\pgfp
lotssysgeneric.code.tex"))
("C:\Users\User\AppData\Local\Programs\MiKTeX 2.9\tex\generic\pgfplots\libs\pgf
plotslibrary.code.tex")
("C:\Users\User\AppData\Local\Programs\MiKTeX 2.9\tex\generic\pgfplots\oldpgfco
mpatib\pgfplotsoldpgfsupp_loader.code.tex"
("C:\Users\User\AppData\Local\Programs\MiKTeX 2.9\tex\generic\pgf\libraries\pgf
libraryfpu.code.tex")
Package pgfplots: loading complementary arithmetics for your pgf version...

("C:\Users\User\AppData\Local\Programs\MiKTeX 2.9\tex\generic\pgfplots\oldpgfco
mpatib\pgfplotsoldpgfsupp_pgflibraryfpu.code.tex")
("C:\Users\User\AppData\Local\Programs\MiKTeX 2.9\tex\generic\pgfplots\oldpgfco
mpatib\pgfplotsoldpgfsupp_pgfmathfloat.code.tex"
\c@pgfmathroundto@lastzeros=\count306
)
("C:\Users\User\AppData\Local\Programs\MiKTeX 2.9\tex\generic\pgfplots\oldpgfco
mpatib\pgfplotsoldpgfsupp_leq.code.tex"))
("C:\Users\User\AppData\Local\Programs\MiKTeX 2.9\tex\generic\pgfplots\util\pgf
plotsutil.code.tex"
("C:\Users\User\AppData\Local\Programs\MiKTeX 2.9\tex\generic\pgfplots\liststru
cture\pgfplotsliststructure.code.tex")
("C:\Users\User\AppData\Local\Programs\MiKTeX 2.9\tex\generic\pgfplots\liststru
cture\pgfplotsliststructureext.code.tex")
("C:\Users\User\AppData\Local\Programs\MiKTeX 2.9\tex\generic\pgfplots\liststru
cture\pgfplotsarray.code.tex"
\c@pgfplotsarray@tmp=\count307
)
("C:\Users\User\AppData\Local\Programs\MiKTeX 2.9\tex\generic\pgfplots\liststru
cture\pgfplotsmatrix.code.tex")
("C:\Users\User\AppData\Local\Programs\MiKTeX 2.9\tex\generic\pgfplots\numtable
\pgfplotstableshared.code.tex"
\c@pgfplotstable@counta=\count308
\t@pgfplotstable@a=\toks38
)
("C:\Users\User\AppData\Local\Programs\MiKTeX 2.9\tex\generic\pgfplots\liststru
cture\pgfplotsdeque.code.tex")
("C:\Users\User\AppData\Local\Programs\MiKTeX 2.9\tex\generic\pgfplots\util\pgf
plotsbinary.code.tex"
("C:\Users\User\AppData\Local\Programs\MiKTeX 2.9\tex\generic\pgfplots\util\pgf
plotsbinary.data.code.tex"))
("C:\Users\User\AppData\Local\Programs\MiKTeX 2.9\tex\generic\pgfplots\util\pgf
plotsutil.verb.code.tex")
("C:\Users\User\AppData\Local\Programs\MiKTeX 2.9\tex\generic\pgfplots\libs\pgf
librarypgfplots.surfshading.code.tex"
\c@pgfplotslibrarysurf@no=\count309

("C:\Users\User\AppData\Local\Programs\MiKTeX 2.9\tex\generic\pgfplots\sys\pgfl
ibrarypgfplots.surfshading.pgfsys-xetex.def"
("C:\Users\User\AppData\Local\Programs\MiKTeX 2.9\tex\generic\pgfplots\sys\pgfl
ibrarypgfplots.surfshading.pgfsys-dvipdfmx.def"
\c@pgfplotslibrarysurf@streamlen=\count310
))))
("C:\Users\User\AppData\Local\Programs\MiKTeX 2.9\tex\generic\pgfplots\util\pgf
plotscolormap.code.tex"
("C:\Users\User\AppData\Local\Programs\MiKTeX 2.9\tex\generic\pgfplots\util\pgf
plotscolor.code.tex"))
("C:\Users\User\AppData\Local\Programs\MiKTeX 2.9\tex\generic\pgfplots\pgfplots
stackedplots.code.tex")
("C:\Users\User\AppData\Local\Programs\MiKTeX 2.9\tex\generic\pgfplots\pgfplots
plothandlers.code.tex"
("C:\Users\User\AppData\Local\Programs\MiKTeX 2.9\tex\generic\pgfplots\pgfplots
meshplothandler.code.tex"
("C:\Users\User\AppData\Local\Programs\MiKTeX 2.9\tex\generic\pgfplots\pgfplots
meshplotimage.code.tex")))
("C:\Users\User\AppData\Local\Programs\MiKTeX 2.9\tex\generic\pgfplots\pgfplots
.scaling.code.tex")
("C:\Users\User\AppData\Local\Programs\MiKTeX 2.9\tex\generic\pgfplots\pgfplots
coordprocessing.code.tex")
("C:\Users\User\AppData\Local\Programs\MiKTeX 2.9\tex\generic\pgfplots\pgfplots
.errorbars.code.tex")
("C:\Users\User\AppData\Local\Programs\MiKTeX 2.9\tex\generic\pgfplots\pgfplots
.markers.code.tex")
("C:\Users\User\AppData\Local\Programs\MiKTeX 2.9\tex\generic\pgfplots\pgfplots
ticks.code.tex")
("C:\Users\User\AppData\Local\Programs\MiKTeX 2.9\tex\generic\pgfplots\pgfplots
.paths.code.tex")
("C:\Users\User\AppData\Local\Programs\MiKTeX 2.9\tex\generic\pgf\frontendlayer
\tikz\libraries\tikzlibrarydecorations.code.tex"
("C:\Users\User\AppData\Local\Programs\MiKTeX 2.9\tex\generic\pgf\modules\pgfmo
duledecorations.code.tex"
\pgfdecoratedcompleteddistance=\dimen281
\pgfdecoratedremainingdistance=\dimen282
\pgfdecoratedinputsegmentcompleteddistance=\dimen283
\pgfdecoratedinputsegmentremainingdistance=\dimen284
\pgf@decorate@distancetomove=\dimen285
\pgf@decorate@repeatstate=\count311
\pgfdecorationsegmentamplitude=\dimen286
\pgfdecorationsegmentlength=\dimen287
)
\tikz@lib@dec@box=\box56
)
("C:\Users\User\AppData\Local\Programs\MiKTeX 2.9\tex\generic\pgf\frontendlayer
\tikz\libraries\tikzlibrarydecorations.pathmorphing.code.tex"
("C:\Users\User\AppData\Local\Programs\MiKTeX 2.9\tex\generic\pgf\libraries\dec
orations\pgflibrarydecorations.pathmorphing.code.tex"))
("C:\Users\User\AppData\Local\Programs\MiKTeX 2.9\tex\generic\pgf\frontendlayer
\tikz\libraries\tikzlibrarydecorations.pathreplacing.code.tex"
("C:\Users\User\AppData\Local\Programs\MiKTeX 2.9\tex\generic\pgf\libraries\dec
orations\pgflibrarydecorations.pathreplacing.code.tex"))
\pgfplots@numplots=\count312
\pgfplots@xmin@reg=\dimen288
\pgfplots@xmax@reg=\dimen289
\pgfplots@ymin@reg=\dimen290
\pgfplots@ymax@reg=\dimen291
\pgfplots@zmin@reg=\dimen292
\pgfplots@zmax@reg=\dimen293
)
("C:\Users\User\AppData\Local\Programs\MiKTeX 2.9\tex\generic\pgf\frontendlayer
\tikz\libraries\tikzlibraryplotmarks.code.tex"
File: tikzlibraryplotmarks.code.tex 2008/01/09 v3.0.1a (rcs-revision 1.1)

("C:\Users\User\AppData\Local\Programs\MiKTeX 2.9\tex\generic\pgf\libraries\pgf
libraryplotmarks.code.tex"
File: pgflibraryplotmarks.code.tex 2015/08/03 v3.0.1a (rcs-revision 1.14)
)))
("C:\Users\User\AppData\Local\Programs\MiKTeX 2.9\tex\latex\graphics\rotating.s
ty"
Package: rotating 2016/08/11 v2.16d rotated objects in LaTeX
("C:\Users\User\AppData\Local\Programs\MiKTeX 2.9\tex\latex\base\ifthen.sty"
Package: ifthen 2014/09/29 v1.1c Standard LaTeX ifthen package (DPC)
)
\c@r@tfl@t=\count313
\rotFPtop=\skip112
\rotFPbot=\skip113
\rot@float@box=\box57
\rot@mess@toks=\toks39
)
("C:\Users\User\AppData\Local\Programs\MiKTeX 2.9\tex\latex\multirow\multirow.s
ty"
Package: multirow 2016/11/25 v2.2 Span multiple rows of a table
\multirow@colwidth=\skip114
\multirow@cntb=\count314
\multirow@dima=\skip115
\bigstrutjot=\dimen294
)
("C:\Users\User\AppData\Local\Programs\MiKTeX 2.9\tex\latex\booktabs\booktabs.s
ty"
Package: booktabs 2005/04/14 v1.61803 publication quality tables
\heavyrulewidth=\dimen295
\lightrulewidth=\dimen296
\cmidrulewidth=\dimen297
\belowrulesep=\dimen298
\belowbottomsep=\dimen299
\aboverulesep=\dimen300
\abovetopsep=\dimen301
\cmidrulesep=\dimen302
\cmidrulekern=\dimen303
\defaultaddspace=\dimen304
\@cmidla=\count315
\@cmidlb=\count316
\@aboverulesep=\dimen305
\@belowrulesep=\dimen306
\@thisruleclass=\count317
\@lastruleclass=\count318
\@thisrulewidth=\dimen307
)
("C:\Users\User\AppData\Local\Programs\MiKTeX 2.9\tex\latex\threeparttable\thre
eparttable.sty"
Package: threeparttable 2003/06/13  v 3.0
\@tempboxb=\box58
) ("C:\Users\User\AppData\Local\Programs\MiKTeX 2.9\tex\latex\tools\array.sty"
Package: array 2018/04/30 v2.4h Tabular extension package (FMi)
\col@sep=\dimen308
\ar@mcellbox=\box59
\extrarowheight=\dimen309
\NC@list=\toks40
\extratabsurround=\skip116
\backup@length=\skip117
\ar@cellbox=\box60
)
("C:\Users\User\AppData\Local\Programs\MiKTeX 2.9\tex\latex\quotchap\quotchap.s
ty"
Package: quotchap 2012/10/20 v1.1 Decorative Chapter Headings with Quotes
\@quotebox=\box61
)
("C:\Users\User\AppData\Local\Programs\MiKTeX 2.9\tex\latex\blindtext\blindtext
.sty"
Package: blindtext 2012/01/06 V2.0 blindtext-Package
("C:\Users\User\AppData\Local\Programs\MiKTeX 2.9\tex\latex\tools\xspace.sty"
Package: xspace 2014/10/28 v1.13 Space after command names (DPC,MH)
)
\c@blindtext=\count319
\c@Blindtext=\count320
\c@blind@countparstart=\count321
\blind@countxx=\count322
\blindtext@numBlindtext=\count323
\blind@countyy=\count324
\c@blindlist=\count325
\c@blindlistlevel=\count326
\c@blindlist@level=\count327
\blind@listitem=\count328
\c@blind@listcount=\count329
\c@blind@levelcount=\count330
\blind@mathformula=\count331
\blind@Mathformula=\count332
\c@blind@randomcount=\count333
\c@blind@randommax=\count334
\c@blind@pangramcount=\count335
\c@blind@pangrammax=\count336
)) ("C:\Users\User\AppData\Local\Programs\MiKTeX 2.9\tex\latex\lm\lmodern.sty"
Package: lmodern 2009/10/30 v1.6 Latin Modern Fonts
LaTeX Font Info:    Overwriting symbol font `operators' in version `normal'
(Font)                  OT1/cmr/m/n --> OT1/lmr/m/n on input line 22.
LaTeX Font Info:    Overwriting symbol font `letters' in version `normal'
(Font)                  OML/cmm/m/it --> OML/lmm/m/it on input line 23.
LaTeX Font Info:    Overwriting symbol font `symbols' in version `normal'
(Font)                  OMS/cmsy/m/n --> OMS/lmsy/m/n on input line 24.
LaTeX Font Info:    Overwriting symbol font `largesymbols' in version `normal'
(Font)                  OMX/cmex/m/n --> OMX/lmex/m/n on input line 25.
LaTeX Font Info:    Overwriting symbol font `operators' in version `bold'
(Font)                  OT1/cmr/bx/n --> OT1/lmr/bx/n on input line 26.
LaTeX Font Info:    Overwriting symbol font `letters' in version `bold'
(Font)                  OML/cmm/b/it --> OML/lmm/b/it on input line 27.
LaTeX Font Info:    Overwriting symbol font `symbols' in version `bold'
(Font)                  OMS/cmsy/b/n --> OMS/lmsy/b/n on input line 28.
LaTeX Font Info:    Overwriting symbol font `largesymbols' in version `bold'
(Font)                  OMX/cmex/m/n --> OMX/lmex/m/n on input line 29.
LaTeX Font Info:    Overwriting math alphabet `\mathbf' in version `normal'
(Font)                  OT1/cmr/bx/n --> OT1/lmr/bx/n on input line 31.
LaTeX Font Info:    Overwriting math alphabet `\mathsf' in version `normal'
(Font)                  OT1/cmss/m/n --> OT1/lmss/m/n on input line 32.
LaTeX Font Info:    Overwriting math alphabet `\mathit' in version `normal'
(Font)                  OT1/cmr/m/it --> OT1/lmr/m/it on input line 33.
LaTeX Font Info:    Overwriting math alphabet `\mathtt' in version `normal'
(Font)                  OT1/cmtt/m/n --> OT1/lmtt/m/n on input line 34.
LaTeX Font Info:    Overwriting math alphabet `\mathbf' in version `bold'
(Font)                  OT1/cmr/bx/n --> OT1/lmr/bx/n on input line 35.
LaTeX Font Info:    Overwriting math alphabet `\mathsf' in version `bold'
(Font)                  OT1/cmss/bx/n --> OT1/lmss/bx/n on input line 36.
LaTeX Font Info:    Overwriting math alphabet `\mathit' in version `bold'
(Font)                  OT1/cmr/bx/it --> OT1/lmr/bx/it on input line 37.
LaTeX Font Info:    Overwriting math alphabet `\mathtt' in version `bold'
(Font)                  OT1/cmtt/m/n --> OT1/lmtt/m/n on input line 38.
) ("C:\Users\User\AppData\Local\Programs\MiKTeX 2.9\tex\latex\amsmath\amsmath.s
ty"
Package: amsmath 2017/09/02 v2.17a AMS math features
\@mathmargin=\skip118
For additional information on amsmath, use the `?' option.
("C:\Users\User\AppData\Local\Programs\MiKTeX 2.9\tex\latex\amsmath\amsbsy.sty"
Package: amsbsy 1999/11/29 v1.2d Bold Symbols
\pmbraise@=\dimen310
) ("C:\Users\User\AppData\Local\Programs\MiKTeX 2.9\tex\latex\amsmath\amsopn.st
y"
Package: amsopn 2016/03/08 v2.02 operator names
)
\inf@bad=\count337
LaTeX Info: Redefining \frac on input line 213.
\uproot@=\count338
\leftroot@=\count339
LaTeX Font Info:    Redeclaring math symbol \varTheta on input line 373.
LaTeX Info: Redefining \overline on input line 375.
\classnum@=\count340
\DOTSCASE@=\count341
LaTeX Info: Redefining \ldots on input line 472.
LaTeX Info: Redefining \dots on input line 475.
LaTeX Info: Redefining \cdots on input line 596.
\Mathstrutbox@=\box62
\strutbox@=\box63
\big@size=\dimen311
LaTeX Font Info:    Redeclaring font encoding OML on input line 712.
LaTeX Font Info:    Redeclaring font encoding OMS on input line 713.
\macc@depth=\count342
\c@MaxMatrixCols=\count343
\dotsspace@=\muskip17
\c@parentequation=\count344
\dspbrk@lvl=\count345
\tag@help=\toks41
\row@=\count346
\column@=\count347
\maxfields@=\count348
\andhelp@=\toks42
\eqnshift@=\dimen312
\alignsep@=\dimen313
\tagshift@=\dimen314
\tagwidth@=\dimen315
\totwidth@=\dimen316
\lineht@=\dimen317
\@envbody=\toks43
\multlinegap=\skip119
\multlinetaggap=\skip120
\mathdisplay@stack=\toks44
LaTeX Info: Redefining \[ on input line 2817.
LaTeX Info: Redefining \] on input line 2818.
) ("C:\Users\User\AppData\Local\Programs\MiKTeX 2.9\tex\latex\upquote\upquote.s
ty"
Package: upquote 2012/04/19 v1.3 upright-quote and grave-accent glyphs in verba
tim
("C:\Users\User\AppData\Local\Programs\MiKTeX 2.9\tex\latex\base\textcomp.sty"
Package: textcomp 2017/04/05 v2.0i Standard LaTeX package
Package textcomp Info: Sub-encoding information:
(textcomp)               5 = only ISO-Adobe without \textcurrency
(textcomp)               4 = 5 + \texteuro
(textcomp)               3 = 4 + \textohm
(textcomp)               2 = 3 + \textestimated + \textcurrency
(textcomp)               1 = TS1 - \textcircled - \t
(textcomp)               0 = TS1 (full)
(textcomp)             Font families with sub-encoding setting implement
(textcomp)             only a restricted character set as indicated.
(textcomp)             Family '?' is the default used for unknown fonts.
(textcomp)             See the documentation for details.
Package textcomp Info: Setting ? sub-encoding to TS1/1 on input line 79.
("C:\Users\User\AppData\Local\Programs\MiKTeX 2.9\tex\latex\base\ts1enc.def"
File: ts1enc.def 2001/06/05 v3.0e (jk/car/fm) Standard LaTeX file
)
LaTeX Info: Redefining \oldstylenums on input line 334.
Package textcomp Info: Setting cmr sub-encoding to TS1/0 on input line 349.
Package textcomp Info: Setting cmss sub-encoding to TS1/0 on input line 350.
Package textcomp Info: Setting cmtt sub-encoding to TS1/0 on input line 351.
Package textcomp Info: Setting cmvtt sub-encoding to TS1/0 on input line 352.
Package textcomp Info: Setting cmbr sub-encoding to TS1/0 on input line 353.
Package textcomp Info: Setting cmtl sub-encoding to TS1/0 on input line 354.
Package textcomp Info: Setting ccr sub-encoding to TS1/0 on input line 355.
Package textcomp Info: Setting ptm sub-encoding to TS1/4 on input line 356.
Package textcomp Info: Setting pcr sub-encoding to TS1/4 on input line 357.
Package textcomp Info: Setting phv sub-encoding to TS1/4 on input line 358.
Package textcomp Info: Setting ppl sub-encoding to TS1/3 on input line 359.
Package textcomp Info: Setting pag sub-encoding to TS1/4 on input line 360.
Package textcomp Info: Setting pbk sub-encoding to TS1/4 on input line 361.
Package textcomp Info: Setting pnc sub-encoding to TS1/4 on input line 362.
Package textcomp Info: Setting pzc sub-encoding to TS1/4 on input line 363.
Package textcomp Info: Setting bch sub-encoding to TS1/4 on input line 364.
Package textcomp Info: Setting put sub-encoding to TS1/5 on input line 365.
Package textcomp Info: Setting uag sub-encoding to TS1/5 on input line 366.
Package textcomp Info: Setting ugq sub-encoding to TS1/5 on input line 367.
Package textcomp Info: Setting ul8 sub-encoding to TS1/4 on input line 368.
Package textcomp Info: Setting ul9 sub-encoding to TS1/4 on input line 369.
Package textcomp Info: Setting augie sub-encoding to TS1/5 on input line 370.
Package textcomp Info: Setting dayrom sub-encoding to TS1/3 on input line 371.
Package textcomp Info: Setting dayroms sub-encoding to TS1/3 on input line 372.

Package textcomp Info: Setting pxr sub-encoding to TS1/0 on input line 373.
Package textcomp Info: Setting pxss sub-encoding to TS1/0 on input line 374.
Package textcomp Info: Setting pxtt sub-encoding to TS1/0 on input line 375.
Package textcomp Info: Setting txr sub-encoding to TS1/0 on input line 376.
Package textcomp Info: Setting txss sub-encoding to TS1/0 on input line 377.
Package textcomp Info: Setting txtt sub-encoding to TS1/0 on input line 378.
Package textcomp Info: Setting lmr sub-encoding to TS1/0 on input line 379.
Package textcomp Info: Setting lmdh sub-encoding to TS1/0 on input line 380.
Package textcomp Info: Setting lmss sub-encoding to TS1/0 on input line 381.
Package textcomp Info: Setting lmssq sub-encoding to TS1/0 on input line 382.
Package textcomp Info: Setting lmvtt sub-encoding to TS1/0 on input line 383.
Package textcomp Info: Setting lmtt sub-encoding to TS1/0 on input line 384.
Package textcomp Info: Setting qhv sub-encoding to TS1/0 on input line 385.
Package textcomp Info: Setting qag sub-encoding to TS1/0 on input line 386.
Package textcomp Info: Setting qbk sub-encoding to TS1/0 on input line 387.
Package textcomp Info: Setting qcr sub-encoding to TS1/0 on input line 388.
Package textcomp Info: Setting qcs sub-encoding to TS1/0 on input line 389.
Package textcomp Info: Setting qpl sub-encoding to TS1/0 on input line 390.
Package textcomp Info: Setting qtm sub-encoding to TS1/0 on input line 391.
Package textcomp Info: Setting qzc sub-encoding to TS1/0 on input line 392.
Package textcomp Info: Setting qhvc sub-encoding to TS1/0 on input line 393.
Package textcomp Info: Setting futs sub-encoding to TS1/4 on input line 394.
Package textcomp Info: Setting futx sub-encoding to TS1/4 on input line 395.
Package textcomp Info: Setting futj sub-encoding to TS1/4 on input line 396.
Package textcomp Info: Setting hlh sub-encoding to TS1/3 on input line 397.
Package textcomp Info: Setting hls sub-encoding to TS1/3 on input line 398.
Package textcomp Info: Setting hlst sub-encoding to TS1/3 on input line 399.
Package textcomp Info: Setting hlct sub-encoding to TS1/5 on input line 400.
Package textcomp Info: Setting hlx sub-encoding to TS1/5 on input line 401.
Package textcomp Info: Setting hlce sub-encoding to TS1/5 on input line 402.
Package textcomp Info: Setting hlcn sub-encoding to TS1/5 on input line 403.
Package textcomp Info: Setting hlcw sub-encoding to TS1/5 on input line 404.
Package textcomp Info: Setting hlcf sub-encoding to TS1/5 on input line 405.
Package textcomp Info: Setting pplx sub-encoding to TS1/3 on input line 406.
Package textcomp Info: Setting pplj sub-encoding to TS1/3 on input line 407.
Package textcomp Info: Setting ptmx sub-encoding to TS1/4 on input line 408.
Package textcomp Info: Setting ptmj sub-encoding to TS1/4 on input line 409.
))
("C:\Users\User\AppData\Local\Programs\MiKTeX 2.9\tex\latex\geometry\geometry.s
ty"
Package: geometry 2018/04/16 v5.8 Page Geometry
\Gm@cnth=\count349
\Gm@cntv=\count350
\c@Gm@tempcnt=\count351
\Gm@bindingoffset=\dimen318
\Gm@wd@mp=\dimen319
\Gm@odd@mp=\dimen320
\Gm@even@mp=\dimen321
\Gm@layoutwidth=\dimen322
\Gm@layoutheight=\dimen323
\Gm@layouthoffset=\dimen324
\Gm@layoutvoffset=\dimen325
\Gm@dimlist=\toks45

("C:\Users\User\AppData\Local\Programs\MiKTeX 2.9\tex\xelatex\xetexconfig\geome
try.cfg"))
Package hyperref Info: Option `unicode' set `true' on input line 30.

("C:\Users\User\AppData\Local\Programs\MiKTeX 2.9\tex\generic\oberdiek\se-ascii
-print.def"
File: se-ascii-print.def 2016/05/16 v1.11 stringenc: Printable ASCII characters

)
Package hyperref Info: Option `breaklinks' set `true' on input line 30.

("C:\Users\User\AppData\Local\Programs\MiKTeX 2.9\tex\latex\fancyvrb\fancyvrb.s
ty"
Package: fancyvrb 2018/11/20
Style option: `fancyvrb' v3.1a <2018/11/20> (tvz)
\FV@CodeLineNo=\count352
\FV@InFile=\read4
\FV@TabBox=\box64
\c@FancyVerbLine=\count353
\FV@StepNumber=\count354
\FV@OutFile=\write4
) ("C:\Users\User\AppData\Local\Programs\MiKTeX 2.9\tex\latex\framed\framed.sty
"
Package: framed 2011/10/22 v 0.96: framed or shaded text with page breaks
\OuterFrameSep=\skip121
\fb@frw=\dimen326
\fb@frh=\dimen327
\FrameRule=\dimen328
\FrameSep=\dimen329
)
("C:\Users\User\AppData\Local\Programs\MiKTeX 2.9\tex\latex\oberdiek\grffile.st
y"
Package: grffile 2017/06/30 v1.18 Extended file name support for graphics (HO)
Package grffile Info: Option `multidot' is set to `true'.
Package grffile Info: Option `extendedchars' is set to `false'.
Package grffile Info: Option `space' is set to `true'.
Package grffile Info: \Gin@ii of package `graphicx' fixed on input line 494.
)

Package array Warning: Column x is already defined on input line 138.

("C:\Users\User\AppData\Local\Programs\MiKTeX 2.9\tex\latex\cancel\cancel.sty"
Package: cancel 2013/04/12 v2.2 Cancel math terms
) (OperationalFrameworks.aux

LaTeX Warning: Label `eqn2' multiply defined.


LaTeX Warning: Label `Desk_Proportions' multiply defined.


LaTeX Warning: Label `eqn4' multiply defined.


LaTeX Warning: Label `eqn3' multiply defined.


LaTeX Warning: Label `eqn3' multiply defined.

)
\openout1 = `OperationalFrameworks.aux'.

LaTeX Font Info:    Checking defaults for OML/cmm/m/it on input line 146.
LaTeX Font Info:    ... okay on input line 146.
LaTeX Font Info:    Checking defaults for T1/cmr/m/n on input line 146.
LaTeX Font Info:    ... okay on input line 146.
LaTeX Font Info:    Checking defaults for OT1/cmr/m/n on input line 146.
LaTeX Font Info:    ... okay on input line 146.
LaTeX Font Info:    Checking defaults for OMS/cmsy/m/n on input line 146.
LaTeX Font Info:    ... okay on input line 146.
LaTeX Font Info:    Checking defaults for TU/lmr/m/n on input line 146.
LaTeX Font Info:    ... okay on input line 146.
LaTeX Font Info:    Checking defaults for OMX/cmex/m/n on input line 146.
LaTeX Font Info:    ... okay on input line 146.
LaTeX Font Info:    Checking defaults for U/cmr/m/n on input line 146.
LaTeX Font Info:    ... okay on input line 146.
LaTeX Font Info:    Checking defaults for PD1/pdf/m/n on input line 146.
LaTeX Font Info:    ... okay on input line 146.
LaTeX Font Info:    Checking defaults for PU/pdf/m/n on input line 146.
LaTeX Font Info:    ... okay on input line 146.
LaTeX Font Info:    Checking defaults for TS1/cmr/m/n on input line 146.
LaTeX Font Info:    Try loading font information for TS1+cmr on input line 146.

("C:\Users\User\AppData\Local\Programs\MiKTeX 2.9\tex\latex\base\ts1cmr.fd"
File: ts1cmr.fd 2014/09/29 v2.5h Standard LaTeX font definitions
)
LaTeX Font Info:    ... okay on input line 146.
Package caption Info: Begin \AtBeginDocument code.
Package caption Info: hyperref package is loaded.
Package caption Info: rotating package is loaded.
Package caption Info: threeparttable package is loaded.
Package caption Info: End \AtBeginDocument code.
ABD: EverySelectfont initializing macros
LaTeX Info: Redefining \selectfont on input line 146.
\AtBeginShipoutBox=\box65
Package hyperref Info: Link coloring OFF on input line 146.

("C:\Users\User\AppData\Local\Programs\MiKTeX 2.9\tex\latex\hyperref\nameref.st
y"
Package: nameref 2016/05/21 v2.44 Cross-referencing by name of section

("C:\Users\User\AppData\Local\Programs\MiKTeX 2.9\tex\generic\oberdiek\gettitle
string.sty"
Package: gettitlestring 2016/05/16 v1.5 Cleanup title references (HO)
)
\c@section@level=\count355
)
LaTeX Info: Redefining \ref on input line 146.
LaTeX Info: Redefining \pageref on input line 146.
LaTeX Info: Redefining \nameref on input line 146.
(OperationalFrameworks.out) (OperationalFrameworks.out)
\@outlinefile=\write5
\openout5 = `OperationalFrameworks.out'.

LaTeX Info: Redefining \microtypecontext on input line 146.
Package microtype Info: Character protrusion enabled (level 2).
Package microtype Info: Using protrusion set `basicmath'.
Package microtype Info: No adjustment of tracking.
Package microtype Info: No adjustment of spacing.
Package microtype Info: No adjustment of kerning.

("C:\Users\User\AppData\Local\Programs\MiKTeX 2.9\tex\latex\microtype\mt-LatinM
odernRoman.cfg"
File: mt-LatinModernRoman.cfg 2013/03/13 v1.0 microtype config. file: Latin Mod
ern Roman (RS)
)
Package lastpage Info: Please have a look at the pageslts package at
(lastpage)             https://www.ctan.org/pkg/pageslts
(lastpage)             ! on input line 146.
ABD: EveryShipout initializing macros

Package pgfplots Warning: running in backwards compatibility mode (unsuitable t
ick labels; missing features). Consider writing \pgfplotsset{compat=1.16} into 
your preamble.
 on input line 146.

*geometry* detected driver: pdftex
*geometry* verbose mode - [ preamble ] result:
* driver: pdftex
* paper: <default>
* layout: <same size as paper>
* layoutoffset:(h,v)=(0.0pt,0.0pt)
* modes: 
* h-part:(L,W,R)=(108.405pt, 433.62001pt, 72.26999pt)
* v-part:(T,H,B)=(72.26999pt, 650.43001pt, 72.26999pt)
* \paperwidth=614.295pt
* \paperheight=794.96999pt
* \textwidth=433.62001pt
* \textheight=650.43001pt
* \oddsidemargin=36.13501pt
* \evensidemargin=36.13501pt
* \topmargin=-34.8738pt
* \headheight=15.0pt
* \headsep=19.8738pt
* \topskip=12.0pt
* \footskip=30.0pt
* \marginparwidth=47.0pt
* \marginparsep=7.0pt
* \columnsep=10.0pt
* \skip\footins=10.8pt plus 4.0pt minus 2.0pt
* \hoffset=0.0pt
* \voffset=0.0pt
* \mag=1000
* \@twocolumnfalse
* \@twosidefalse
* \@mparswitchfalse
* \@reversemarginfalse
* (1in=72.27pt=25.4mm, 1cm=28.453pt)


Package fontspec Warning: \addfontfeature(s) ignored on line 147; it cannot be
(fontspec)                used with a font that wasn't selected by a fontspec
(fontspec)                command.
(fontspec)                 
(fontspec)                 The current font is "\TU/lmr/m/n/12 ".
(fontspec)                  The requested feature is "RawFeature=+tnum". 

LaTeX Font Info:    Try loading font information for OT1+lmr on input line 147.

("C:\Users\User\AppData\Local\Programs\MiKTeX 2.9\tex\latex\lm\ot1lmr.fd"
File: ot1lmr.fd 2009/10/30 v1.6 Font defs for Latin Modern
)
Package microtype Info: Loading generic protrusion settings for font family
(microtype)             `lmr' (encoding: OT1).
(microtype)             For optimal results, create family-specific settings.
(microtype)             See the microtype manual for details.
LaTeX Font Info:    Try loading font information for OML+lmm on input line 147.

("C:\Users\User\AppData\Local\Programs\MiKTeX 2.9\tex\latex\lm\omllmm.fd"
File: omllmm.fd 2009/10/30 v1.6 Font defs for Latin Modern
)
LaTeX Font Info:    Try loading font information for OMS+lmsy on input line 147
.
("C:\Users\User\AppData\Local\Programs\MiKTeX 2.9\tex\latex\lm\omslmsy.fd"
File: omslmsy.fd 2009/10/30 v1.6 Font defs for Latin Modern
)
LaTeX Font Info:    Try loading font information for OMX+lmex on input line 147
.
("C:\Users\User\AppData\Local\Programs\MiKTeX 2.9\tex\latex\lm\omxlmex.fd"
File: omxlmex.fd 2009/10/30 v1.6 Font defs for Latin Modern
)
LaTeX Font Info:    External font `lmex10' loaded for size
(Font)              <12> on input line 147.
LaTeX Font Info:    External font `lmex10' loaded for size
(Font)              <8> on input line 147.
LaTeX Font Info:    External font `lmex10' loaded for size
(Font)              <6> on input line 147.
LaTeX Font Info:    Try loading font information for U+msa on input line 147.
("C:\Users\User\AppData\Local\Programs\MiKTeX 2.9\tex\latex\amsfonts\umsa.fd"
File: umsa.fd 2013/01/14 v3.01 AMS symbols A
)
("C:\Users\User\AppData\Local\Programs\MiKTeX 2.9\tex\latex\microtype\mt-msa.cf
g"
File: mt-msa.cfg 2006/02/04 v1.1 microtype config. file: AMS symbols (a) (RS)
)
LaTeX Font Info:    Try loading font information for U+msb on input line 147.
("C:\Users\User\AppData\Local\Programs\MiKTeX 2.9\tex\latex\amsfonts\umsb.fd"
File: umsb.fd 2013/01/14 v3.01 AMS symbols B
)
("C:\Users\User\AppData\Local\Programs\MiKTeX 2.9\tex\latex\microtype\mt-msb.cf
g"
File: mt-msb.cfg 2005/06/01 v1.0 microtype config. file: AMS symbols (b) (RS)
)
Overfull \hbox (29.83226pt too wide) in paragraph at lines 147--147
[] 
 []

[1

] [1

] [2

] [3

] [4

] [5

] (OperationalFrameworks.toc [6

]
Underfull \hbox (badness 10000) in paragraph at lines 49--49
 [][] []\TU/lmr/m/n/12 Applicability of EBOR methodology for capturing forward-
looking aspects 
 []


Underfull \hbox (badness 10000) in paragraph at lines 70--70
 [][] []\TU/lmr/m/n/12 The estimation of some poisson regression generalised li
near models 
 []


Underfull \hbox (badness 10000) in paragraph at lines 73--73
 [][] []\TU/lmr/m/n/12 The estimation of some generalised additive models for l
ocation scale and 
 []

[7]
Underfull \hbox (badness 10000) in paragraph at lines 80--80
 [][] [][]\TU/lmr/m/n/12 THEORETICAL INVESTIGATIONS INTO THE QUANTIFICATION 
 []

)
\tf@toc=\write6
\openout6 = `OperationalFrameworks.toc'.

[8] (OperationalFrameworks.lot
Underfull \hbox (badness 10000) in paragraph at lines 4--4
 [][] [][]\TU/lmr/m/n/12 The generalized linear model link functions with their
 associated 
 []


Underfull \hbox (badness 10000) in paragraph at lines 5--5
 [][] [][]\TU/lmr/m/n/12 The contents of the traded transactions of the associa
ted risk correc- 
 []


Underfull \hbox (badness 10000) in paragraph at lines 7--7
 [][] [][]\TU/lmr/m/n/12 A contingency table showing the bidimensional distribu
tion of trans- 
 []


Underfull \hbox (badness 10000) in paragraph at lines 7--7
 \TU/lmr/m/n/12 actions by trader identification vs realised and/or pending los
ses, 
 []


Underfull \hbox (badness 10000) in paragraph at lines 8--8
 [][] [][]\TU/lmr/m/n/12 A contingency table showing the bidimensional distribu
tion of trans- 
 []


Underfull \hbox (badness 10000) in paragraph at lines 8--8
 \TU/lmr/m/n/12 actions by trader identification vs realised and/or pending los
ses, 
 []

)
\tf@lot=\write7
\openout7 = `OperationalFrameworks.lot'.

[9

] (OperationalFrameworks.lof
Underfull \hbox (badness 10000) in paragraph at lines 3--3
 [][] [][]\TU/lmr/m/n/12 The 3-Dimensional grid of the BL/ET matrix for 7 event
 types and 8 
 []


Underfull \hbox (badness 10000) in paragraph at lines 6--6
 [][] [][]\TU/lmr/m/n/12 A simple comparison of the Sigmoidal like features of 
the fat-tailed, 
 []


Underfull \hbox (badness 10000) in paragraph at lines 6--6
 \TU/lmr/m/n/12 right skewed distribution for exposure, and first-digit frequen
cy dis- 
 []


Underfull \hbox (badness 10000) in paragraph at lines 6--6
 \TU/lmr/m/n/12 tribution from the exposure data with the expected distribution
 
 []


Underfull \hbox (badness 10000) in paragraph at lines 7--7
 [][] [][]\TU/lmr/m/n/12 Two numerical solutions: Histograms showing the distri
bution of 
 []


Underfull \hbox (badness 10000) in paragraph at lines 8--8
 [][] [][]\TU/lmr/m/n/12 Density plots showing a comparison of realised vs pend
ing losses 
 []


Underfull \hbox (badness 10000) in paragraph at lines 8--8
 \TU/lmr/m/n/12 and/near misses over a month for the day in the month the OpRis
k 
 []


Overfull \hbox (9.66011pt too wide) in paragraph at lines 8--8
 \TU/lmr/m/n/12 incident was updated to the day in the month trades were traded
/booked[] [][]  
 []


Underfull \hbox (badness 10000) in paragraph at lines 10--10
 [][] [][]\TU/lmr/m/n/12 Mosaic grid plots for the bidimensional distribution b
y traded in- 
 []


Underfull \hbox (badness 10000) in paragraph at lines 10--10
 \TU/lmr/m/n/12 strument, the trader originating the operational event, and by 
the 
 []


Underfull \hbox (badness 10000) in paragraph at lines 10--10
 \TU/lmr/m/n/12 technical support personnel involved in query resolution, again
st the 
 []


Underfull \hbox (badness 10000) in paragraph at lines 14--14
 [][] [][]\TU/lmr/m/n/12 Graphically displayed correlations by strength and a p
lot of OpRisk 
 []


Underfull \hbox (badness 10000) in paragraph at lines 15--15
 [][] [][]\TU/lmr/m/n/12 Finding the optimal number of \TU/lmr/m/it/12 k \TU/lm
r/m/n/12 groups by the Silhouette Statis- 
 []


Underfull \hbox (badness 10000) in paragraph at lines 15--15
 \TU/lmr/m/n/12 tic SS: Sum is a measure to approximate the optimal number of \
TU/lmr/m/it/12 k 
 []


Underfull \hbox (badness 10000) in paragraph at lines 16--16
 [][] [][]\TU/lmr/m/n/12 A scatterplot matrix for the \TU/lmr/m/it/12 k\TU/lmr/
m/n/12 -means clustering of size 4, and the 
 []


Underfull \hbox (badness 10000) in paragraph at lines 16--16
 \TU/lmr/m/n/12 covariates of frequency loss events consisting of 369 loss even
t fre- 
 []

)
\tf@lof=\write8
\openout8 = `OperationalFrameworks.lof'.

[10

]
Chapter 1.

Package hyperref Warning: The anchor of a bookmark and its parent's must not
(hyperref)                be the same. Added a new anchor on input line 315.

[1

]

Package hyperref Warning: The anchor of a bookmark and its parent's must not
(hyperref)                be the same. Added a new anchor on input line 353.

[2] [3]

Package hyperref Warning: The anchor of a bookmark and its parent's must not
(hyperref)                be the same. Added a new anchor on input line 444.

[4] [5]
LaTeX Font Info:    External font `lmex10' loaded for size
(Font)              <10> on input line 501.
LaTeX Font Info:    External font `lmex10' loaded for size
(Font)              <7> on input line 501.
LaTeX Font Info:    External font `lmex10' loaded for size
(Font)              <5> on input line 501.
[6]

Package hyperref Warning: The anchor of a bookmark and its parent's must not
(hyperref)                be the same. Added a new anchor on input line 531.


Underfull \hbox (badness 10000) in paragraph at lines 542--542
[][][]\TU/lmr/m/n/10 The aggregate loss distribution is obtained by convoluting
 a loss event frequency distribution
 []

[7] [8] [9]
Underfull \hbox (badness 10000) in paragraph at lines 621--621
[][][]\TU/lmr/m/n/10 Meaning as of the publication [@risk2016supporting] the me
thods brought forth in the consul-
 []


Underfull \hbox (badness 10000) in paragraph at lines 621--621
\TU/lmr/m/n/10 tative document have not been approved for the public, the ideas
 within an experimental (leased)
 []

[10]

Package hyperref Warning: The anchor of a bookmark and its parent's must not
(hyperref)                be the same. Added a new anchor on input line 647.

[11] [12]

Package hyperref Warning: The anchor of a bookmark and its parent's must not
(hyperref)                be the same. Added a new anchor on input line 718.

[13]
Underfull \hbox (badness 10000) in paragraph at lines 772--772
[][][]\TU/lmr/m/n/10 As recent evidence from human brain imaging has shown [@ku
hnen2005neural] linking neural
 []

[14]
Underfull \hbox (badness 10000) in paragraph at lines 802--802
[][][]\TU/lmr/m/n/10 Representing ability of FIs financial market models to ch
aracterise the repeated decision-
 []


Underfull \hbox (badness 10000) in paragraph at lines 833--833
[][][]\TU/lmr/m/n/10 OpRisk loss events in FIs are largely due to human failin
gs that are exploitable e.g., fraud-
 []


Underfull \hbox (badness 10000) in paragraph at lines 833--833
\TU/lmr/m/n/10 ulent trading activity, and PT is based on the same behavioural 
element of how people make
 []

[15]

Package hyperref Warning: The anchor of a bookmark and its parent's must not
(hyperref)                be the same. Added a new anchor on input line 849.


LaTeX Warning: Reference `sssec:Expected utility theory' on page 16 undefined o
n input line 853.

[16] [17] [18]

Package hyperref Warning: The anchor of a bookmark and its parent's must not
(hyperref)                be the same. Added a new anchor on input line 944.

[19]

Package hyperref Warning: The anchor of a bookmark and its parent's must not
(hyperref)                be the same. Added a new anchor on input line 965.

[20]
Underfull \hbox (badness 10000) in paragraph at lines 1003--1003
[][][]\TU/lmr/m/n/10 A typical approach taken in the literature is to use an un
supervised learning algorithm to
 []


Underfull \hbox (badness 10000) in paragraph at lines 1003--1003
\TU/lmr/m/n/10 train a model of the unlabeled data and then use the results to 
extract interesting features from
 []

[21] [22] [23]
Chapter 2.

Package hyperref Warning: The anchor of a bookmark and its parent's must not
(hyperref)                be the same. Added a new anchor on input line 1081.

[24

]
Underfull \hbox (badness 10000) in paragraph at lines 1117--1117
[][][]\TU/lmr/m/n/10 In behavioral finance, we investigate whether certain fina
ncial phenomena are the result of less
 []

[25] [26] [27] [28]

LaTeX Font Warning: Command \Large invalid in math mode on input line 1256.


Package caption Warning: \label without proper reference on input line 1312.
See the caption package documentation for explanation.


LaTeX Warning: Reference `BL/ET Matrix' on page 29 undefined on input line 1263
.


LaTeX Font Warning: Command \huge invalid in math mode on input line 1285.

LaTeX Font Info:    External font `lmex10' loaded for size
(Font)              <24.88> on input line 1285.
LaTeX Font Info:    External font `lmex10' loaded for size
(Font)              <20.74> on input line 1285.
LaTeX Font Info:    External font `lmex10' loaded for size
(Font)              <17.28> on input line 1285.

Overfull \hbox (46.18005pt too wide) in paragraph at lines 1311--1313
[][]
 []

[29] [30]
Underfull \hbox (badness 10000) in paragraph at lines 1347--1347
[][][]\TU/lmr/m/n/10 The term distribution function is monotonic increasing fun
ction of $\OML/lmm/m/it/10 n$ \TU/lmr/m/n/10 which tends to $\OT1/lmr/m/n/10 0$
 \TU/lmr/m/n/10 as
 []

[31] [32]
Overfull \hbox (0.32079pt too wide) in paragraph at lines 1377--1378
\TU/lmr/m/n/12 loss type $\OML/lmm/m/it/12 j \OT1/lmr/m/n/12 = 1$ \TU/lmr/m/n/1
2 (process risk). One models the amount of the total operational 
 []

[33] [34] [35] [36]
Underfull \hbox (badness 1365) in paragraph at lines 1510--1522
\TU/lmr/m/n/12 observed correlations in the observed data. Let $\OML/lmm/m/it/1
2 m$ \TU/lmr/m/n/12 be the number of cells, 
 []

[37] [38] [39]
Underfull \hbox (badness 10000) in paragraph at lines 1610--1610
|\TU/lmr/bx/n/12 Applicability of EBOR methodology for capturing forward-lookin
g as-
 []

[40]

Package hyperref Warning: The anchor of a bookmark and its parent's must not
(hyperref)                be the same. Added a new anchor on input line 1633.


LaTeX Warning: Reference `ssec:Applicability of EBOR methodology for capturing 
forward-looking aspects of ORM' on page 41 undefined on input line 1666.

[41] [42] [43] [44]
Chapter 3.

Package hyperref Warning: The anchor of a bookmark and its parent's must not
(hyperref)                be the same. Added a new anchor on input line 1774.

[45

]

Package hyperref Warning: The anchor of a bookmark and its parent's must not
(hyperref)                be the same. Added a new anchor on input line 1818.

[46] [47]
Underfull \hbox (badness 10000) in paragraph at lines 1923--1923
[][][]\TU/lmr/m/n/10 If you were to guess an independent $\OML/lmm/m/it/10 Y[]$
 \TU/lmr/m/n/10 from a random sample, the best guess is given by this
 []

[48] [49]

Package fontspec Warning: \addfontfeature(s) ignored on line 1989; it cannot
(fontspec)                be used with a font that wasn't selected by a
(fontspec)                fontspec command.
(fontspec)                 
(fontspec)                 The current font is "\TU/lmr/m/n/10.95 ".
(fontspec)                  The requested feature is "RawFeature=+tnum". 

[50]

Package fontspec Warning: \addfontfeature(s) ignored on line 2050; it cannot
(fontspec)                be used with a font that wasn't selected by a
(fontspec)                fontspec command.
(fontspec)                 
(fontspec)                 The current font is "\TU/lmr/m/n/10.95 ".
(fontspec)                  The requested feature is "RawFeature=+tnum". 

[51] [52]

Package fontspec Warning: \addfontfeature(s) ignored on line 2126; it cannot
(fontspec)                be used with a font that wasn't selected by a
(fontspec)                fontspec command.
(fontspec)                 
(fontspec)                 The current font is "\TU/lmr/m/n/12 ".
(fontspec)                  The requested feature is "RawFeature=+tnum". 

File: IntraDayUpdatedTime.eps Graphic file (type eps)
<IntraDayUpdatedTime.eps>
File: TrendTraderId.eps Graphic file (type eps)
<TrendTraderId.eps>

Overfull \hbox (213.4786pt too wide) in paragraph at lines 2125--2133
[][][]
 []


Underfull \hbox (badness 10000) in paragraph at lines 2125--2133

 []


Package fontspec Warning: \addfontfeature(s) ignored on line 2140; it cannot
(fontspec)                be used with a font that wasn't selected by a
(fontspec)                fontspec command.
(fontspec)                 
(fontspec)                 The current font is "\TU/lmr/m/n/10.95 ".
(fontspec)                  The requested feature is "RawFeature=+tnum". 

File: UpdatedDayFreq.eps Graphic file (type eps)
<UpdatedDayFreq.eps>
File: TradedDayFreq.eps Graphic file (type eps)
<TradedDayFreq.eps>

Overfull \hbox (198.07721pt too wide) in paragraph at lines 2139--2147
[][][]
 []


Underfull \hbox (badness 10000) in paragraph at lines 2139--2147

 []


Package fontspec Warning: \addfontfeature(s) ignored on line 2165; it cannot
(fontspec)                be used with a font that wasn't selected by a
(fontspec)                fontspec command.
(fontspec)                 
(fontspec)                 The current font is "\TU/lmr/m/n/12 ".
(fontspec)                  The requested feature is "RawFeature=+tnum". 

File: Exposure_cdf.eps Graphic file (type eps)
<Exposure_cdf.eps>
File: Dist_exposure.eps Graphic file (type eps)
<Dist_exposure.eps>
File: Benford.eps Graphic file (type eps)
<Benford.eps>

Overfull \hbox (29.14542pt too wide) in paragraph at lines 2164--2174
[][][]
 []


Underfull \hbox (badness 10000) in paragraph at lines 2164--2174

 []

[53] [54]
LaTeX Font Info:    Font shape `TU/lmtt/bx/n' in size <12> not available
(Font)              Font shape `TU/lmtt/b/n' tried instead on input line 2223.
[55]
File: Exploratory_UpdateTime_Frequency3plot.eps Graphic file (type eps)
<Exploratory_UpdateTime_Frequency3plot.eps>
File: Exploratory_UpdateDay_Frequency3plot.eps Graphic file (type eps)
<Exploratory_UpdateDay_Frequency3plot.eps>
[56] [57]
File: Density_UpdateDay_TradedDay.eps Graphic file (type eps)
<Density_UpdateDay_TradedDay.eps>

Package fontspec Warning: \addfontfeature(s) ignored on line 2311; it cannot
(fontspec)                be used with a font that wasn't selected by a
(fontspec)                fontspec command.
(fontspec)                 
(fontspec)                 The current font is "\TU/lmr/m/n/10.95 ".
(fontspec)                  The requested feature is "RawFeature=+tnum". 

[58]
File: Exploratory_Desk_Proportions.eps Graphic file (type eps)
<Exploratory_Desk_Proportions.eps>

Underfull \hbox (badness 10000) in paragraph at lines 2352--2352
[][][]\TU/lmr/m/n/10 i.e. the type of financial instrument, the trader who orig
inated the incident on the deal, and
 []


Package fontspec Warning: \addfontfeature(s) ignored on line 2362; it cannot
(fontspec)                be used with a font that wasn't selected by a
(fontspec)                fontspec command.
(fontspec)                 
(fontspec)                 The current font is "\TU/lmr/m/n/12 ".
(fontspec)                  The requested feature is "RawFeature=+tnum". 

File: Single_Instr.eps Graphic file (type eps)
<Single_Instr.eps>
File: Stacked_TrId_TechSup.eps Graphic file (type eps)
<Stacked_TrId_TechSup.eps>

Overfull \hbox (17.17122pt too wide) in paragraph at lines 2361--2369
[][][]
 []


Underfull \hbox (badness 10000) in paragraph at lines 2361--2369

 []

[59] [60]
File: Mosaic_Contingency.eps Graphic file (type eps)
<Mosaic_Contingency.eps>

Package fontspec Warning: \addfontfeature(s) ignored on line 2444; it cannot
(fontspec)                be used with a font that wasn't selected by a
(fontspec)                fontspec command.
(fontspec)                 
(fontspec)                 The current font is "\TU/lmr/m/n/10.95 ".
(fontspec)                  The requested feature is "RawFeature=+tnum". 

LaTeX Font Info:    External font `lmex10' loaded for size
(Font)              <10.95> on input line 2444.

Overfull \hbox (1.29373pt too wide) in paragraph at lines 2446--2446
[]|\TU/lmr/m/n/10.95 TradeStatus| 
 []


Underfull \hbox (badness 10000) in paragraph at lines 2446--2446
[]|\TU/lmr/m/n/10.95 Loss Indica-
 []


Underfull \hbox (badness 10000) in paragraph at lines 2446--2446
[]|\TU/lmr/m/n/10.95 Vice Princi-
 []


Overfull \hbox (32.85162pt too wide) in paragraph at lines 2447--2447
[]|[]| 
 []


Overfull \hbox (12.93358pt too wide) in paragraph at lines 2449--2449
[]|[]| 
 []


Overfull \hbox (25.56987pt too wide) in paragraph at lines 2453--2453
[]|[]| 
 []


Overfull \hbox (13.44125pt too wide) in paragraph at lines 2444--2456
 [][] 
 []


Package fontspec Warning: \addfontfeature(s) ignored on line 2468; it cannot
(fontspec)                be used with a font that wasn't selected by a
(fontspec)                fontspec command.
(fontspec)                 
(fontspec)                 The current font is "\TU/lmr/m/n/10.95 ".
(fontspec)                  The requested feature is "RawFeature=+tnum". 


Overfull \hbox (37.26608pt too wide) in paragraph at lines 2471--2471
[]|\TU/lmr/m/n/10.95 CapturedBy_TECHSUPPORT| 
 []


Underfull \hbox (badness 10000) in paragraph at lines 2472--2472
[]|\TU/lmr/m/n/10.95 TradeStatus_BO con-
 []


Underfull \hbox (badness 10000) in paragraph at lines 2475--2475
[]|\TU/lmr/m/n/10.95 Reason_Trade en-
 []


Underfull \hbox (badness 10000) in paragraph at lines 2475--2475
\TU/lmr/m/n/10.95 richment for system
 []


Overfull \hbox (35.26225pt too wide) in paragraph at lines 2476--2476
[]|\TU/lmr/m/n/10.95 EventTypeCategoryLevel_EL7| 
 []


Overfull \hbox (1.1749pt too wide) in paragraph at lines 2477--2477
[]|\TU/lmr/m/n/10.95 BusinessLineLevel_BL2| 
 []


Underfull \hbox (badness 10000) in paragraph at lines 2485--2485
|\TU/lmr/bx/n/12 The estimation of some poisson regression generalised linear m
odels
 []

[61] [62]
File: C:/Users/User/Documents/OpRiskPHDGitHub/OpRisk_PHD_Dissertate/OpRisk_PHD_
Dissertation/figures/smallorb_90.eps Graphic file (type eps)
<C:/Users/User/Documents/OpRiskPHDGitHub/OpRisk_PHD_Dissertate/OpRisk_PHD_Disse
rtation/figures/smallorb_90.eps>

Underfull \hbox (badness 1303) in paragraph at lines 2532--2537
[]\TU/lmr/m/n/12 Other GLM arguments are: The afore-mentioned link function poi
s- 
 []

[63]
Overfull \hbox (97.85988pt too wide) in paragraph at lines 2568--2568
[]\TU/lmtt/m/n/12 ## glm(formula = LossesIndicator ~ UpdatedTime + Desk, family
 = poisson(link = "log"),[] 
 []

[64] [65]
Overfull \hbox (5.1599pt too wide) in paragraph at lines 2654--2654
[]    \TU/lmtt/m/n/12 Instrument + Reason + EventTypeCategoryLevel1 + BusinessL
ineLevel1,[] 
 []

[66]
Overfull \hbox (209.09944pt too wide) in paragraph at lines 2662--2662
[]                                                        \TU/lmtt/m/n/12 Estim
ate Std. Error z value             Pr(>|z|)[] 
 []


Overfull \hbox (36.01187pt too wide) in paragraph at lines 2663--2663
[]\TU/lmtt/m/n/12 (Intercept)            -8.953252   0.604562 -14.809 < 0.00000
00000000002 ***[] 
 []


Overfull \hbox (11.29178pt too wide) in paragraph at lines 2664--2664
[]\TU/lmtt/m/n/12 UpdatedDay             -0.006976   0.008140  -0.857          
   0.391428[] 
 []


Overfull \hbox (23.65176pt too wide) in paragraph at lines 2665--2665
[]\TU/lmtt/m/n/12 UpdatedTime             1.113913   0.564165   1.974          
   0.048331 *[] 
 []


Overfull \hbox (23.66374pt too wide) in paragraph at lines 2666--2666
[]\TU/lmtt/m/n/12 TradedDay              -0.012303   0.006368  -1.932          
   0.053382 .[] 
 []


Overfull \hbox (11.27975pt too wide) in paragraph at lines 2667--2667
[]\TU/lmtt/m/n/12 TradedTime              0.101378   0.637529   0.159          
   0.873656[] 
 []


Overfull \hbox (35.97583pt too wide) in paragraph at lines 2668--2668
[]\TU/lmtt/m/n/12 DeskAfrica              1.899956   0.446050   4.260   0.00002
04875303586 ***[] 
 []


Overfull \hbox (36.05986pt too wide) in paragraph at lines 2669--2669
[]\TU/lmtt/m/n/12 DeskBonds/Repos         2.803220   0.334324   8.385 < 0.00000
00000000002 ***[] 
 []


Overfull \hbox (23.67577pt too wide) in paragraph at lines 2670--2670
[]\TU/lmtt/m/n/12 DeskCommodities         0.747527   0.364630   2.050          
   0.040355 *[] 
 []


Overfull \hbox (23.62778pt too wide) in paragraph at lines 2671--2671
[]\TU/lmtt/m/n/12 DeskDerivatives         0.683199   0.374174   1.826          
   0.067867 .[] 
 []


Overfull \hbox (35.99985pt too wide) in paragraph at lines 2672--2672
[]\TU/lmtt/m/n/12 DeskEquity              1.507079   0.321232   4.692   0.00000
27113532659 ***[] 
 []


Overfull \hbox (23.66385pt too wide) in paragraph at lines 2673--2673
[]\TU/lmtt/m/n/12 DeskManagement/Other   -2.054697   1.082815  -1.898          
   0.057755 .[] 
 []


Overfull \hbox (36.02373pt too wide) in paragraph at lines 2674--2674
[]\TU/lmtt/m/n/12 DeskMM                  1.544054   0.453315   3.406          
   0.000659 ***[] 
 []


Overfull \hbox (11.29181pt too wide) in paragraph at lines 2675--2675
[]\TU/lmtt/m/n/12 DeskPrime Services     -0.028783   0.960227  -0.030          
   0.976087[] 
 []


Overfull \hbox (11.27974pt too wide) in paragraph at lines 2676--2676
[]\TU/lmtt/m/n/12 DeskSND                 0.766563   0.573844   1.336          
   0.181602[] 
 []


Overfull \hbox (23.65182pt too wide) in paragraph at lines 2679--2679
[]\TU/lmtt/m/n/12 BusinessLineLevel1BL1   1.537103   0.636829   2.414          
   0.015792 *[] 
 []


Overfull \hbox (11.29185pt too wide) in paragraph at lines 2680--2680
[]\TU/lmtt/m/n/12 BusinessLineLevel1BL3  -0.359123   0.514434  -0.698          
   0.485119[] 
 []


Overfull \hbox (35.99986pt too wide) in paragraph at lines 2681--2681
[]\TU/lmtt/m/n/12 BusinessLineLevel1BL4  -1.384293   0.391691  -3.534          
   0.000409 ***[] 
 []


Overfull \hbox (29.78386pt too wide) in paragraph at lines 2682--2682
[]\TU/lmtt/m/n/12 BusinessLineLevel1BL5  -1.169766   0.394350  -2.966          
   0.003014 **[] 
 []


Overfull \hbox (11.30385pt too wide) in paragraph at lines 2683--2683
[]\TU/lmtt/m/n/12 BusinessLineLevel1BL6   1.250498   1.002141   1.248          
   0.212095[] 
 []


Overfull \hbox (11.26784pt too wide) in paragraph at lines 2684--2684
[]\TU/lmtt/m/n/12 BusinessLineLevel1BL7   0.875839   1.746369   0.502          
   0.616005[] 
 []


Overfull \hbox (29.79584pt too wide) in paragraph at lines 2685--2685
[]\TU/lmtt/m/n/12 BusinessLineLevel1BL9   4.214689   1.598598   2.636          
   0.008377 **[] 
 []


Package hyperref Warning: Difference (2) between bookmark levels is greater 
(hyperref)                than one, level fixed on input line 2704.

[67]
File: C:/Users/User/Documents/OpRiskPHDGitHub/OpRisk_PHD_Dissertate/OpRisk_PHD_
Dissertation/figures/smallorb_90.eps Graphic file (type eps)
<C:/Users/User/Documents/OpRiskPHDGitHub/OpRisk_PHD_Dissertate/OpRisk_PHD_Disse
rtation/figures/smallorb_90.eps>
[68]
Overfull \hbox (5.0997pt too wide) in paragraph at lines 2790--2790
[]\TU/lmtt/m/n/12 2942  -9.107     +    +     +     +     + -0.011660   +     +
 1.2760000[] 
 []

[69] [70]
Underfull \hbox (badness 10000) in paragraph at lines 2891--2891
|\TU/lmr/bx/n/12 The estimation of some generalised additive models for locatio
n scale
 []

[71]
Underfull \vbox (badness 1629) detected at line 2945
 []

[72] [73]
Chapter 4.

Package hyperref Warning: The anchor of a bookmark and its parent's must not
(hyperref)                be the same. Added a new anchor on input line 2960.

[74

] [75] [76]

Package hyperref Warning: The anchor of a bookmark and its parent's must not
(hyperref)                be the same. Added a new anchor on input line 3056.


Package hyperref Warning: Token not allowed in a PDF string (Unicode):
(hyperref)                removing `math shift' on input line 3056.


Package hyperref Warning: Token not allowed in a PDF string (Unicode):
(hyperref)                removing `math shift' on input line 3056.

[77] [78]
Chapter 5.

Package hyperref Warning: The anchor of a bookmark and its parent's must not
(hyperref)                be the same. Added a new anchor on input line 3106.


Package hyperref Warning: Token not allowed in a PDF string (Unicode):
(hyperref)                removing `math shift' on input line 3134.


Package hyperref Warning: Token not allowed in a PDF string (Unicode):
(hyperref)                removing `math shift' on input line 3134.

[79

] [80] [81]
Underfull \hbox (badness 10000) in paragraph at lines 3214--3214
[][][]\TU/lmr/m/n/10 A typical approach taken in the literature is to use an un
supervised learning algorithm to
 []


Underfull \hbox (badness 10000) in paragraph at lines 3214--3214
\TU/lmr/m/n/10 train a model of the unlabeled data and then use the results to 
extract interesting features from
 []

[82]

Package fontspec Warning: \addfontfeature(s) ignored on line 3259; it cannot
(fontspec)                be used with a font that wasn't selected by a
(fontspec)                fontspec command.
(fontspec)                 
(fontspec)                 The current font is "\TU/lmr/m/n/12 ".
(fontspec)                  The requested feature is "RawFeature=+tnum". 

File: Loss_vs_Exposure(1).eps Graphic file (type eps)
<Loss_vs_Exposure(1).eps>
File: CorrPlot.eps Graphic file (type eps)
<CorrPlot.eps>

LaTeX Warning: Reference `Fig5' on page 83 undefined on input line 3288.

[83]
File: IterateKmeans.eps Graphic file (type eps)
<IterateKmeans.eps>
[84] [85]
File: CA14MeansPlot.eps Graphic file (type eps)
<CA14MeansPlot.eps>
[86] [87]
Chapter 6.

Package hyperref Warning: The anchor of a bookmark and its parent's must not
(hyperref)                be the same. Added a new anchor on input line 3372.


Overfull \hbox (5.14789pt too wide) in paragraph at lines 3385--3385
[]\TU/lmtt/m/n/12 ## Error: Column indexes must be at most 15 if positive, not 
16, 17, 18 
 []


Overfull \hbox (375.9117pt too wide) in paragraph at lines 3389--3389
[]\TU/lmtt/m/n/12 ## Error: Column indexes must be at most 15 if positive, not 
19, 20, 21, 22, 23, 24, 25, 26, 27, 28, 29, 30, 31, 32, 33, 34, 35, 36 
 []


Overfull \hbox (73.13991pt too wide) in paragraph at lines 3393--3393
[]\TU/lmtt/m/n/12 ## Error in mutate_impl(.data, dots): Evaluation error: objec
t []cigrec[] not found. 
 []


Overfull \hbox (54.59993pt too wide) in paragraph at lines 3401--3401
[]\TU/lmtt/m/n/12 ## Error in here("Data/NSDUH_2014_Results.rda"): could not fi
nd function "here" 
 []


Overfull \hbox (289.4398pt too wide) in paragraph at lines 3409--3409
[]\TU/lmtt/m/n/12 ## Error in svydesign(ids = ~1, strata = ~vestr, weights = ~a
nalwt_c, data = d1): could not find function "svydesign" 
 []


Overfull \hbox (239.9998pt too wide) in paragraph at lines 3413--3413
[]\TU/lmtt/m/n/12 ## Error in svyglm(self ~ religious + age2 + irsex + newrace2
 + irfamin3 + : could not find function "svyglm" 
 []


Overfull \hbox (239.9998pt too wide) in paragraph at lines 3417--3417
[]\TU/lmtt/m/n/12 ## Error in svyglm(peer ~ religious + age2 + irsex + newrace2
 + irfamin3 + : could not find function "svyglm" 
 []


Overfull \hbox (233.8198pt too wide) in paragraph at lines 3421--3421
[]\TU/lmtt/m/n/12 ## Error in svyglm(dep ~ religious + age2 + irsex + newrace2 
+ irfamin3 + : could not find function "svyglm" 
 []


Overfull \hbox (128.75989pt too wide) in paragraph at lines 3429--3429
[]\TU/lmtt/m/n/12 ## Error in rownames(est1) = c("Respondent", "Peer", "Depress
ion"): object []est1[] not found 
 []


Overfull \hbox (196.73987pt too wide) in paragraph at lines 3437--3437
[]\TU/lmtt/m/n/12 ## Error in svyglm(model, design = design, family = "quasibin
omial"): could not find function "svyglm" 
 []


Overfull \hbox (66.95995pt too wide) in paragraph at lines 3441--3441
[]\TU/lmtt/m/n/12 ## Error in vcov.default(object): object does not have varian
ce-covariance matrix 
 []


Overfull \hbox (159.6599pt too wide) in paragraph at lines 3445--3445
[]\TU/lmtt/m/n/12 ## Error in rownames(est2) = c("Tobacco", "Rx", "Marijuana", 
"Illicit"): object []est2[] not found 
 []

[88

] [89]
Chapter 7.

Package hyperref Warning: The anchor of a bookmark and its parent's must not
(hyperref)                be the same. Added a new anchor on input line 3475.

[90

] [91

] [92] [93] [94] [95

]

Package hyperref Warning: The anchor of a bookmark and its parent's must not
(hyperref)                be the same. Added a new anchor on input line 3755.

LaTeX Font Info:    Font shape `TU/lmtt/bx/n' in size <10.95> not available
(Font)              Font shape `TU/lmtt/b/n' tried instead on input line 3771.
[96

]
Underfull \vbox (badness 10000) detected at line 3858
 []

[97

] [98]
Overfull \vbox (1.10468pt too high) detected at line 3973
 []

[99

] [100] [101

] [102

] [103

]

Package hyperref Warning: The anchor of a bookmark and its parent's must not
(hyperref)                be the same. Added a new anchor on input line 4105.


Underfull \vbox (badness 6542) detected at line 4661
 []

[104

]
Underfull \vbox (badness 10000) detected at line 4661
 []


Underfull \vbox (badness 10000) detected at line 4661
 []

[105]
Underfull \vbox (badness 10000) detected at line 4661
 []


Underfull \vbox (badness 10000) detected at line 4661
 []

[106]
Underfull \vbox (badness 10000) detected at line 4661
 []


Underfull \vbox (badness 10000) detected at line 4661
 []

[107]
Underfull \vbox (badness 10000) detected at line 4661
 []


Underfull \vbox (badness 10000) detected at line 4661
 []

[108]
Underfull \vbox (badness 10000) detected at line 4661
 []


Underfull \vbox (badness 10000) detected at line 4661
 []

[109]
Underfull \vbox (badness 10000) detected at line 4661
 []


Underfull \vbox (badness 10000) detected at line 4661
 []

[110]
Underfull \vbox (badness 10000) detected at line 4661
 []


Underfull \vbox (badness 10000) detected at line 4661
 []

[111]
Underfull \vbox (badness 10000) detected at line 4661
 []


Underfull \vbox (badness 10000) detected at line 4661
 []

[112]
Underfull \vbox (badness 10000) detected at line 4661
 []


Underfull \vbox (badness 10000) detected at line 4661
 []

[113]
Underfull \vbox (badness 10000) detected at line 4661
 []


Underfull \vbox (badness 10000) detected at line 4661
 []

[114] [115] [116


] 
AED: lastpage setting LastPage
Package atveryend Info: Empty hook `BeforeClearDocument' on input line 4684.
Package atveryend Info: Empty hook `AfterLastShipout' on input line 4684.
(OperationalFrameworks.aux)
Package atveryend Info: Empty hook `AtVeryEndDocument' on input line 4684.
Package atveryend Info: Executing hook `AtEndAfterFileList' on input line 4684.

Package rerunfilecheck Info: File `OperationalFrameworks.out' has not changed.
(rerunfilecheck)             Checksum: 088935196FB77B97A9A50AFC59973C27.

LaTeX Warning: There were undefined references.


LaTeX Warning: There were multiply-defined labels.

 ) 
Here is how much of TeX's memory you used:
 47022 strings out of 427798
 1035762 string characters out of 3148017
 1305565 words of memory out of 3000000
 50333 multiletter control sequences out of 15000+200000
 602731 words of font info for 111 fonts, out of 3000000 for 9000
 1328 hyphenation exceptions out of 8191
 69i,17n,98p,1212b,815s stack positions out of 5000i,500n,10000p,200000b,50000s

Output written on OperationalFrameworks.pdf (127 pages).
