This is XeTeX, Version 3.14159265-2.6-0.99999 (MiKTeX 2.9.6730) (preloaded format=xelatex 2019.1.15)  17 JAN 2019 17:23
entering extended mode
**./MMNotebook.tex
(MMNotebook.tex
LaTeX2e <2018-04-01> patch level 5
(DissertateUSU.cls
Document Class: DissertateUSU 2017/07/01 v1.0 DissertateUSU Class
("C:\Users\User\AppData\Local\Programs\MiKTeX 2.9\tex\latex\base\book.cls"
Document Class: book 2014/09/29 v1.4h Standard LaTeX document class
("C:\Users\User\AppData\Local\Programs\MiKTeX 2.9\tex\latex\base\bk12.clo"
File: bk12.clo 2014/09/29 v1.4h Standard LaTeX file (size option)
)
\c@part=\count80
\c@chapter=\count81
\c@section=\count82
\c@subsection=\count83
\c@subsubsection=\count84
\c@paragraph=\count85
\c@subparagraph=\count86
\c@figure=\count87
\c@table=\count88
\abovecaptionskip=\skip41
\belowcaptionskip=\skip42
\bibindent=\dimen102
)
("C:\Users\User\AppData\Local\Programs\MiKTeX 2.9\tex\latex\etoolbox\etoolbox.s
ty"
Package: etoolbox 2018/02/11 v2.5e e-TeX tools for LaTeX (JAW)
\etb@tempcnta=\count89
)
("C:\Users\User\AppData\Local\Programs\MiKTeX 2.9\tex\latex\setspace\setspace.s
ty"
Package: setspace 2011/12/19 v6.7a set line spacing
) ("C:\Users\User\AppData\Local\Programs\MiKTeX 2.9\tex\latex\ms\ragged2e.sty"
Package: ragged2e 2009/05/21 v2.1 ragged2e Package (MS)
("C:\Users\User\AppData\Local\Programs\MiKTeX 2.9\tex\latex\ms\everysel.sty"
Package: everysel 2011/10/28 v1.2 EverySelectfont Package (MS)
)
\CenteringLeftskip=\skip43
\RaggedLeftLeftskip=\skip44
\RaggedRightLeftskip=\skip45
\CenteringRightskip=\skip46
\RaggedLeftRightskip=\skip47
\RaggedRightRightskip=\skip48
\CenteringParfillskip=\skip49
\RaggedLeftParfillskip=\skip50
\RaggedRightParfillskip=\skip51
\JustifyingParfillskip=\skip52
\CenteringParindent=\skip53
\RaggedLeftParindent=\skip54
\RaggedRightParindent=\skip55
\JustifyingParindent=\skip56
)
("C:\Users\User\AppData\Local\Programs\MiKTeX 2.9\tex\latex\graphics\graphicx.s
ty"
Package: graphicx 2017/06/01 v1.1a Enhanced LaTeX Graphics (DPC,SPQR)
("C:\Users\User\AppData\Local\Programs\MiKTeX 2.9\tex\latex\graphics\keyval.sty
"
Package: keyval 2014/10/28 v1.15 key=value parser (DPC)
\KV@toks@=\toks14
)
("C:\Users\User\AppData\Local\Programs\MiKTeX 2.9\tex\latex\graphics\graphics.s
ty"
Package: graphics 2017/06/25 v1.2c Standard LaTeX Graphics (DPC,SPQR)
("C:\Users\User\AppData\Local\Programs\MiKTeX 2.9\tex\latex\graphics\trig.sty"
Package: trig 2016/01/03 v1.10 sin cos tan (DPC)
)
("C:\Users\User\AppData\Local\Programs\MiKTeX 2.9\tex\latex\graphics-cfg\graphi
cs.cfg"
File: graphics.cfg 2016/06/04 v1.11 sample graphics configuration
)
Package graphics Info: Driver file: xetex.def on input line 99.

("C:\Users\User\AppData\Local\Programs\MiKTeX 2.9\tex\latex\graphics-def\xetex.
def"
File: xetex.def 2017/06/24 v5.0h Graphics/color driver for xetex
))
\Gin@req@height=\dimen103
\Gin@req@width=\dimen104
) ("C:\Users\User\AppData\Local\Programs\MiKTeX 2.9\tex\latex\base\fixltx2e.sty
"
Package: fixltx2e 2016/12/29 v2.1a fixes to LaTeX (obsolete)
Applying: [2015/01/01] Old fixltx2e package on input line 46.

Package fixltx2e Warning: fixltx2e is not required with releases after 2015
(fixltx2e)                All fixes are now in the LaTeX kernel.
(fixltx2e)                See the latexrelease package for details.

Already applied: [0000/00/00] Old fixltx2e package on input line 53.
) ("C:\Users\User\AppData\Local\Programs\MiKTeX 2.9\tex\latex\parskip\parskip.s
ty"
Package: parskip 2018-08-24 v2.0a non-zero parskip adjustments

("C:\Users\User\AppData\Local\Programs\MiKTeX 2.9\tex\latex\oberdiek\kvoptions.
sty"
Package: kvoptions 2016/05/16 v3.12 Key value format for package options (HO)

("C:\Users\User\AppData\Local\Programs\MiKTeX 2.9\tex\generic\oberdiek\ltxcmds.
sty"
Package: ltxcmds 2016/05/16 v1.23 LaTeX kernel commands for general use (HO)
)
("C:\Users\User\AppData\Local\Programs\MiKTeX 2.9\tex\generic\oberdiek\kvsetkey
s.sty"
Package: kvsetkeys 2016/05/16 v1.17 Key value parser (HO)

("C:\Users\User\AppData\Local\Programs\MiKTeX 2.9\tex\generic\oberdiek\infwarer
r.sty"
Package: infwarerr 2016/05/16 v1.4 Providing info/warning/error messages (HO)
)
("C:\Users\User\AppData\Local\Programs\MiKTeX 2.9\tex\generic\oberdiek\etexcmds
.sty"
Package: etexcmds 2016/05/16 v1.6 Avoid name clashes with e-TeX commands (HO)

("C:\Users\User\AppData\Local\Programs\MiKTeX 2.9\tex\generic\oberdiek\ifluatex
.sty"
Package: ifluatex 2016/05/16 v1.4 Provides the ifluatex switch (HO)
Package ifluatex Info: LuaTeX not detected.
)
Package etexcmds Info: Could not find \expanded.
(etexcmds)             That can mean that you are not using pdfTeX 1.50 or
(etexcmds)             that some package has redefined \expanded.
(etexcmds)             In the latter case, load this package earlier.
))))
("C:\Users\User\AppData\Local\Programs\MiKTeX 2.9\tex\latex\lettrine\lettrine.s
ty"
File: lettrine.sty 2018-08-28 v2.21 (Daniel Flipo)
("C:\Users\User\AppData\Local\Programs\MiKTeX 2.9\tex\generic\minifp\minifp.sty
"
Package: minifp 2013/12/30 v0.96. Macros for real number operations and a stack
-based programing language.
\MFP@loopctr=\count90
)
\c@DefaultLines=\count91
\c@DefaultDepth=\count92
\DefaultFindent=\dimen105
\DefaultNindent=\dimen106
\DefaultSlope=\dimen107
\DiscardVskip=\dimen108
\L@lbox=\box26
\L@tbox=\box27
\c@L@lines=\count93
\c@L@depth=\count94
\L@Pindent=\dimen109
\L@Findent=\dimen110
\L@Nindent=\dimen111
\L@lraise=\dimen112
\L@first=\dimen113
\L@next=\dimen114
\L@slope=\dimen115
\L@height=\dimen116
\L@novskip=\dimen117
\L@target@ht=\dimen118
\L@target@dp=\dimen119
\L@target@tht=\dimen120
\LettrineWidth=\dimen121
\LettrineHeight=\dimen122
\LettrineDepth=\dimen123
Loading lettrine.cfg

("C:\Users\User\AppData\Local\Programs\MiKTeX 2.9\tex\latex\lettrine\lettrine.c
fg")) ("C:\Users\User\AppData\Local\Programs\MiKTeX 2.9\tex\latex\tools\verbati
m.sty"
Package: verbatim 2014/10/28 v1.5q LaTeX2e package for verbatim enhancements
\every@verbatim=\toks15
\verbatim@line=\toks16
\verbatim@in@stream=\read1
)
("C:\Users\User\AppData\Local\Programs\MiKTeX 2.9\tex\latex\tools\indentfirst.s
ty"
Package: indentfirst 1995/11/23 v1.03 Indent first paragraph (DPC)
) ("C:\Users\User\AppData\Local\Programs\MiKTeX 2.9\tex\latex\graphics\color.st
y"
Package: color 2016/07/10 v1.1e Standard LaTeX Color (DPC)

("C:\Users\User\AppData\Local\Programs\MiKTeX 2.9\tex\latex\graphics-cfg\color.
cfg"
File: color.cfg 2016/01/02 v1.6 sample color configuration
)
Package color Info: Driver file: xetex.def on input line 147.
) ("C:\Users\User\AppData\Local\Programs\MiKTeX 2.9\tex\latex\xcolor\xcolor.sty
"
Package: xcolor 2016/05/11 v2.12 LaTeX color extensions (UK)

("C:\Users\User\AppData\Local\Programs\MiKTeX 2.9\tex\latex\graphics-cfg\color.
cfg"
File: color.cfg 2016/01/02 v1.6 sample color configuration
)
Package xcolor Info: Driver file: xetex.def on input line 225.
LaTeX Info: Redefining \color on input line 709.
Package xcolor Info: Model `cmy' substituted by `cmy0' on input line 1348.
Package xcolor Info: Model `RGB' extended on input line 1364.
Package xcolor Info: Model `HTML' substituted by `rgb' on input line 1366.
Package xcolor Info: Model `Hsb' substituted by `hsb' on input line 1367.
Package xcolor Info: Model `tHsb' substituted by `hsb' on input line 1368.
Package xcolor Info: Model `HSB' substituted by `hsb' on input line 1369.
Package xcolor Info: Model `Gray' substituted by `gray' on input line 1370.
Package xcolor Info: Model `wave' substituted by `hsb' on input line 1371.
)
("C:\Users\User\AppData\Local\Programs\MiKTeX 2.9\tex\latex\hyperref\hyperref.s
ty"
Package: hyperref 2018/02/06 v6.86b Hypertext links for LaTeX

("C:\Users\User\AppData\Local\Programs\MiKTeX 2.9\tex\generic\oberdiek\hobsub-h
yperref.sty"
Package: hobsub-hyperref 2016/05/16 v1.14 Bundle oberdiek, subset hyperref (HO)


("C:\Users\User\AppData\Local\Programs\MiKTeX 2.9\tex\generic\oberdiek\hobsub-g
eneric.sty"
Package: hobsub-generic 2016/05/16 v1.14 Bundle oberdiek, subset generic (HO)
Package: hobsub 2016/05/16 v1.14 Construct package bundles (HO)
Package hobsub Info: Skipping package `infwarerr' (already loaded).
Package hobsub Info: Skipping package `ltxcmds' (already loaded).
Package hobsub Info: Skipping package `ifluatex' (already loaded).
Package: ifvtex 2016/05/16 v1.6 Detect VTeX and its facilities (HO)
Package ifvtex Info: VTeX not detected.
Package: intcalc 2016/05/16 v1.2 Expandable calculations with integers (HO)
Package: ifpdf 2017/03/15 v3.2 Provides the ifpdf switch
Package hobsub Info: Skipping package `etexcmds' (already loaded).
Package hobsub Info: Skipping package `kvsetkeys' (already loaded).
Package: kvdefinekeys 2016/05/16 v1.4 Define keys (HO)
Package: pdftexcmds 2018/01/30 v0.27 Utility functions of pdfTeX for LuaTeX (HO
)
Package pdftexcmds Info: LuaTeX not detected.
Package pdftexcmds Info: pdfTeX >= 1.30 not detected.
Package pdftexcmds Info: \pdf@primitive is available.
Package pdftexcmds Info: \pdf@ifprimitive is available.
Package pdftexcmds Info: \pdfdraftmode not found.
Package: pdfescape 2016/05/16 v1.14 Implements pdfTeX's escape features (HO)
Package: bigintcalc 2016/05/16 v1.4 Expandable calculations on big integers (HO
)
Package: bitset 2016/05/16 v1.2 Handle bit-vector datatype (HO)
Package: uniquecounter 2016/05/16 v1.3 Provide unlimited unique counter (HO)
)
Package hobsub Info: Skipping package `hobsub' (already loaded).
Package: letltxmacro 2016/05/16 v1.5 Let assignment for LaTeX macros (HO)
Package: hopatch 2016/05/16 v1.3 Wrapper for package hooks (HO)
Package: xcolor-patch 2016/05/16 xcolor patch
Package: atveryend 2016/05/16 v1.9 Hooks at the very end of document (HO)
Package: atbegshi 2016/06/09 v1.18 At begin shipout hook (HO)
Package: refcount 2016/05/16 v3.5 Data extraction from label references (HO)
Package: hycolor 2016/05/16 v1.8 Color options for hyperref/bookmark (HO)
)
("C:\Users\User\AppData\Local\Programs\MiKTeX 2.9\tex\generic\ifxetex\ifxetex.s
ty"
Package: ifxetex 2010/09/12 v0.6 Provides ifxetex conditional
)
("C:\Users\User\AppData\Local\Programs\MiKTeX 2.9\tex\latex\oberdiek\auxhook.st
y"
Package: auxhook 2016/05/16 v1.4 Hooks for auxiliary files (HO)
)
\@linkdim=\dimen124
\Hy@linkcounter=\count95
\Hy@pagecounter=\count96
("C:\Users\User\AppData\Local\Programs\MiKTeX 2.9\tex\latex\hyperref\pd1enc.def
"
File: pd1enc.def 2018/02/06 v6.86b Hyperref: PDFDocEncoding definition (HO)
)
\Hy@SavedSpaceFactor=\count97

("C:\Users\User\AppData\Local\Programs\MiKTeX 2.9\tex\latex\00miktex\hyperref.c
fg"
File: hyperref.cfg 2002/06/06 v1.2 hyperref configuration of TeXLive
)
Package hyperref Info: Hyper figures OFF on input line 4509.
Package hyperref Info: Link nesting OFF on input line 4514.
Package hyperref Info: Hyper index ON on input line 4517.
Package hyperref Info: Plain pages OFF on input line 4524.
Package hyperref Info: Backreferencing OFF on input line 4529.
Package hyperref Info: Implicit mode ON; LaTeX internals redefined.
Package hyperref Info: Bookmarks ON on input line 4762.
\c@Hy@tempcnt=\count98
("C:\Users\User\AppData\Local\Programs\MiKTeX 2.9\tex\latex\url\url.sty"
\Urlmuskip=\muskip10
Package: url 2013/09/16  ver 3.4  Verb mode for urls, etc.
)
LaTeX Info: Redefining \url on input line 5115.
\XeTeXLinkMargin=\dimen125
\Fld@menulength=\count99
\Field@Width=\dimen126
\Fld@charsize=\dimen127
Package hyperref Info: Hyper figures OFF on input line 6369.
Package hyperref Info: Link nesting OFF on input line 6374.
Package hyperref Info: Hyper index ON on input line 6377.
Package hyperref Info: backreferencing OFF on input line 6384.
Package hyperref Info: Link coloring OFF on input line 6389.
Package hyperref Info: Link coloring with OCG OFF on input line 6394.
Package hyperref Info: PDF/A mode OFF on input line 6399.
LaTeX Info: Redefining \ref on input line 6439.
LaTeX Info: Redefining \pageref on input line 6443.
\Hy@abspage=\count100
\c@Item=\count101
\c@Hfootnote=\count102
)
Package hyperref Info: Driver (autodetected): hxetex.
("C:\Users\User\AppData\Local\Programs\MiKTeX 2.9\tex\latex\hyperref\hxetex.def
"
File: hxetex.def 2018/02/06 v6.86b Hyperref driver for XeTeX
("C:\Users\User\AppData\Local\Programs\MiKTeX 2.9\tex\latex\hyperref\puenc.def"
File: puenc.def 2018/02/06 v6.86b Hyperref: PDF Unicode definition (HO)
)
("C:\Users\User\AppData\Local\Programs\MiKTeX 2.9\tex\generic\oberdiek\stringen
c.sty"
Package: stringenc 2016/05/16 v1.11 Convert strings between diff. encodings (HO
)
)
\pdfm@box=\box28
\c@Hy@AnnotLevel=\count103
\HyField@AnnotCount=\count104
\Fld@listcount=\count105
\c@bookmark@seq@number=\count106

("C:\Users\User\AppData\Local\Programs\MiKTeX 2.9\tex\latex\oberdiek\rerunfilec
heck.sty"
Package: rerunfilecheck 2016/05/16 v1.8 Rerun checks for auxiliary files (HO)
Package uniquecounter Info: New unique counter `rerunfilecheck' on input line 2
82.
)
\Hy@SectionHShift=\skip57
)
("C:\Users\User\AppData\Local\Programs\MiKTeX 2.9\tex\latex\amsfonts\amssymb.st
y"
Package: amssymb 2013/01/14 v3.01 AMS font symbols

("C:\Users\User\AppData\Local\Programs\MiKTeX 2.9\tex\latex\amsfonts\amsfonts.s
ty"
Package: amsfonts 2013/01/14 v3.01 Basic AMSFonts support
\@emptytoks=\toks17
\symAMSa=\mathgroup4
\symAMSb=\mathgroup5
LaTeX Font Info:    Overwriting math alphabet `\mathfrak' in version `bold'
(Font)                  U/euf/m/n --> U/euf/b/n on input line 106.
))
("C:\Users\User\AppData\Local\Programs\MiKTeX 2.9\tex\xelatex\mathspec\mathspec
.sty"
Package: mathspec 2016/12/22 v0.2b LaTeX Package (Mathematics font selection fo
r XeLaTeX)
("C:\Users\User\AppData\Local\Programs\MiKTeX 2.9\tex\latex\amsmath\amstext.sty
"
Package: amstext 2000/06/29 v2.01 AMS text
("C:\Users\User\AppData\Local\Programs\MiKTeX 2.9\tex\latex\amsmath\amsgen.sty"
File: amsgen.sty 1999/11/30 v2.0 generic functions
\@emptytoks=\toks18
\ex@=\dimen128
))
("C:\Users\User\AppData\Local\Programs\MiKTeX 2.9\tex\latex\fontspec\fontspec.s
ty"
("C:\Users\User\AppData\Local\Programs\MiKTeX 2.9\tex\latex\l3packages\xparse\x
parse.sty" ("C:\Users\User\AppData\Local\Programs\MiKTeX 2.9\tex\latex\l3kernel
\expl3.sty"
Package: expl3 2019-01-01 L3 programming layer (loader) 

("C:\Users\User\AppData\Local\Programs\MiKTeX 2.9\tex\latex\l3kernel\expl3-code
.tex"
Package: expl3 2019-01-01 L3 programming layer (code)
\c_max_int=\count107
\l_tmpa_int=\count108
\l_tmpb_int=\count109
\g_tmpa_int=\count110
\g_tmpb_int=\count111
\g__kernel_prg_map_int=\count112
\c_log_iow=\count113
\l_iow_line_count_int=\count114
\l__iow_line_target_int=\count115
\l__iow_one_indent_int=\count116
\l__iow_indent_int=\count117
\c_zero_dim=\dimen129
\c_max_dim=\dimen130
\l_tmpa_dim=\dimen131
\l_tmpb_dim=\dimen132
\g_tmpa_dim=\dimen133
\g_tmpb_dim=\dimen134
\c_zero_skip=\skip58
\c_max_skip=\skip59
\l_tmpa_skip=\skip60
\l_tmpb_skip=\skip61
\g_tmpa_skip=\skip62
\g_tmpb_skip=\skip63
\c_zero_muskip=\muskip11
\c_max_muskip=\muskip12
\l_tmpa_muskip=\muskip13
\l_tmpb_muskip=\muskip14
\g_tmpa_muskip=\muskip15
\g_tmpb_muskip=\muskip16
\l_keys_choice_int=\count118
\l__intarray_loop_int=\count119
\c__intarray_sp_dim=\dimen135
\g__intarray_font_int=\count120
\c__fp_leading_shift_int=\count121
\c__fp_middle_shift_int=\count122
\c__fp_trailing_shift_int=\count123
\c__fp_big_leading_shift_int=\count124
\c__fp_big_middle_shift_int=\count125
\c__fp_big_trailing_shift_int=\count126
\c__fp_Bigg_leading_shift_int=\count127
\c__fp_Bigg_middle_shift_int=\count128
\c__fp_Bigg_trailing_shift_int=\count129
\g__fp_array_int=\count130
\l__fp_array_loop_int=\count131
\l__sort_length_int=\count132
\l__sort_min_int=\count133
\l__sort_top_int=\count134
\l__sort_max_int=\count135
\l__sort_true_max_int=\count136
\l__sort_block_int=\count137
\l__sort_begin_int=\count138
\l__sort_end_int=\count139
\l__sort_A_int=\count140
\l__sort_B_int=\count141
\l__sort_C_int=\count142
\l__tl_analysis_normal_int=\count143
\l__tl_analysis_index_int=\count144
\l__tl_analysis_nesting_int=\count145
\l__tl_analysis_type_int=\count146
\l__regex_internal_a_int=\count147
\l__regex_internal_b_int=\count148
\l__regex_internal_c_int=\count149
\l__regex_balance_int=\count150
\l__regex_group_level_int=\count151
\l__regex_mode_int=\count152
\c__regex_cs_in_class_mode_int=\count153
\c__regex_cs_mode_int=\count154
\l__regex_catcodes_int=\count155
\l__regex_default_catcodes_int=\count156
\c__regex_catcode_L_int=\count157
\c__regex_catcode_O_int=\count158
\c__regex_catcode_A_int=\count159
\c__regex_all_catcodes_int=\count160
\l__regex_show_lines_int=\count161
\l__regex_min_state_int=\count162
\l__regex_max_state_int=\count163
\l__regex_left_state_int=\count164
\l__regex_right_state_int=\count165
\l__regex_capturing_group_int=\count166
\l__regex_min_pos_int=\count167
\l__regex_max_pos_int=\count168
\l__regex_curr_pos_int=\count169
\l__regex_start_pos_int=\count170
\l__regex_success_pos_int=\count171
\l__regex_curr_char_int=\count172
\l__regex_curr_catcode_int=\count173
\l__regex_last_char_int=\count174
\l__regex_case_changed_char_int=\count175
\l__regex_curr_state_int=\count176
\l__regex_step_int=\count177
\l__regex_min_active_int=\count178
\l__regex_max_active_int=\count179
\l__regex_replacement_csnames_int=\count180
\l__regex_match_count_int=\count181
\l__regex_min_submatch_int=\count182
\l__regex_submatch_int=\count183
\l__regex_zeroth_submatch_int=\count184
\g__regex_trace_regex_int=\count185
\c_empty_box=\box29
\l_tmpa_box=\box30
\l_tmpb_box=\box31
\g_tmpa_box=\box32
\g_tmpb_box=\box33
\l__box_top_dim=\dimen136
\l__box_bottom_dim=\dimen137
\l__box_left_dim=\dimen138
\l__box_right_dim=\dimen139
\l__box_top_new_dim=\dimen140
\l__box_bottom_new_dim=\dimen141
\l__box_left_new_dim=\dimen142
\l__box_right_new_dim=\dimen143
\l__box_internal_box=\box34
\l__coffin_internal_box=\box35
\l__coffin_internal_dim=\dimen144
\l__coffin_offset_x_dim=\dimen145
\l__coffin_offset_y_dim=\dimen146
\l__coffin_x_dim=\dimen147
\l__coffin_y_dim=\dimen148
\l__coffin_x_prime_dim=\dimen149
\l__coffin_y_prime_dim=\dimen150
\c_empty_coffin=\box36
\l__coffin_aligned_coffin=\box37
\l__coffin_aligned_internal_coffin=\box38
\l_tmpa_coffin=\box39
\l_tmpb_coffin=\box40
\l__coffin_display_coffin=\box41
\l__coffin_display_coord_coffin=\box42
\l__coffin_display_pole_coffin=\box43
\l__coffin_display_offset_dim=\dimen151
\l__coffin_display_x_dim=\dimen152
\l__coffin_display_y_dim=\dimen153
\g__file_internal_ior=\read2
\l__coffin_bounding_shift_dim=\dimen154
\l__coffin_left_corner_dim=\dimen155
\l__coffin_right_corner_dim=\dimen156
\l__coffin_bottom_corner_dim=\dimen157
\l__coffin_top_corner_dim=\dimen158
\l__coffin_scaled_total_height_dim=\dimen159
\l__coffin_scaled_width_dim=\dimen160
)
("C:\Users\User\AppData\Local\Programs\MiKTeX 2.9\tex\latex\l3kernel\l3xdvipdfm
x.def"
File: l3xdvidpfmx.def 2019-01-01 v L3 Experimental driver: xdvipdfmx
\g__driver_image_int=\count186
\g__driver_pdf_object_int=\count187
))
Package: xparse 2018-10-17 L3 Experimental document command parser
\l__xparse_current_arg_int=\count188
\g__xparse_grabber_int=\count189
\l__xparse_m_args_int=\count190
\l__xparse_mandatory_args_int=\count191
\l__xparse_v_nesting_int=\count192
)
Package: fontspec 2017/11/09 v2.6g Font selection for XeLaTeX and LuaLaTeX

("C:\Users\User\AppData\Local\Programs\MiKTeX 2.9\tex\latex\fontspec\fontspec-x
etex.sty"
Package: fontspec-xetex 2017/11/09 v2.6g Font selection for XeLaTeX and LuaLaTe
X
\l__fontspec_script_int=\count193
\l__fontspec_language_int=\count194
\l__fontspec_strnum_int=\count195
\l__fontspec_tmp_int=\count196
\l__fontspec_em_int=\count197
\l__fontspec_emdef_int=\count198
\l__fontspec_strong_int=\count199
\l__fontspec_strongdef_int=\count266
\l__fontspec_tmpa_dim=\dimen161
\l__fontspec_tmpb_dim=\dimen162
\l__fontspec_tmpc_dim=\dimen163
("C:\Users\User\AppData\Local\Programs\MiKTeX 2.9\tex\latex\base\fontenc.sty"
Package: fontenc 2017/04/05 v2.0i Standard LaTeX package
("C:\Users\User\AppData\Local\Programs\MiKTeX 2.9\tex\latex\base\tuenc.def"
File: tuenc.def 2017/04/05 v2.0i Standard LaTeX file
LaTeX Font Info:    Redeclaring font encoding TU on input line 82.
))
("C:\Users\User\AppData\Local\Programs\MiKTeX 2.9\tex\latex\fontspec\fontspec.c
fg")
LaTeX Info: Redefining \itshape on input line 3891.
LaTeX Info: Redefining \slshape on input line 3896.
LaTeX Info: Redefining \scshape on input line 3901.
LaTeX Info: Redefining \upshape on input line 3906.
LaTeX Info: Redefining \em on input line 3936.
LaTeX Info: Redefining \emph on input line 3961.
LaTeX Info: Redefining \- on input line 4015.
)) ("C:\Users\User\AppData\Local\Programs\MiKTeX 2.9\tex\latex\xkeyval\xkeyval.
sty"
Package: xkeyval 2014/12/03 v2.7a package option processing (HA)

("C:\Users\User\AppData\Local\Programs\MiKTeX 2.9\tex\generic\xkeyval\xkeyval.t
ex"
("C:\Users\User\AppData\Local\Programs\MiKTeX 2.9\tex\generic\xkeyval\xkvutils.
tex"
\XKV@toks=\toks19
\XKV@tempa@toks=\toks20
)
\XKV@depth=\count267
File: xkeyval.tex 2014/12/03 v2.7a key=value parser (HA)
))
\c@eu@=\count268
\c@eu@i=\count269
\c@mkern=\count270
) ("C:\Users\User\AppData\Local\Programs\MiKTeX 2.9\tex\latex\caption\caption.s
ty"
Package: caption 2018/10/06 v3.3-154 Customizing captions (AR)

("C:\Users\User\AppData\Local\Programs\MiKTeX 2.9\tex\latex\caption\caption3.st
y"
Package: caption3 2018/09/12 v1.8c caption3 kernel (AR)
Package caption3 Info: TeX engine: e-TeX on input line 64.
\captionmargin=\dimen164
\captionmargin@=\dimen165
\captionwidth=\dimen166
\caption@tempdima=\dimen167
\caption@indent=\dimen168
\caption@parindent=\dimen169
\caption@hangindent=\dimen170
)
Package caption Info: We need package `newfloat' on input line 289.

("C:\Users\User\AppData\Local\Programs\MiKTeX 2.9\tex\latex\caption\newfloat.st
y"
Package: newfloat 2018/03/04 v1.1a Defining new floating environments (AR)
)
\c@caption@flags=\count271
\c@ContinuedFloat=\count272
Package caption Info: hyperref package is loaded.
)
("C:\Users\User\AppData\Local\Programs\MiKTeX 2.9\tex\latex\microtype\microtype
.sty"
Package: microtype 2018/01/14 v2.7a Micro-typographical refinements (RS)
\MT@toks=\toks21
\MT@count=\count273
LaTeX Info: Redefining \textls on input line 793.
\MT@outer@kern=\dimen171
LaTeX Info: Redefining \textmicrotypecontext on input line 1339.
\MT@listname@count=\count274

("C:\Users\User\AppData\Local\Programs\MiKTeX 2.9\tex\latex\microtype\microtype
-xetex.def"
File: microtype-xetex.def 2018/01/14 v2.7a Definitions specific to xetex (RS)
LaTeX Info: Redefining \lsstyle on input line 256.
)
Package microtype Info: Loading configuration file microtype.cfg.

("C:\Users\User\AppData\Local\Programs\MiKTeX 2.9\tex\latex\microtype\microtype
.cfg"
File: microtype.cfg 2018/01/14 v2.7a microtype main configuration file (RS)
))
("C:\Users\User\AppData\Local\Programs\MiKTeX 2.9\tex\latex\placeins\placeins.s
ty"
Package: placeins 2005/04/18  v 2.2
)
("C:\Users\User\AppData\Local\Programs\MiKTeX 2.9\tex\latex\chngcntr\chngcntr.s
ty"
Package: chngcntr 2018/04/09 v1.1a change counter resetting
Package chngcntr Info: \counterwithout already defined.
(chngcntr)             Quitting chngcntr on input line 21.
)
("C:\Users\User\AppData\Local\Programs\MiKTeX 2.9\tex\latex\titlesec\titlesec.s
ty"
Package: titlesec 2016/03/21 v2.10.2 Sectioning titles
\ttl@box=\box44
\beforetitleunit=\skip64
\aftertitleunit=\skip65
\ttl@plus=\dimen172
\ttl@minus=\dimen173
\ttl@toksa=\toks22
\titlewidth=\dimen174
\titlewidthlast=\dimen175
\titlewidthfirst=\dimen176
) ("C:\Users\User\AppData\Local\Programs\MiKTeX 2.9\tex\latex\titling\titling.s
ty"
Package: titling 2009/09/04 v2.1d maketitle typesetting
\thanksmarkwidth=\skip66
\thanksmargin=\skip67
\droptitle=\skip68
)
("C:\Users\User\AppData\Local\Programs\MiKTeX 2.9\tex\latex\lastpage\lastpage.s
ty"
Package: lastpage 2015/03/29 v1.2m Refers to last page's name (HMM; JPG)
)
("C:\Users\User\AppData\Local\Programs\MiKTeX 2.9\tex\latex\fancyhdr\fancyhdr.s
ty"
Package: fancyhdr 2017/06/30 v3.9a Extensive control of page headers and footer
s
\f@nch@headwidth=\skip69
\f@nch@O@elh=\skip70
\f@nch@O@erh=\skip71
\f@nch@O@olh=\skip72
\f@nch@O@orh=\skip73
\f@nch@O@elf=\skip74
\f@nch@O@erf=\skip75
\f@nch@O@olf=\skip76
\f@nch@O@orf=\skip77
) ("C:\Users\User\AppData\Local\Programs\MiKTeX 2.9\tex\latex\tocloft\tocloft.s
ty"
Package: tocloft 2017/08/31 v2.3i parameterised ToC, etc., typesetting
Package tocloft Info: The document has chapter divisions on input line 51.
\cftparskip=\skip78
\cftbeforetoctitleskip=\skip79
\cftaftertoctitleskip=\skip80
\cftbeforepartskip=\skip81
\cftpartnumwidth=\skip82
\cftpartindent=\skip83
\cftbeforechapskip=\skip84
\cftchapindent=\skip85
\cftchapnumwidth=\skip86
\cftbeforesecskip=\skip87
\cftsecindent=\skip88
\cftsecnumwidth=\skip89
\cftbeforesubsecskip=\skip90
\cftsubsecindent=\skip91
\cftsubsecnumwidth=\skip92
\cftbeforesubsubsecskip=\skip93
\cftsubsubsecindent=\skip94
\cftsubsubsecnumwidth=\skip95
\cftbeforeparaskip=\skip96
\cftparaindent=\skip97
\cftparanumwidth=\skip98
\cftbeforesubparaskip=\skip99
\cftsubparaindent=\skip100
\cftsubparanumwidth=\skip101
\cftbeforeloftitleskip=\skip102
\cftafterloftitleskip=\skip103
\cftbeforefigskip=\skip104
\cftfigindent=\skip105
\cftfignumwidth=\skip106
\c@lofdepth=\count275
\c@lotdepth=\count276
\cftbeforelottitleskip=\skip107
\cftafterlottitleskip=\skip108
\cftbeforetabskip=\skip109
\cfttabindent=\skip110
\cfttabnumwidth=\skip111

Package tocloft Warning: \@starttoc has already been redefined; tocloft bailing
 out. on input line 1147.

)
("C:\Users\User\AppData\Local\Programs\MiKTeX 2.9\tex\latex\appendix\appendix.s
ty"
Package: appendix 2009/09/02 v1.2b extra appendix facilities
\c@@pps=\count277
\c@@ppsavesec=\count278
\c@@ppsaveapp=\count279
)
("C:\Users\User\AppData\Local\Programs\MiKTeX 2.9\tex\latex\multirow\multirow.s
ty"
Package: multirow 2016/11/25 v2.2 Span multiple rows of a table
\multirow@colwidth=\skip112
\multirow@cntb=\count280
\multirow@dima=\skip113
\bigstrutjot=\dimen177
)
("C:\Users\User\AppData\Local\Programs\MiKTeX 2.9\tex\latex\booktabs\booktabs.s
ty"
Package: booktabs 2005/04/14 v1.61803 publication quality tables
\heavyrulewidth=\dimen178
\lightrulewidth=\dimen179
\cmidrulewidth=\dimen180
\belowrulesep=\dimen181
\belowbottomsep=\dimen182
\aboverulesep=\dimen183
\abovetopsep=\dimen184
\cmidrulesep=\dimen185
\cmidrulekern=\dimen186
\defaultaddspace=\dimen187
\@cmidla=\count281
\@cmidlb=\count282
\@aboverulesep=\dimen188
\@belowrulesep=\dimen189
\@thisruleclass=\count283
\@lastruleclass=\count284
\@thisrulewidth=\dimen190
)
("C:\Users\User\AppData\Local\Programs\MiKTeX 2.9\tex\latex\threeparttable\thre
eparttable.sty"
Package: threeparttable 2003/06/13  v 3.0
\@tempboxb=\box45
) ("C:\Users\User\AppData\Local\Programs\MiKTeX 2.9\tex\latex\tools\array.sty"
Package: array 2018/04/30 v2.4h Tabular extension package (FMi)
\col@sep=\dimen191
\ar@mcellbox=\box46
\extrarowheight=\dimen192
\NC@list=\toks23
\extratabsurround=\skip114
\backup@length=\skip115
\ar@cellbox=\box47
)
("C:\Users\User\AppData\Local\Programs\MiKTeX 2.9\tex\latex\quotchap\quotchap.s
ty"
Package: quotchap 2012/10/20 v1.1 Decorative Chapter Headings with Quotes
\@quotebox=\box48
)
("C:\Users\User\AppData\Local\Programs\MiKTeX 2.9\tex\latex\blindtext\blindtext
.sty"
Package: blindtext 2012/01/06 V2.0 blindtext-Package
("C:\Users\User\AppData\Local\Programs\MiKTeX 2.9\tex\latex\tools\xspace.sty"
Package: xspace 2014/10/28 v1.13 Space after command names (DPC,MH)
)
\c@blindtext=\count285
\c@Blindtext=\count286
\c@blind@countparstart=\count287
\blind@countxx=\count288
\blindtext@numBlindtext=\count289
\blind@countyy=\count290
\c@blindlist=\count291
\c@blindlistlevel=\count292
\c@blindlist@level=\count293
\blind@listitem=\count294
\c@blind@listcount=\count295
\c@blind@levelcount=\count296
\blind@mathformula=\count297
\blind@Mathformula=\count298
\c@blind@randomcount=\count299
\c@blind@randommax=\count300
\c@blind@pangramcount=\count301
\c@blind@pangrammax=\count302
)) ("C:\Users\User\AppData\Local\Programs\MiKTeX 2.9\tex\latex\lm\lmodern.sty"
Package: lmodern 2009/10/30 v1.6 Latin Modern Fonts
LaTeX Font Info:    Overwriting symbol font `operators' in version `normal'
(Font)                  OT1/cmr/m/n --> OT1/lmr/m/n on input line 22.
LaTeX Font Info:    Overwriting symbol font `letters' in version `normal'
(Font)                  OML/cmm/m/it --> OML/lmm/m/it on input line 23.
LaTeX Font Info:    Overwriting symbol font `symbols' in version `normal'
(Font)                  OMS/cmsy/m/n --> OMS/lmsy/m/n on input line 24.
LaTeX Font Info:    Overwriting symbol font `largesymbols' in version `normal'
(Font)                  OMX/cmex/m/n --> OMX/lmex/m/n on input line 25.
LaTeX Font Info:    Overwriting symbol font `operators' in version `bold'
(Font)                  OT1/cmr/bx/n --> OT1/lmr/bx/n on input line 26.
LaTeX Font Info:    Overwriting symbol font `letters' in version `bold'
(Font)                  OML/cmm/b/it --> OML/lmm/b/it on input line 27.
LaTeX Font Info:    Overwriting symbol font `symbols' in version `bold'
(Font)                  OMS/cmsy/b/n --> OMS/lmsy/b/n on input line 28.
LaTeX Font Info:    Overwriting symbol font `largesymbols' in version `bold'
(Font)                  OMX/cmex/m/n --> OMX/lmex/m/n on input line 29.
LaTeX Font Info:    Overwriting math alphabet `\mathbf' in version `normal'
(Font)                  OT1/cmr/bx/n --> OT1/lmr/bx/n on input line 31.
LaTeX Font Info:    Overwriting math alphabet `\mathsf' in version `normal'
(Font)                  OT1/cmss/m/n --> OT1/lmss/m/n on input line 32.
LaTeX Font Info:    Overwriting math alphabet `\mathit' in version `normal'
(Font)                  OT1/cmr/m/it --> OT1/lmr/m/it on input line 33.
LaTeX Font Info:    Overwriting math alphabet `\mathtt' in version `normal'
(Font)                  OT1/cmtt/m/n --> OT1/lmtt/m/n on input line 34.
LaTeX Font Info:    Overwriting math alphabet `\mathbf' in version `bold'
(Font)                  OT1/cmr/bx/n --> OT1/lmr/bx/n on input line 35.
LaTeX Font Info:    Overwriting math alphabet `\mathsf' in version `bold'
(Font)                  OT1/cmss/bx/n --> OT1/lmss/bx/n on input line 36.
LaTeX Font Info:    Overwriting math alphabet `\mathit' in version `bold'
(Font)                  OT1/cmr/bx/it --> OT1/lmr/bx/it on input line 37.
LaTeX Font Info:    Overwriting math alphabet `\mathtt' in version `bold'
(Font)                  OT1/cmtt/m/n --> OT1/lmtt/m/n on input line 38.
) ("C:\Users\User\AppData\Local\Programs\MiKTeX 2.9\tex\latex\amsmath\amsmath.s
ty"
Package: amsmath 2017/09/02 v2.17a AMS math features
\@mathmargin=\skip116
For additional information on amsmath, use the `?' option.
("C:\Users\User\AppData\Local\Programs\MiKTeX 2.9\tex\latex\amsmath\amsbsy.sty"
Package: amsbsy 1999/11/29 v1.2d Bold Symbols
\pmbraise@=\dimen193
) ("C:\Users\User\AppData\Local\Programs\MiKTeX 2.9\tex\latex\amsmath\amsopn.st
y"
Package: amsopn 2016/03/08 v2.02 operator names
)
\inf@bad=\count303
LaTeX Info: Redefining \frac on input line 213.
\uproot@=\count304
\leftroot@=\count305
LaTeX Font Info:    Redeclaring math symbol \varTheta on input line 373.
LaTeX Info: Redefining \overline on input line 375.
\classnum@=\count306
\DOTSCASE@=\count307
LaTeX Info: Redefining \ldots on input line 472.
LaTeX Info: Redefining \dots on input line 475.
LaTeX Info: Redefining \cdots on input line 596.
\Mathstrutbox@=\box49
\strutbox@=\box50
\big@size=\dimen194
LaTeX Font Info:    Redeclaring font encoding OML on input line 712.
LaTeX Font Info:    Redeclaring font encoding OMS on input line 713.
\macc@depth=\count308
\c@MaxMatrixCols=\count309
\dotsspace@=\muskip17
\c@parentequation=\count310
\dspbrk@lvl=\count311
\tag@help=\toks24
\row@=\count312
\column@=\count313
\maxfields@=\count314
\andhelp@=\toks25
\eqnshift@=\dimen195
\alignsep@=\dimen196
\tagshift@=\dimen197
\tagwidth@=\dimen198
\totwidth@=\dimen199
\lineht@=\dimen256
\@envbody=\toks26
\multlinegap=\skip117
\multlinetaggap=\skip118
\mathdisplay@stack=\toks27
LaTeX Info: Redefining \[ on input line 2817.
LaTeX Info: Redefining \] on input line 2818.
) ("C:\Users\User\AppData\Local\Programs\MiKTeX 2.9\tex\latex\upquote\upquote.s
ty"
Package: upquote 2012/04/19 v1.3 upright-quote and grave-accent glyphs in verba
tim
("C:\Users\User\AppData\Local\Programs\MiKTeX 2.9\tex\latex\base\textcomp.sty"
Package: textcomp 2017/04/05 v2.0i Standard LaTeX package
Package textcomp Info: Sub-encoding information:
(textcomp)               5 = only ISO-Adobe without \textcurrency
(textcomp)               4 = 5 + \texteuro
(textcomp)               3 = 4 + \textohm
(textcomp)               2 = 3 + \textestimated + \textcurrency
(textcomp)               1 = TS1 - \textcircled - \t
(textcomp)               0 = TS1 (full)
(textcomp)             Font families with sub-encoding setting implement
(textcomp)             only a restricted character set as indicated.
(textcomp)             Family '?' is the default used for unknown fonts.
(textcomp)             See the documentation for details.
Package textcomp Info: Setting ? sub-encoding to TS1/1 on input line 79.
("C:\Users\User\AppData\Local\Programs\MiKTeX 2.9\tex\latex\base\ts1enc.def"
File: ts1enc.def 2001/06/05 v3.0e (jk/car/fm) Standard LaTeX file
)
LaTeX Info: Redefining \oldstylenums on input line 334.
Package textcomp Info: Setting cmr sub-encoding to TS1/0 on input line 349.
Package textcomp Info: Setting cmss sub-encoding to TS1/0 on input line 350.
Package textcomp Info: Setting cmtt sub-encoding to TS1/0 on input line 351.
Package textcomp Info: Setting cmvtt sub-encoding to TS1/0 on input line 352.
Package textcomp Info: Setting cmbr sub-encoding to TS1/0 on input line 353.
Package textcomp Info: Setting cmtl sub-encoding to TS1/0 on input line 354.
Package textcomp Info: Setting ccr sub-encoding to TS1/0 on input line 355.
Package textcomp Info: Setting ptm sub-encoding to TS1/4 on input line 356.
Package textcomp Info: Setting pcr sub-encoding to TS1/4 on input line 357.
Package textcomp Info: Setting phv sub-encoding to TS1/4 on input line 358.
Package textcomp Info: Setting ppl sub-encoding to TS1/3 on input line 359.
Package textcomp Info: Setting pag sub-encoding to TS1/4 on input line 360.
Package textcomp Info: Setting pbk sub-encoding to TS1/4 on input line 361.
Package textcomp Info: Setting pnc sub-encoding to TS1/4 on input line 362.
Package textcomp Info: Setting pzc sub-encoding to TS1/4 on input line 363.
Package textcomp Info: Setting bch sub-encoding to TS1/4 on input line 364.
Package textcomp Info: Setting put sub-encoding to TS1/5 on input line 365.
Package textcomp Info: Setting uag sub-encoding to TS1/5 on input line 366.
Package textcomp Info: Setting ugq sub-encoding to TS1/5 on input line 367.
Package textcomp Info: Setting ul8 sub-encoding to TS1/4 on input line 368.
Package textcomp Info: Setting ul9 sub-encoding to TS1/4 on input line 369.
Package textcomp Info: Setting augie sub-encoding to TS1/5 on input line 370.
Package textcomp Info: Setting dayrom sub-encoding to TS1/3 on input line 371.
Package textcomp Info: Setting dayroms sub-encoding to TS1/3 on input line 372.

Package textcomp Info: Setting pxr sub-encoding to TS1/0 on input line 373.
Package textcomp Info: Setting pxss sub-encoding to TS1/0 on input line 374.
Package textcomp Info: Setting pxtt sub-encoding to TS1/0 on input line 375.
Package textcomp Info: Setting txr sub-encoding to TS1/0 on input line 376.
Package textcomp Info: Setting txss sub-encoding to TS1/0 on input line 377.
Package textcomp Info: Setting txtt sub-encoding to TS1/0 on input line 378.
Package textcomp Info: Setting lmr sub-encoding to TS1/0 on input line 379.
Package textcomp Info: Setting lmdh sub-encoding to TS1/0 on input line 380.
Package textcomp Info: Setting lmss sub-encoding to TS1/0 on input line 381.
Package textcomp Info: Setting lmssq sub-encoding to TS1/0 on input line 382.
Package textcomp Info: Setting lmvtt sub-encoding to TS1/0 on input line 383.
Package textcomp Info: Setting lmtt sub-encoding to TS1/0 on input line 384.
Package textcomp Info: Setting qhv sub-encoding to TS1/0 on input line 385.
Package textcomp Info: Setting qag sub-encoding to TS1/0 on input line 386.
Package textcomp Info: Setting qbk sub-encoding to TS1/0 on input line 387.
Package textcomp Info: Setting qcr sub-encoding to TS1/0 on input line 388.
Package textcomp Info: Setting qcs sub-encoding to TS1/0 on input line 389.
Package textcomp Info: Setting qpl sub-encoding to TS1/0 on input line 390.
Package textcomp Info: Setting qtm sub-encoding to TS1/0 on input line 391.
Package textcomp Info: Setting qzc sub-encoding to TS1/0 on input line 392.
Package textcomp Info: Setting qhvc sub-encoding to TS1/0 on input line 393.
Package textcomp Info: Setting futs sub-encoding to TS1/4 on input line 394.
Package textcomp Info: Setting futx sub-encoding to TS1/4 on input line 395.
Package textcomp Info: Setting futj sub-encoding to TS1/4 on input line 396.
Package textcomp Info: Setting hlh sub-encoding to TS1/3 on input line 397.
Package textcomp Info: Setting hls sub-encoding to TS1/3 on input line 398.
Package textcomp Info: Setting hlst sub-encoding to TS1/3 on input line 399.
Package textcomp Info: Setting hlct sub-encoding to TS1/5 on input line 400.
Package textcomp Info: Setting hlx sub-encoding to TS1/5 on input line 401.
Package textcomp Info: Setting hlce sub-encoding to TS1/5 on input line 402.
Package textcomp Info: Setting hlcn sub-encoding to TS1/5 on input line 403.
Package textcomp Info: Setting hlcw sub-encoding to TS1/5 on input line 404.
Package textcomp Info: Setting hlcf sub-encoding to TS1/5 on input line 405.
Package textcomp Info: Setting pplx sub-encoding to TS1/3 on input line 406.
Package textcomp Info: Setting pplj sub-encoding to TS1/3 on input line 407.
Package textcomp Info: Setting ptmx sub-encoding to TS1/4 on input line 408.
Package textcomp Info: Setting ptmj sub-encoding to TS1/4 on input line 409.
))
("C:\Users\User\AppData\Local\Programs\MiKTeX 2.9\tex\latex\geometry\geometry.s
ty"
Package: geometry 2018/04/16 v5.8 Page Geometry
\Gm@cnth=\count315
\Gm@cntv=\count316
\c@Gm@tempcnt=\count317
\Gm@bindingoffset=\dimen257
\Gm@wd@mp=\dimen258
\Gm@odd@mp=\dimen259
\Gm@even@mp=\dimen260
\Gm@layoutwidth=\dimen261
\Gm@layoutheight=\dimen262
\Gm@layouthoffset=\dimen263
\Gm@layoutvoffset=\dimen264
\Gm@dimlist=\toks28

("C:\Users\User\AppData\Local\Programs\MiKTeX 2.9\tex\xelatex\xetexconfig\geome
try.cfg"))
Package hyperref Info: Option `unicode' set `true' on input line 30.

("C:\Users\User\AppData\Local\Programs\MiKTeX 2.9\tex\generic\oberdiek\se-ascii
-print.def"
File: se-ascii-print.def 2016/05/16 v1.11 stringenc: Printable ASCII characters

)
Package hyperref Info: Option `breaklinks' set `true' on input line 30.

("C:\Users\User\AppData\Local\Programs\MiKTeX 2.9\tex\latex\fancyvrb\fancyvrb.s
ty"
Package: fancyvrb 2018/11/20
Style option: `fancyvrb' v3.1a <2018/11/20> (tvz)
\FV@CodeLineNo=\count318
\FV@InFile=\read3
\FV@TabBox=\box51
\c@FancyVerbLine=\count319
\FV@StepNumber=\count320
\FV@OutFile=\write3
) ("C:\Users\User\AppData\Local\Programs\MiKTeX 2.9\tex\latex\framed\framed.sty
"
Package: framed 2011/10/22 v 0.96: framed or shaded text with page breaks
\OuterFrameSep=\skip119
\fb@frw=\dimen265
\fb@frh=\dimen266
\FrameRule=\dimen267
\FrameSep=\dimen268
)
("C:\Users\User\AppData\Local\Programs\MiKTeX 2.9\tex\latex\oberdiek\grffile.st
y"
Package: grffile 2017/06/30 v1.18 Extended file name support for graphics (HO)
Package grffile Info: Option `multidot' is set to `true'.
Package grffile Info: Option `extendedchars' is set to `false'.
Package grffile Info: Option `space' is set to `true'.
Package grffile Info: \Gin@ii of package `graphicx' fixed on input line 494.
)

Package array Warning: Column x is already defined on input line 139.

("C:\Users\User\AppData\Local\Programs\MiKTeX 2.9\tex\latex\cancel\cancel.sty"
Package: cancel 2013/04/12 v2.2 Cancel math terms
) (MMNotebook.aux)
\openout1 = `MMNotebook.aux'.

LaTeX Font Info:    Checking defaults for OML/cmm/m/it on input line 147.
LaTeX Font Info:    ... okay on input line 147.
LaTeX Font Info:    Checking defaults for T1/cmr/m/n on input line 147.
LaTeX Font Info:    ... okay on input line 147.
LaTeX Font Info:    Checking defaults for OT1/cmr/m/n on input line 147.
LaTeX Font Info:    ... okay on input line 147.
LaTeX Font Info:    Checking defaults for OMS/cmsy/m/n on input line 147.
LaTeX Font Info:    ... okay on input line 147.
LaTeX Font Info:    Checking defaults for TU/lmr/m/n on input line 147.
LaTeX Font Info:    ... okay on input line 147.
LaTeX Font Info:    Checking defaults for OMX/cmex/m/n on input line 147.
LaTeX Font Info:    ... okay on input line 147.
LaTeX Font Info:    Checking defaults for U/cmr/m/n on input line 147.
LaTeX Font Info:    ... okay on input line 147.
LaTeX Font Info:    Checking defaults for PD1/pdf/m/n on input line 147.
LaTeX Font Info:    ... okay on input line 147.
LaTeX Font Info:    Checking defaults for PU/pdf/m/n on input line 147.
LaTeX Font Info:    ... okay on input line 147.
LaTeX Font Info:    Checking defaults for TS1/cmr/m/n on input line 147.
LaTeX Font Info:    Try loading font information for TS1+cmr on input line 147.

("C:\Users\User\AppData\Local\Programs\MiKTeX 2.9\tex\latex\base\ts1cmr.fd"
File: ts1cmr.fd 2014/09/29 v2.5h Standard LaTeX font definitions
)
LaTeX Font Info:    ... okay on input line 147.
ABD: EverySelectfont initializing macros
LaTeX Info: Redefining \selectfont on input line 147.
\AtBeginShipoutBox=\box52
Package hyperref Info: Link coloring OFF on input line 147.

("C:\Users\User\AppData\Local\Programs\MiKTeX 2.9\tex\latex\hyperref\nameref.st
y"
Package: nameref 2016/05/21 v2.44 Cross-referencing by name of section

("C:\Users\User\AppData\Local\Programs\MiKTeX 2.9\tex\generic\oberdiek\gettitle
string.sty"
Package: gettitlestring 2016/05/16 v1.5 Cleanup title references (HO)
)
\c@section@level=\count321
)
LaTeX Info: Redefining \ref on input line 147.
LaTeX Info: Redefining \pageref on input line 147.
LaTeX Info: Redefining \nameref on input line 147.
(MMNotebook.out) (MMNotebook.out)
\@outlinefile=\write4
\openout4 = `MMNotebook.out'.

Package caption Info: Begin \AtBeginDocument code.
Package caption Info: threeparttable package is loaded.
Package caption Info: End \AtBeginDocument code.
LaTeX Info: Redefining \microtypecontext on input line 147.
Package microtype Info: Character protrusion enabled (level 2).
Package microtype Info: Using protrusion set `basicmath'.
Package microtype Info: No adjustment of tracking.
Package microtype Info: No adjustment of spacing.
Package microtype Info: No adjustment of kerning.

("C:\Users\User\AppData\Local\Programs\MiKTeX 2.9\tex\latex\microtype\mt-LatinM
odernRoman.cfg"
File: mt-LatinModernRoman.cfg 2013/03/13 v1.0 microtype config. file: Latin Mod
ern Roman (RS)
)
Package lastpage Info: Please have a look at the pageslts package at
(lastpage)             https://www.ctan.org/pkg/pageslts
(lastpage)             ! on input line 147.
*geometry* detected driver: pdftex
*geometry* verbose mode - [ preamble ] result:
* driver: pdftex
* paper: <default>
* layout: <same size as paper>
* layoutoffset:(h,v)=(0.0pt,0.0pt)
* modes: 
* h-part:(L,W,R)=(108.405pt, 433.62001pt, 72.26999pt)
* v-part:(T,H,B)=(72.26999pt, 650.43001pt, 72.26999pt)
* \paperwidth=614.295pt
* \paperheight=794.96999pt
* \textwidth=433.62001pt
* \textheight=650.43001pt
* \oddsidemargin=36.13501pt
* \evensidemargin=36.13501pt
* \topmargin=-34.8738pt
* \headheight=15.0pt
* \headsep=19.8738pt
* \topskip=12.0pt
* \footskip=30.0pt
* \marginparwidth=47.0pt
* \marginparsep=7.0pt
* \columnsep=10.0pt
* \skip\footins=10.8pt plus 4.0pt minus 2.0pt
* \hoffset=0.0pt
* \voffset=0.0pt
* \mag=1000
* \@twocolumnfalse
* \@twosidefalse
* \@mparswitchfalse
* \@reversemarginfalse
* (1in=72.27pt=25.4mm, 1cm=28.453pt)


Package fontspec Warning: \addfontfeature(s) ignored on line 148; it cannot be
(fontspec)                used with a font that wasn't selected by a fontspec
(fontspec)                command.
(fontspec)                 
(fontspec)                 The current font is "\TU/lmr/m/n/12 ".
(fontspec)                  The requested feature is "RawFeature=+tnum". 

LaTeX Font Info:    Try loading font information for OT1+lmr on input line 148.

("C:\Users\User\AppData\Local\Programs\MiKTeX 2.9\tex\latex\lm\ot1lmr.fd"
File: ot1lmr.fd 2009/10/30 v1.6 Font defs for Latin Modern
)
Package microtype Info: Loading generic protrusion settings for font family
(microtype)             `lmr' (encoding: OT1).
(microtype)             For optimal results, create family-specific settings.
(microtype)             See the microtype manual for details.
LaTeX Font Info:    Try loading font information for OML+lmm on input line 148.

("C:\Users\User\AppData\Local\Programs\MiKTeX 2.9\tex\latex\lm\omllmm.fd"
File: omllmm.fd 2009/10/30 v1.6 Font defs for Latin Modern
)
LaTeX Font Info:    Try loading font information for OMS+lmsy on input line 148
.
("C:\Users\User\AppData\Local\Programs\MiKTeX 2.9\tex\latex\lm\omslmsy.fd"
File: omslmsy.fd 2009/10/30 v1.6 Font defs for Latin Modern
)
LaTeX Font Info:    Try loading font information for OMX+lmex on input line 148
.
("C:\Users\User\AppData\Local\Programs\MiKTeX 2.9\tex\latex\lm\omxlmex.fd"
File: omxlmex.fd 2009/10/30 v1.6 Font defs for Latin Modern
)
LaTeX Font Info:    External font `lmex10' loaded for size
(Font)              <12> on input line 148.
LaTeX Font Info:    External font `lmex10' loaded for size
(Font)              <8> on input line 148.
LaTeX Font Info:    External font `lmex10' loaded for size
(Font)              <6> on input line 148.
LaTeX Font Info:    Try loading font information for U+msa on input line 148.
("C:\Users\User\AppData\Local\Programs\MiKTeX 2.9\tex\latex\amsfonts\umsa.fd"
File: umsa.fd 2013/01/14 v3.01 AMS symbols A
)
("C:\Users\User\AppData\Local\Programs\MiKTeX 2.9\tex\latex\microtype\mt-msa.cf
g"
File: mt-msa.cfg 2006/02/04 v1.1 microtype config. file: AMS symbols (a) (RS)
)
LaTeX Font Info:    Try loading font information for U+msb on input line 148.
("C:\Users\User\AppData\Local\Programs\MiKTeX 2.9\tex\latex\amsfonts\umsb.fd"
File: umsb.fd 2013/01/14 v3.01 AMS symbols B
)
("C:\Users\User\AppData\Local\Programs\MiKTeX 2.9\tex\latex\microtype\mt-msb.cf
g"
File: mt-msb.cfg 2005/06/01 v1.0 microtype config. file: AMS symbols (b) (RS)
) [1

] [1

] [2

] [3] [4

] [5

] [6

] (MMNotebook.toc [7

]
Underfull \hbox (badness 10000) in paragraph at lines 36--36
 [][] []\TU/lmr/m/n/12 Principle 1: The individual paths are interpreted based 
on the corre- 
 []


Underfull \hbox (badness 10000) in paragraph at lines 37--37
 [][] []\TU/lmr/m/n/12 Principle 2: The indirect effect, as a combination of th
e $\OML/lmm/m/it/12 a$ \TU/lmr/m/n/12 and $\OML/lmm/m/it/12 b$ 
 []


Underfull \hbox (badness 10000) in paragraph at lines 38--38
 [][] []\TU/lmr/m/n/12 Principle 3: Both the direct and total effects are inter
preted based 
 []

[8])
\tf@toc=\write5
\openout5 = `MMNotebook.toc'.

[9] (MMNotebook.lot
Underfull \hbox (badness 10000) in paragraph at lines 2--2
 [][] [][]\TU/lmr/m/n/12 The various approaches to handling mediation with cate
gorical medi- 
 []


Underfull \hbox (badness 10000) in paragraph at lines 4--4
 [][] [][]\TU/lmr/m/n/12 The generalized linear model link functions with their
 associated 
 []


Underfull \hbox (badness 10000) in paragraph at lines 4--4
 \TU/lmr/m/n/12 units of interpretation. Note: This list is not exhaustive and 
there 
 []


Underfull \hbox (badness 10000) in paragraph at lines 7--7
 [][] [][]\TU/lmr/m/n/12 The various experimental conditions of the Monte Carlo
 simulation 
 []


Underfull \hbox (badness 10000) in paragraph at lines 11--11
 [][] [][]\TU/lmr/m/n/12 Average discrepancies between the decomposed total eff
ect and the 
 []


Underfull \hbox (badness 10000) in paragraph at lines 14--14
 [][] [][]\TU/lmr/m/n/12 The percent of mediation (the percent of the total eff
ect) by path for 
 []

)
\tf@lot=\write6
\openout6 = `MMNotebook.lot'.

[10

] (MMNotebook.lof
Underfull \hbox (badness 10000) in paragraph at lines 2--2
 [][] [][]\TU/lmr/m/n/12 Path diagram of a simple mediation analysis model with
 a single 
 []


Underfull \hbox (badness 10000) in paragraph at lines 4--4
 [][] [][]\TU/lmr/m/n/12 a) Comparison of odds ratio and risk ratio with the av
erage marginal 
 []


Underfull \hbox (badness 10000) in paragraph at lines 4--4
 \TU/lmr/m/n/12 risk (probability). b) Same comparison as a) but the y-axis is 

 []


Underfull \hbox (badness 10000) in paragraph at lines 4--4
 \TU/lmr/m/n/12 rescaled ($\OML/lmm/m/it/12 log[]$\TU/lmr/m/n/12 ) to better sh
ow the negative marginal risk compar- 
 []


Underfull \hbox (badness 10000) in paragraph at lines 4--4
 \TU/lmr/m/n/12 isons. Both highlight the discrepancy between odds and risk rat
ios 
 []


Underfull \hbox (badness 10000) in paragraph at lines 4--4
 \TU/lmr/m/n/12 at various levels of marginal risk and that neither approximate
 the 
 []


Underfull \hbox (badness 10000) in paragraph at lines 5--5
 [][] [][]\TU/lmr/m/n/12 Demonstration of a non-linear relationship. a) The out
come is an 
 []


Underfull \hbox (badness 10000) in paragraph at lines 5--5
 \TU/lmr/m/n/12 exponential function of the predictor. b) When log transforming
 the 
 []


Underfull \hbox (badness 10000) in paragraph at lines 5--5
 \TU/lmr/m/n/12 outcome, the relationship becomes fairly linear. So the interpr
etation 
 []


Underfull \hbox (badness 10000) in paragraph at lines 5--5
 \TU/lmr/m/n/12 in the log transformed scale is additive, but once it is put ba
ck into 
 []


Underfull \hbox (badness 10000) in paragraph at lines 8--8
 [][] [][]\TU/lmr/m/n/12 Path diagram of the replicated models from Ford and Hi
ll (2012). 
 []


Underfull \hbox (badness 10000) in paragraph at lines 10--10
 [][] [][]\TU/lmr/m/n/12 An example of moderated mediation, where the moderator
 (denoted 
 []


Underfull \hbox (badness 10000) in paragraph at lines 11--11
 [][] [][]\TU/lmr/m/n/12 An example of a common approach to visualizing a moder
ation 
 []


Underfull \hbox (badness 10000) in paragraph at lines 12--12
 [][] [][]\TU/lmr/m/n/12 The structure of the \TU/lmtt/m/n/12 mma() \TU/lmr/m/n
/12 function. From left to right: (1) inputs 
 []


Underfull \hbox (badness 10000) in paragraph at lines 12--12
 \TU/lmr/m/n/12 inform the function of the model specifications, the indirect e
ffects 
 []


Underfull \hbox (badness 10000) in paragraph at lines 12--12
 \TU/lmr/m/n/12 to be reported, and other arguments; (2) internal processes inc
luding 
 []


Underfull \hbox (badness 10000) in paragraph at lines 12--12
 \TU/lmr/m/n/12 checks/formatting and internal calculations, (3) the output wit
h 
 []


Underfull \hbox (badness 10000) in paragraph at lines 12--12
 \TU/lmr/m/n/12 some truncated example output. Notably, the numbers along the 
 []


Underfull \hbox (badness 10000) in paragraph at lines 12--12
 \TU/lmr/m/n/12 solid arrows pointing at the \TU/lmtt/m/n/12 mma() \TU/lmr/m/n/
12 function show the order of the 
 []


Underfull \hbox (badness 10000) in paragraph at lines 12--12
 \TU/lmr/m/n/12 operations, namely checks, AMEs, indirect and direct effects, b
oot- 
 []


Underfull \hbox (badness 10000) in paragraph at lines 14--14
 [][] [][]\TU/lmr/m/n/12 The simulated differences between the decomposed total
 effect and 
 []


Underfull \hbox (badness 10000) in paragraph at lines 14--14
 \TU/lmr/m/n/12 the total effect. The discrepancies are higher for smaller samp
le sizes 
 []


Underfull \hbox (badness 10000) in paragraph at lines 15--15
 [][] [][]\TU/lmr/m/n/12 The simulated levels of power per tested sample size (
x-axis) and 
 []


Underfull \hbox (badness 10000) in paragraph at lines 15--15
 \TU/lmr/m/n/12 effect size of the indirect path (color; a combination of the a
 path by 
 []


Underfull \hbox (badness 10000) in paragraph at lines 15--15
 \TU/lmr/m/n/12 the b path) stratified by the distribution of the mediator (bin
ary or 
 []

[11

]
Underfull \hbox (badness 10000) in paragraph at lines 16--16
 [][] [][]\TU/lmr/m/n/12 The simulated accuracy per tested sample size (x-axis)
 and effect 
 []


Underfull \hbox (badness 10000) in paragraph at lines 16--16
 \TU/lmr/m/n/12 size of the indirect path (color; a combination of the a path b
y the b 
 []


Underfull \hbox (badness 10000) in paragraph at lines 17--17
 [][] [][]\TU/lmr/m/n/12 The simulated confidence interval coverage per tested 
sample size (x- 
 []


Underfull \hbox (badness 10000) in paragraph at lines 17--17
 \TU/lmr/m/n/12 axis) and effect size of the indirect effect . The ideal leve
l is set at 
 []


Underfull \hbox (badness 10000) in paragraph at lines 17--17
 \TU/lmr/m/n/12 0.95. Panel a) shows that the confidence intervals from a broad
 per- 
 []


Underfull \hbox (badness 10000) in paragraph at lines 17--17
 \TU/lmr/m/n/12 spective. Panel b) provides a closer look at the individual pat
terns of 
 []


Underfull \hbox (badness 10000) in paragraph at lines 19--19
 [][] [][]\TU/lmr/m/n/12 Results of the mediation models individual paths rega
rding reli- 
 []


Underfull \hbox (badness 10000) in paragraph at lines 19--19
 \TU/lmr/m/n/12 giosity and substance use. Note: *** p < .001, ** p < .01, * p 
< 
 []

)
\tf@lof=\write7
\openout7 = `MMNotebook.lof'.

[12]
Chapter 1.

Package hyperref Warning: The anchor of a bookmark and its parent's must not
(hyperref)                be the same. Added a new anchor on input line 353.

[1

] [2]
File: figures/Fig_SimpleMediation.jpg Graphic file (type bmp)
<figures/Fig_SimpleMediation.jpg>
[3]
LaTeX Font Info:    External font `lmex10' loaded for size
(Font)              <10> on input line 481.
LaTeX Font Info:    External font `lmex10' loaded for size
(Font)              <7> on input line 481.
LaTeX Font Info:    External font `lmex10' loaded for size
(Font)              <5> on input line 481.

Underfull \hbox (badness 10000) in paragraph at lines 481--481
[][][]\TU/lmr/m/n/10 The idea that SEM is superior to the regression paradigm
 was refuted by Hayes (2013) by
 []


Underfull \hbox (badness 10000) in paragraph at lines 481--481
\TU/lmr/m/n/10 noting that in most situations differences in the estimation is 
extremely minor and will not alter
 []


Underfull \hbox (badness 10000) in paragraph at lines 481--481
\TU/lmr/m/n/10 the conclusions. This can be seen in the small effect sizes pres
ented in Iacobucci et al. (2007).
 []


Underfull \hbox (badness 10000) in paragraph at lines 481--481
\TU/lmr/m/n/10 Further, additional assumptions inherent in the SEM approach may
 not hold, although some are
 []


Underfull \hbox (badness 10000) in paragraph at lines 481--481
\TU/lmr/m/n/10 not easily tested (e.g., multivariate normality). With this said
, SEM still provides a powerful
 []

[4]
Underfull \hbox (badness 10000) in paragraph at lines 495--495
[][][]\TU/lmr/m/n/10 The assumptions described herein are for both the regressi
on and SEM frameworks for media-
 []

[5]

Package hyperref Warning: The anchor of a bookmark and its parent's must not
(hyperref)                be the same. Added a new anchor on input line 553.

[6] [7] [8] [9] [10]

Package hyperref Warning: The anchor of a bookmark and its parent's must not
(hyperref)                be the same. Added a new anchor on input line 695.

[11]
Underfull \hbox (badness 10000) in paragraph at lines 756--756
[][][]\TU/lmr/m/n/10 For the present, only situations when a mediator or outcom
e is categorical is under considera-
 []


Package fontspec Warning: \addfontfeature(s) ignored on line 768; it cannot be
(fontspec)                used with a font that wasn't selected by a fontspec
(fontspec)                command.
(fontspec)                 
(fontspec)                 The current font is "\TU/lmr/m/n/10.95 ".
(fontspec)                  The requested feature is "RawFeature=+tnum". 


Underfull \hbox (badness 10000) in paragraph at lines 772--772
[]|\TU/lmr/m/n/12 1. Series of logistic
 []


Underfull \hbox (badness 10000) in paragraph at lines 772--772
[]|\TU/lmr/m/n/12 Simple to apply in most
 []


Underfull \hbox (badness 10000) in paragraph at lines 772--773
[]|\TU/lmr/m/n/12 Cannot obtain indirect ef-
 []


Underfull \hbox (badness 10000) in paragraph at lines 772--773
\TU/lmr/m/n/12 fect size, only useful in few
 []


Underfull \hbox (badness 10000) in paragraph at lines 773--773
[]|\TU/lmr/m/n/12 2. SEMs approach
 []


Underfull \hbox (badness 10000) in paragraph at lines 773--773
\TU/lmr/m/n/12 (polychoric correla-
 []


Underfull \hbox (badness 10000) in paragraph at lines 773--773
[]|\TU/lmr/m/n/12 Powerful, well-designed,
 []


Underfull \hbox (badness 10000) in paragraph at lines 773--773
\TU/lmr/m/n/12 Easy to implement with
 []


Underfull \hbox (badness 10000) in paragraph at lines 773--774
[]|\TU/lmr/m/n/12 Only works with ordinal vari-
 []


Underfull \hbox (badness 10000) in paragraph at lines 773--774
\TU/lmr/m/n/12 ables, only standardized effect
 []


Underfull \hbox (badness 10000) in paragraph at lines 774--774
[]|\TU/lmr/m/n/12 3. Standardize the
 []


Underfull \hbox (badness 10000) in paragraph at lines 774--774
[]|\TU/lmr/m/n/12 Provides significance
 []


Underfull \hbox (badness 10000) in paragraph at lines 774--775
[]|\TU/lmr/m/n/12 Assumptions regarding distri-
 []


Underfull \hbox (badness 10000) in paragraph at lines 774--775
\TU/lmr/m/n/12 butions, difficult to interpret
 []


Underfull \hbox (badness 10000) in paragraph at lines 775--775
[]|\TU/lmr/m/n/12 4. Interpret each
 []


Underfull \hbox (badness 10000) in paragraph at lines 775--775
[]|\TU/lmr/m/n/12 Simplest approach with
 []


Underfull \hbox (badness 10000) in paragraph at lines 775--776
[]|\TU/lmr/m/n/12 Ignores some information,
 []


Underfull \hbox (badness 10000) in paragraph at lines 775--776
\TU/lmr/m/n/12 cannot obtain indirect effect
 []


Underfull \hbox (badness 10000) in paragraph at lines 776--776
[]|\TU/lmr/m/n/12 5. Pretend all vari-
 []


Underfull \hbox (badness 10000) in paragraph at lines 776--777
[]|\TU/lmr/m/n/12 Purposeful mis-specification,
 []


Overfull \hbox (0.71855pt too wide) in paragraph at lines 768--779
 [][] 
 []

[12] [13] [14] [15]
Chapter 2.

Package hyperref Warning: The anchor of a bookmark and its parent's must not
(hyperref)                be the same. Added a new anchor on input line 870.


Underfull \hbox (badness 10000) in paragraph at lines 876--876
[][][]\TU/lmr/m/n/10 Asymptotic consistency refers to the ability to, as the sa
mple size increases, produce estimates
 []

[16

]
File: figures/OR_Prob.jpg Graphic file (type bmp)
<figures/OR_Prob.jpg>
LaTeX Font Info:    External font `lmex10' loaded for size
(Font)              <10.95> on input line 914.
[17]
File: figures/loglinear.jpg Graphic file (type bmp)
<figures/loglinear.jpg>
[18]

Package hyperref Warning: The anchor of a bookmark and its parent's must not
(hyperref)                be the same. Added a new anchor on input line 974.

[19] [20] [21]

Package fontspec Warning: \addfontfeature(s) ignored on line 1093; it cannot
(fontspec)                be used with a font that wasn't selected by a
(fontspec)                fontspec command.
(fontspec)                 
(fontspec)                 The current font is "\TU/lmr/m/n/10.95 ".
(fontspec)                  The requested feature is "RawFeature=+tnum". 

[22] [23] [24] [25]
Chapter 3.

Package hyperref Warning: The anchor of a bookmark and its parent's must not
(hyperref)                be the same. Added a new anchor on input line 1158.

[26

] [27]
Underfull \hbox (badness 10000) in paragraph at lines 1282--1282
|\TU/lmr/m/it/12 Principle 1: The individual paths are interpreted based on the
 corresponding endoge-
 []


Package hyperref Warning: The anchor of a bookmark and its parent's must not
(hyperref)                be the same. Added a new anchor on input line 1282.

[28]
Underfull \hbox (badness 10000) in paragraph at lines 1293--1293
|\TU/lmr/m/it/12 Principle 2: The indirect effect, as a combination of the $\OM
L/lmm/m/it/12 a$ \TU/lmr/m/it/12 and $\OML/lmm/m/it/12 b$ \TU/lmr/m/it/12 paths
, are inter-
 []


Underfull \hbox (badness 10000) in paragraph at lines 1313--1313
|\TU/lmr/m/it/12 Principle 3: Both the direct and total effects are interpreted
 based on the outcomes
 []

[29] [30] [31] [32]
Chapter 4.

Package hyperref Warning: The anchor of a bookmark and its parent's must not
(hyperref)                be the same. Added a new anchor on input line 1415.

[33

]

Package hyperref Warning: The anchor of a bookmark and its parent's must not
(hyperref)                be the same. Added a new anchor on input line 1452.


Underfull \hbox (badness 10000) in paragraph at lines 1470--1470
[][][]\TU/lmr/m/n/10 Reduced form refers to only having exogenous variables on 
the right-hand side of a regression
 []

[34] [35]

Package hyperref Warning: The anchor of a bookmark and its parent's must not
(hyperref)                be the same. Added a new anchor on input line 1525.

[36] [37]

Package fontspec Warning: \addfontfeature(s) ignored on line 1603; it cannot
(fontspec)                be used with a font that wasn't selected by a
(fontspec)                fontspec command.
(fontspec)                 
(fontspec)                 The current font is "\TU/lmr/m/n/10.95 ".
(fontspec)                  The requested feature is "RawFeature=+tnum". 


Package fontspec Warning: \addfontfeature(s) ignored on line 1633; it cannot
(fontspec)                be used with a font that wasn't selected by a
(fontspec)                fontspec command.
(fontspec)                 
(fontspec)                 The current font is "\TU/lmr/m/n/10.95 ".
(fontspec)                  The requested feature is "RawFeature=+tnum". 

[38]
File: figures/fig_application_model.jpg Graphic file (type bmp)
<figures/fig_application_model.jpg>

Underfull \hbox (badness 10000) in paragraph at lines 1713--1713
[][][]\TU/lmr/m/n/10 Notably, this replication study omits the heavy drinking
 outcome because positive responses
 []

[39] [40] [41] [42]
Underfull \hbox (badness 10000) in paragraph at lines 1838--1838
[][][]\TU/lmr/m/n/10 All analysis code is available on the Open Science Framewo
rk (osf.io/753kc) and in the Appen-
 []

[43] [44]
Chapter 5.

Package hyperref Warning: The anchor of a bookmark and its parent's must not
(hyperref)                be the same. Added a new anchor on input line 1864.


Package hyperref Warning: The anchor of a bookmark and its parent's must not
(hyperref)                be the same. Added a new anchor on input line 1878.

File: figures/fig_mod_med.pdf Graphic file (type pdf)
<use figures/fig_mod_med.pdf>
[45

] [46]
File: figures/fig_interaction_effect.pdf Graphic file (type pdf)
<use figures/fig_interaction_effect.pdf>
[47] [48]
Underfull \hbox (badness 10000) in paragraph at lines 2035--2035
[][][]\TU/lmr/m/n/10 The researcher can standardize the continuous predictors a
nd outcomes before performing
 []


Underfull \hbox (badness 10000) in paragraph at lines 2035--2035
\TU/lmr/m/n/10 MMA, in which case they can obtain the partial correlation estim
ates with the current version of
 []

[49]
File: figures/fig_mma_structure.pdf Graphic file (type pdf)
<use figures/fig_mma_structure.pdf>

Package fontspec Warning: \addfontfeature(s) ignored on line 2085; it cannot
(fontspec)                be used with a font that wasn't selected by a
(fontspec)                fontspec command.
(fontspec)                 
(fontspec)                 The current font is "\TU/lmtt/m/n/10.95 ".
(fontspec)                  The requested feature is "RawFeature=+tnum". 


Underfull \hbox (badness 10000) in paragraph at lines 2090--2091
[]|\TU/lmr/m/n/12 Computes the average
 []


Underfull \hbox (badness 10000) in paragraph at lines 2090--2091
\TU/lmr/m/n/12 marginal effects of a given
 []


Underfull \hbox (badness 10000) in paragraph at lines 2091--2091
[]|\TU/lmr/m/n/12 Moderated Media-
 []


Underfull \hbox (badness 10000) in paragraph at lines 2091--2092
[]|\TU/lmr/m/n/12 Computes the marginal ef-
 []


Underfull \hbox (badness 10000) in paragraph at lines 2091--2092
\TU/lmr/m/n/12 fects at various levels of a
 []


Underfull \hbox (badness 10000) in paragraph at lines 2092--2092
[]|\TU/lmr/m/n/12 Checks and format-
 []


Underfull \hbox (badness 10000) in paragraph at lines 2092--2092
[]|\TU/lmr/m/n/12 These functions perform
 []


Underfull \hbox (badness 10000) in paragraph at lines 2092--2093
[]|\TU/lmr/m/n/12 Check model specification and
 []


Overfull \hbox (1.7426pt too wide) in paragraph at lines 2093--2093
[]|[]\TU/lmtt/m/n/12 mma_std_ind_effects()
 []


Underfull \hbox (badness 10000) in paragraph at lines 2093--2093
\TU/lmr/m/n/12 and
 []


Overfull \hbox (1.7426pt too wide) in paragraph at lines 2093--2093
[]\TU/lmtt/m/n/12 mma_std_dir_effects()| 
 []


Underfull \hbox (badness 10000) in paragraph at lines 2093--2094
[]|\TU/lmr/m/n/12 Obtain the standardized in-
 []


Underfull \hbox (badness 10000) in paragraph at lines 2093--2094
\TU/lmr/m/n/12 direct and direct effects from
 []


Underfull \hbox (badness 10000) in paragraph at lines 2094--2094
[]|[]\TU/lmtt/m/n/12 mma_ind_effects() \TU/lmr/m/n/12 and
 []


Underfull \hbox (badness 10000) in paragraph at lines 2094--2095
[]|\TU/lmr/m/n/12 Obtain the unstandardized
 []


Underfull \hbox (badness 10000) in paragraph at lines 2094--2095
\TU/lmr/m/n/12 indirect and direct effects
 []


Underfull \hbox (badness 10000) in paragraph at lines 2095--2096
[]|\TU/lmr/m/n/12 Obtain the percent of media-
 []


Underfull \hbox (badness 10000) in paragraph at lines 2095--2096
\TU/lmr/m/n/12 tion for each specified path in
 []

[50] [51] [52] [53]
LaTeX Font Info:    Font shape `TU/lmtt/bx/n' in size <12> not available
(Font)              Font shape `TU/lmtt/b/n' tried instead on input line 2179.
File: figures/fig_mma_example.png Graphic file (type bmp)
<figures/fig_mma_example.png>
[54] [55]

Package hyperref Warning: The anchor of a bookmark and its parent's must not
(hyperref)                be the same. Added a new anchor on input line 2266.


Underfull \hbox (badness 10000) in paragraph at lines 2271--2271
[][][]\TU/lmr/m/n/10 The search terms included: mediation analysis and [logi
stic or generalized linear models
 []

[56]

Package hyperref Warning: The anchor of a bookmark and its parent's must not
(hyperref)                be the same. Added a new anchor on input line 2325.


Package fontspec Warning: \addfontfeature(s) ignored on line 2340; it cannot
(fontspec)                be used with a font that wasn't selected by a
(fontspec)                fontspec command.
(fontspec)                 
(fontspec)                 The current font is "\TU/lmr/m/n/10.95 ".
(fontspec)                  The requested feature is "RawFeature=+tnum". 

[57]
File: figures/fig_total_total.pdf Graphic file (type pdf)
<use figures/fig_total_total.pdf>
[58] [59]
File: figures/sim_fig_power.pdf Graphic file (type pdf)
<use figures/sim_fig_power.pdf>
[60]
File: figures/sim_fig_acc.pdf Graphic file (type pdf)
<use figures/sim_fig_acc.pdf>
File: figures/sim_fig_ci.pdf Graphic file (type pdf)
<use figures/sim_fig_ci.pdf>
[61] [62] [63] [64]
Chapter 6.

Package hyperref Warning: The anchor of a bookmark and its parent's must not
(hyperref)                be the same. Added a new anchor on input line 2523.


Underfull \hbox (badness 10000) in paragraph at lines 2546--2546
[][][]\TU/lmr/m/n/10 Perfect separability is where a predictor can perfectly pr
edict the outcome in logistic regres-
 []

[65

]
Overfull \hbox (54.59993pt too wide) in paragraph at lines 2590--2590
[]\TU/lmtt/m/n/12 ## Error in here("Data/NSDUH_2014_Results.rda"): could not fi
nd function "here" 
 []


Overfull \hbox (289.4398pt too wide) in paragraph at lines 2598--2598
[]\TU/lmtt/m/n/12 ## Error in svydesign(ids = ~1, strata = ~vestr, weights = ~a
nalwt_c, data = d1): could not find function "svydesign" 
 []


Overfull \hbox (239.9998pt too wide) in paragraph at lines 2602--2602
[]\TU/lmtt/m/n/12 ## Error in svyglm(self ~ religious + age2 + irsex + newrace2
 + irfamin3 + : could not find function "svyglm" 
 []


Overfull \hbox (239.9998pt too wide) in paragraph at lines 2606--2606
[]\TU/lmtt/m/n/12 ## Error in svyglm(peer ~ religious + age2 + irsex + newrace2
 + irfamin3 + : could not find function "svyglm" 
 []


Overfull \hbox (233.8198pt too wide) in paragraph at lines 2610--2610
[]\TU/lmtt/m/n/12 ## Error in svyglm(dep ~ religious + age2 + irsex + newrace2 
+ irfamin3 + : could not find function "svyglm" 
 []


Overfull \hbox (128.75989pt too wide) in paragraph at lines 2618--2618
[]\TU/lmtt/m/n/12 ## Error in rownames(est1) = c("Respondent", "Peer", "Depress
ion"): object []est1[] not found 
 []


Overfull \hbox (196.73987pt too wide) in paragraph at lines 2626--2626
[]\TU/lmtt/m/n/12 ## Error in svyglm(model, design = design, family = "quasibin
omial"): could not find function "svyglm" 
 []


Overfull \hbox (178.19987pt too wide) in paragraph at lines 2630--2630
[]\TU/lmtt/m/n/12 ## Error in UseMethod("vcov"): no applicable method for []vco
v[] applied to an object of class "NULL" 
 []


Overfull \hbox (159.6599pt too wide) in paragraph at lines 2634--2634
[]\TU/lmtt/m/n/12 ## Error in rownames(est2) = c("Tobacco", "Rx", "Marijuana", 
"Illicit"): object []est2[] not found 
 []

[66]

Package fontspec Warning: \addfontfeature(s) ignored on line 2658; it cannot
(fontspec)                be used with a font that wasn't selected by a
(fontspec)                fontspec command.
(fontspec)                 
(fontspec)                 The current font is "\TU/lmr/m/n/10.95 ".
(fontspec)                  The requested feature is "RawFeature=+tnum". 

[67]
File: figures/fig_application_results.pdf Graphic file (type pdf)
<use figures/fig_application_results.pdf>

Underfull \hbox (badness 10000) in paragraph at lines 2712--2712
[][][]\TU/lmr/m/n/10 Using the approach used in Ford and Hill, the total mediat
ed effects are slightly different
 []


Underfull \hbox (badness 10000) in paragraph at lines 2712--2712
\TU/lmr/m/n/10 than those estimated via the indirect and direct effects. This m
ay be due to the weighting of the
 []


Package fontspec Warning: \addfontfeature(s) ignored on line 2717; it cannot
(fontspec)                be used with a font that wasn't selected by a
(fontspec)                fontspec command.
(fontspec)                 
(fontspec)                 The current font is "\TU/lmr/m/n/10.95 ".
(fontspec)                  The requested feature is "RawFeature=+tnum". 


LaTeX Warning: Reference `fig:app' on page 68 undefined on input line 2731.

[68] [69] [70]
Chapter 7.

Package hyperref Warning: The anchor of a bookmark and its parent's must not
(hyperref)                be the same. Added a new anchor on input line 2788.


Underfull \hbox (badness 10000) in paragraph at lines 2794--2794
[][][]\TU/lmr/m/n/10 Although not a major aspect of this project, it is importa
nt to note the predictive power a
 []


Underfull \hbox (badness 10000) in paragraph at lines 2794--2794
\TU/lmr/m/n/10 specific model has. For example, a model may show a significant 
effect in a logistic regression
 []


Underfull \hbox (badness 10000) in paragraph at lines 2794--2794
\TU/lmr/m/n/10 but it may not predict the outcome above chance. In this case, t
he question turns from does X
 []


Underfull \hbox (badness 10000) in paragraph at lines 2794--2794
\TU/lmr/m/n/10 have an effect on Y? to does it predict Y? This distinction h
as important implications when
 []


Underfull \hbox (badness 10000) in paragraph at lines 2794--2794
\TU/lmr/m/n/10 it comes to intervention and prevention but involves a number of
 important concepts that cannot
 []


Underfull \hbox (badness 10000) in paragraph at lines 2794--2794
\TU/lmr/m/n/10 be covered herein (e.g., model specification including penalty p
arameters, modeling approach such
 []


Underfull \hbox (badness 10000) in paragraph at lines 2794--2794
\TU/lmr/m/n/10 as tree based approaches). This general ideathat of the importa
nce of predictive accuracyis
 []

[71

] [72] [73] [74] [75] [76]
Underfull \hbox (badness 1769) in paragraph at lines 3038--3042
 []\TU/lmr/m/n/12 Graham, J. W., Olchowski, A. E., and Gilreath, T. D. (2007). 
How many 
 []


Underfull \hbox (badness 1454) in paragraph at lines 3038--3042
 \TU/lmr/m/n/12 imputations are really needed? Some practical clarifications of
 mul- 
 []


Underfull \hbox (badness 2035) in paragraph at lines 3038--3042
 \TU/lmr/m/n/12 tiple imputation theory. \TU/lmr/m/it/12 Prevention Science\TU/
lmr/m/n/12 , \TU/lmr/m/it/12 8\TU/lmr/m/n/12 (3), 206213. []$[][][][][] [] 
 []

[77

]
Underfull \hbox (badness 1769) in paragraph at lines 3083--3087
 []\TU/lmr/m/n/12 Iacobucci, D., Saldanha, N., and Deng, X. (2007). A mediation
 on media- 
 []


Underfull \hbox (badness 1253) in paragraph at lines 3083--3087
 \TU/lmr/m/n/12 tion: Evidence that structural equation models perform better t
han 
 []


Underfull \hbox (badness 2080) in paragraph at lines 3116--3121
 []\TU/lmr/m/n/12 Lockhart, G., Phillips, S., Bolland, A., Delgado, M., Tietjen
, J., and Bol- 
 []


Underfull \hbox (badness 1902) in paragraph at lines 3116--3121
 \TU/lmr/m/n/12 land, J. (2017). Prospective Relations among Low-Income African
 
 []


Underfull \hbox (badness 1975) in paragraph at lines 3116--3121
 \TU/lmr/m/n/12 American Adolescents Maternal Attachment Security, Self-Worth,
 
 []

[78]
Underfull \hbox (badness 1454) in paragraph at lines 3150--3154
 []\TU/lmr/m/n/12 MacKinnon, D. P., Lockwood, C. M., and Williams, J. (2004). C
onfidence 
 []


Underfull \hbox (badness 1810) in paragraph at lines 3150--3154
 \TU/lmr/m/n/12 Limits for the Indirect Effect: Distribution of the Product and
 Re- 
 []


Underfull \hbox (badness 1616) in paragraph at lines 3150--3154
 \TU/lmr/m/n/12 sampling Methods. \TU/lmr/m/it/12 Multivariate Behavioral Resea
rch\TU/lmr/m/n/12 , \TU/lmr/m/it/12 39\TU/lmr/m/n/12 (1). []$[][][][][] [] 
 []


Underfull \hbox (badness 2027) in paragraph at lines 3180--3184
 \TU/lmr/m/n/12 Carlo Experiments: Design and Implementation. \TU/lmr/m/it/12 S
tructural Equa- 
 []


Underfull \hbox (badness 2418) in paragraph at lines 3180--3184
 \TU/lmr/m/it/12 tion Modeling: A Multidisciplinary Journal\TU/lmr/m/n/12 , \TU
/lmr/m/it/12 8\TU/lmr/m/n/12 (2), 287312. []$[][][][][] [] 
 []

[79] [80] [81

]

Package hyperref Warning: The anchor of a bookmark and its parent's must not
(hyperref)                be the same. Added a new anchor on input line 3270.

LaTeX Font Info:    Font shape `TU/lmtt/bx/n' in size <10.95> not available
(Font)              Font shape `TU/lmtt/b/n' tried instead on input line 3280.
[82

] [83

]
Underfull \vbox (badness 1199) detected at line 3465
 []


Overfull \vbox (0.12747pt too high) detected at line 3465
 []

[84

] [85]
Underfull \vbox (badness 10000) detected at line 3554
 []


Underfull \vbox (badness 10000) detected at line 3554
 []

[86] [87]
Underfull \vbox (badness 10000) detected at line 3670
 []

[88

]
Underfull \vbox (badness 10000) detected at line 3670
 []


Underfull \vbox (badness 10000) detected at line 3670
 []

[89]
Underfull \vbox (badness 10000) detected at line 3752
 []


Overfull \vbox (1.26564pt too high) detected at line 3752
 []

[90]
Underfull \vbox (badness 10000) detected at line 3870
 []

[91]
Underfull \vbox (badness 10000) detected at line 3870
 []


Underfull \vbox (badness 10000) detected at line 3870
 []

[92] [93] [94

]

Package hyperref Warning: The anchor of a bookmark and its parent's must not
(hyperref)                be the same. Added a new anchor on input line 3933.


Underfull \vbox (badness 10000) detected at line 4081
 []

[95

]
Underfull \vbox (badness 10000) detected at line 4081
 []


Underfull \vbox (badness 10000) detected at line 4081
 []

[96]
Underfull \vbox (badness 10000) detected at line 4081
 []


Underfull \vbox (badness 10000) detected at line 4081
 []

[97] [98]
Underfull \vbox (badness 10000) detected at line 4214
 []

[99

]
Underfull \vbox (badness 10000) detected at line 4214
 []


Underfull \vbox (badness 10000) detected at line 4214
 []

[100]
Underfull \vbox (badness 10000) detected at line 4302
 []

[101]
Underfull \vbox (badness 10000) detected at line 4302
 []


Underfull \vbox (badness 10000) detected at line 4302
 []

[102]
Underfull \vbox (badness 10000) detected at line 4378
 []

[103] [104]
Underfull \vbox (badness 10000) detected at line 4458
 []

[105

]

LaTeX Warning: Reference `tab:oldperc' on page 106 undefined on input line 4498
.


LaTeX Warning: Reference `tab:oldperc' on page 106 undefined on input line 4498
.

[106]

LaTeX Warning: Reference `fig:app' on page 107 undefined on input line 4516.


LaTeX Warning: Reference `fig:app' on page 107 undefined on input line 4516.

[107] [108

]

Package fontspec Warning: \addfontfeature(s) ignored on line 4563; it cannot
(fontspec)                be used with a font that wasn't selected by a
(fontspec)                fontspec command.
(fontspec)                 
(fontspec)                 The current font is "\TU/lmr/m/n/12 ".
(fontspec)                  The requested feature is "RawFeature=+tnum". 


Package fontspec Warning: \addfontfeature(s) ignored on line 4572; it cannot
(fontspec)                be used with a font that wasn't selected by a
(fontspec)                fontspec command.
(fontspec)                 
(fontspec)                 The current font is "\TU/lmr/bx/n/12 ".
(fontspec)                  The requested feature is "RawFeature=+tnum". 


Underfull \hbox (badness 10000) in paragraph at lines 4575--4576
[]|\TU/lmr/m/it/10 Marginal Mediation Analysis: A New Frame-
 []

[109

]
Underfull \hbox (badness 1281) in paragraph at lines 4649--4654
 \TU/lmr/m/n/12 reading achievement. \TU/lmr/m/it/12 Journal of Educational Res
earch. \TU/lmr/m/n/12 doi: 
 []

[110]
Underfull \hbox (badness 1033) in paragraph at lines 4717--4724
 \TU/lmtt/m/n/12 table1() \TU/lmr/m/n/12 and \TU/lmtt/m/n/12 tableC()\TU/lmr/m/
n/12 produce descriptive statistics and 
 []

[111] [112] [113] [114] 
AED: lastpage setting LastPage
[115]
Package atveryend Info: Empty hook `BeforeClearDocument' on input line 4988.
Package atveryend Info: Empty hook `AfterLastShipout' on input line 4988.
(MMNotebook.aux)
Package atveryend Info: Empty hook `AtVeryEndDocument' on input line 4988.
Package atveryend Info: Executing hook `AtEndAfterFileList' on input line 4988.

Package rerunfilecheck Info: File `MMNotebook.out' has not changed.
(rerunfilecheck)             Checksum: 6FE1BFFA53B312FC37D337B5E09079BA.

LaTeX Warning: There were undefined references.

 ) 
Here is how much of TeX's memory you used:
 27001 strings out of 427798
 482092 string characters out of 3148017
 653016 words of memory out of 3000000
 30672 multiletter control sequences out of 15000+200000
 561162 words of font info for 81 fonts, out of 3000000 for 9000
 1328 hyphenation exceptions out of 8191
 60i,12n,94p,1201b,477s stack positions out of 5000i,500n,10000p,200000b,50000s

Output written on MMNotebook.pdf (128 pages).
